2023-02-28 15:57:19,505	INFO	torchdistill.common.main_util	| distributed init (rank 0): env://
2023-02-28 15:57:19,525	INFO	torch.distributed.distributed_c10d	Added key: store_based_barrier_key:1 to store for rank: 0
2023-02-28 15:57:19,525	INFO	torch.distributed.distributed_c10d	Rank 0: Completed store-based barrier for key:store_based_barrier_key:1 with 1 nodes.
2023-02-28 15:57:27,325	INFO	__main__	Namespace(adjust_lr=False, config='torchdistill/configs/sample/cifar100/ce/resnet44-teacher-random_split.yaml', device='cuda', dist_url='env://', eval_period=10, log='log/cifar100/ce/resnet44-teacher-random_split.log', log_config=False, seed=None, start_epoch=0, student_only=False, test_only=False, world_size=1)
2023-02-28 15:57:27,410	INFO	__main__	Using NVIDIA GeForce RTX 2080 Ti for training
2023-02-28 15:57:27,411	INFO	torchdistill.datasets.util	Loading dummy data
2023-02-28 15:57:31,441	INFO	torchdistill.datasets.util	Splitting `dummy` dataset (50000 samples in total)
2023-02-28 15:57:31,683	INFO	torchdistill.datasets.util	new dataset_id: `cifar100/train` (25000 samples)
2023-02-28 15:57:31,683	INFO	torchdistill.datasets.util	new dataset_id: `cifar100/val` (25000 samples)
2023-02-28 15:57:31,684	INFO	torchdistill.datasets.util	dataset_id `dummy`: 4.273082971572876 sec
2023-02-28 15:57:31,684	INFO	torchdistill.datasets.util	Loading test data
2023-02-28 15:57:32,542	INFO	torchdistill.datasets.util	dataset_id `cifar100/test`: 0.8578996658325195 sec
2023-02-28 15:57:32,759	INFO	torchdistill.common.main_util	ckpt file is not found at `./resource/ckpt/cifar100/ce/cifar100-resnet44-teacher-random_split.pt`
2023-02-28 15:57:32,806	INFO	__main__	Start training
2023-02-28 15:57:32,849	INFO	torchdistill.models.util	[student model]
2023-02-28 15:57:32,850	INFO	torchdistill.models.util	Using the original student model
2023-02-28 15:57:32,851	INFO	torchdistill.core.training	Loss = 1.0 * OrgLoss
2023-02-28 15:57:58,259	INFO	torchdistill.misc.log	Epoch: [0]  [ 0/98]  eta: 0:41:14  lr: 0.1  img/s: 10.61600227881701  loss: 5.2429 (5.2429)  time: 25.2519  data: 1.1274  max mem: 994
2023-02-28 15:57:58,267	INFO	torch.nn.parallel.distributed	Reducer buckets have been rebuilt in this iteration.
2023-02-28 15:58:04,091	INFO	torchdistill.misc.log	Epoch: [0] Total time: 0:00:31
2023-02-28 15:58:04,815	INFO	torchdistill.misc.log	Epoch: [1]  [ 0/98]  eta: 0:00:58  lr: 0.09999383162408304  img/s: 2377.649644152543  loss: 4.1208 (4.1208)  time: 0.5923  data: 0.4844  max mem: 994
2023-02-28 15:58:10,793	INFO	torchdistill.misc.log	Epoch: [1] Total time: 0:00:06
2023-02-28 15:58:11,529	INFO	torchdistill.misc.log	Epoch: [2]  [ 0/98]  eta: 0:00:58  lr: 0.09997532801828658  img/s: 4208.656175159822  loss: 3.6141 (3.6141)  time: 0.5947  data: 0.5336  max mem: 994
2023-02-28 15:58:17,404	INFO	torchdistill.misc.log	Epoch: [2] Total time: 0:00:06
2023-02-28 15:58:18,173	INFO	torchdistill.misc.log	Epoch: [3]  [ 0/98]  eta: 0:01:05  lr: 0.09994449374809851  img/s: 4333.868096029965  loss: 3.2425 (3.2425)  time: 0.6683  data: 0.6090  max mem: 994
2023-02-28 15:58:23,955	INFO	torchdistill.misc.log	Epoch: [3] Total time: 0:00:06
2023-02-28 15:58:24,962	INFO	torchdistill.misc.log	Epoch: [4]  [ 0/98]  eta: 0:01:20  lr: 0.09990133642141359  img/s: 3179.5918957174754  loss: 2.9328 (2.9328)  time: 0.8222  data: 0.7414  max mem: 994
2023-02-28 15:58:30,720	INFO	torchdistill.misc.log	Epoch: [4] Total time: 0:00:06
2023-02-28 15:58:31,725	INFO	torchdistill.misc.log	Epoch: [5]  [ 0/98]  eta: 0:01:23  lr: 0.09984586668665642  img/s: 2897.0642606797596  loss: 2.9500 (2.9500)  time: 0.8539  data: 0.7654  max mem: 994
2023-02-28 15:58:37,541	INFO	torchdistill.misc.log	Epoch: [5] Total time: 0:00:06
2023-02-28 15:58:38,348	INFO	torchdistill.misc.log	Epoch: [6]  [ 0/98]  eta: 0:01:06  lr: 0.09977809823015402  img/s: 2344.3632759110064  loss: 2.5645 (2.5645)  time: 0.6832  data: 0.5738  max mem: 994
2023-02-28 15:58:44,144	INFO	torchdistill.misc.log	Epoch: [6] Total time: 0:00:06
2023-02-28 15:58:44,960	INFO	torchdistill.misc.log	Epoch: [7]  [ 0/98]  eta: 0:00:56  lr: 0.09969804777275901  img/s: 2992.699913876478  loss: 2.4189 (2.4189)  time: 0.5798  data: 0.4940  max mem: 994
2023-02-28 15:58:51,076	INFO	torchdistill.misc.log	Epoch: [7] Total time: 0:00:06
2023-02-28 15:58:51,856	INFO	torchdistill.misc.log	Epoch: [8]  [ 0/98]  eta: 0:01:01  lr: 0.09960573506572391  img/s: 2866.7669404188514  loss: 2.3011 (2.3011)  time: 0.6297  data: 0.5402  max mem: 994
2023-02-28 15:58:57,787	INFO	torchdistill.misc.log	Epoch: [8] Total time: 0:00:06
2023-02-28 15:58:58,607	INFO	torchdistill.misc.log	Epoch: [9]  [ 0/98]  eta: 0:01:07  lr: 0.09950118288582789  img/s: 2448.65331366034  loss: 2.3622 (2.3622)  time: 0.6920  data: 0.5872  max mem: 994
2023-02-28 15:59:04,522	INFO	torchdistill.misc.log	Epoch: [9] Total time: 0:00:06
2023-02-28 15:59:05,084	INFO	torchdistill.misc.log	Validation:  [ 0/98]  eta: 0:00:53  acc1: 31.6406 (31.6406)  acc5: 58.9844 (58.9844)  time: 0.5461  data: 0.4668  max mem: 994
2023-02-28 15:59:07,554	INFO	torchdistill.misc.log	Validation: Total time: 0:00:03
2023-02-28 15:59:07,555	INFO	__main__	 * Acc@1 30.3400	Acc@5 61.6480

2023-02-28 15:59:07,556	INFO	__main__	Best top-1 accuracy: 0.0000 -> 30.3400
2023-02-28 15:59:07,556	INFO	__main__	Updating ckpt at ./resource/ckpt/cifar100/ce/cifar100-resnet44-teacher-random_split.pt
2023-02-28 15:59:08,465	INFO	torchdistill.misc.log	Epoch: [10]  [ 0/98]  eta: 0:01:16  lr: 0.09938441702975691  img/s: 2050.620536345198  loss: 2.2172 (2.2172)  time: 0.7826  data: 0.6575  max mem: 994
2023-02-28 15:59:14,347	INFO	torchdistill.misc.log	Epoch: [10] Total time: 0:00:06
2023-02-28 15:59:15,377	INFO	torchdistill.misc.log	Epoch: [11]  [ 0/98]  eta: 0:01:26  lr: 0.09925546630773871  img/s: 2430.3853652905505  loss: 1.8812 (1.8812)  time: 0.8857  data: 0.7801  max mem: 994
2023-02-28 15:59:21,172	INFO	torchdistill.misc.log	Epoch: [11] Total time: 0:00:06
2023-02-28 15:59:21,918	INFO	torchdistill.misc.log	Epoch: [12]  [ 0/98]  eta: 0:00:57  lr: 0.09911436253643445  img/s: 2654.4062218025133  loss: 2.0082 (2.0082)  time: 0.5900  data: 0.4934  max mem: 994
2023-02-28 15:59:28,015	INFO	torchdistill.misc.log	Epoch: [12] Total time: 0:00:06
2023-02-28 15:59:29,007	INFO	torchdistill.misc.log	Epoch: [13]  [ 0/98]  eta: 0:01:13  lr: 0.0989611405310883  img/s: 2979.1157168105256  loss: 1.7823 (1.7823)  time: 0.7490  data: 0.6628  max mem: 994
2023-02-28 15:59:34,943	INFO	torchdistill.misc.log	Epoch: [13] Total time: 0:00:06
2023-02-28 15:59:35,820	INFO	torchdistill.misc.log	Epoch: [14]  [ 0/98]  eta: 0:01:13  lr: 0.09879583809693739  img/s: 2245.6077230671417  loss: 1.7540 (1.7540)  time: 0.7526  data: 0.6384  max mem: 994
2023-02-28 15:59:41,775	INFO	torchdistill.misc.log	Epoch: [14] Total time: 0:00:06
2023-02-28 15:59:42,664	INFO	torchdistill.misc.log	Epoch: [15]  [ 0/98]  eta: 0:01:13  lr: 0.09861849601988384  img/s: 1971.713294636348  loss: 1.7568 (1.7568)  time: 0.7531  data: 0.6231  max mem: 994
2023-02-28 15:59:48,519	INFO	torchdistill.misc.log	Epoch: [15] Total time: 0:00:06
2023-02-28 15:59:49,462	INFO	torchdistill.misc.log	Epoch: [16]  [ 0/98]  eta: 0:01:17  lr: 0.09842915805643157  img/s: 2256.3526640399264  loss: 1.6940 (1.6940)  time: 0.7956  data: 0.6819  max mem: 994
2023-02-28 15:59:55,209	INFO	torchdistill.misc.log	Epoch: [16] Total time: 0:00:06
2023-02-28 15:59:56,040	INFO	torchdistill.misc.log	Epoch: [17]  [ 0/98]  eta: 0:01:07  lr: 0.09822787092288993  img/s: 3965.1024896786535  loss: 1.6237 (1.6237)  time: 0.6920  data: 0.6272  max mem: 994
2023-02-28 16:00:01,990	INFO	torchdistill.misc.log	Epoch: [17] Total time: 0:00:06
2023-02-28 16:00:02,897	INFO	torchdistill.misc.log	Epoch: [18]  [ 0/98]  eta: 0:01:15  lr: 0.09801468428384717  img/s: 2178.1343546384724  loss: 1.6778 (1.6778)  time: 0.7724  data: 0.6546  max mem: 994
2023-02-28 16:00:08,908	INFO	torchdistill.misc.log	Epoch: [18] Total time: 0:00:06
2023-02-28 16:00:09,809	INFO	torchdistill.misc.log	Epoch: [19]  [ 0/98]  eta: 0:01:17  lr: 0.09778965073991652  img/s: 2517.430065905004  loss: 1.5171 (1.5171)  time: 0.7878  data: 0.6859  max mem: 994
2023-02-28 16:00:15,705	INFO	torchdistill.misc.log	Epoch: [19] Total time: 0:00:06
2023-02-28 16:00:16,343	INFO	torchdistill.misc.log	Validation:  [ 0/98]  eta: 0:01:00  acc1: 41.4062 (41.4062)  acc5: 70.7031 (70.7031)  time: 0.6224  data: 0.5807  max mem: 994
2023-02-28 16:00:18,753	INFO	torchdistill.misc.log	Validation: Total time: 0:00:03
2023-02-28 16:00:18,755	INFO	__main__	 * Acc@1 42.1600	Acc@5 72.9520

2023-02-28 16:00:18,755	INFO	__main__	Best top-1 accuracy: 30.3400 -> 42.1600
2023-02-28 16:00:18,755	INFO	__main__	Updating ckpt at ./resource/ckpt/cifar100/ce/cifar100-resnet44-teacher-random_split.pt
2023-02-28 16:00:19,584	INFO	torchdistill.misc.log	Epoch: [20]  [ 0/98]  eta: 0:01:09  lr: 0.0975528258147577  img/s: 2583.4949183862027  loss: 1.4212 (1.4212)  time: 0.7057  data: 0.6064  max mem: 994
2023-02-28 16:00:25,451	INFO	torchdistill.misc.log	Epoch: [20] Total time: 0:00:06
2023-02-28 16:00:26,299	INFO	torchdistill.misc.log	Epoch: [21]  [ 0/98]  eta: 0:01:09  lr: 0.09730426794137728  img/s: 1741.5974061152228  loss: 1.5249 (1.5249)  time: 0.7056  data: 0.5584  max mem: 994
2023-02-28 16:00:32,310	INFO	torchdistill.misc.log	Epoch: [21] Total time: 0:00:06
2023-02-28 16:00:33,065	INFO	torchdistill.misc.log	Epoch: [22]  [ 0/98]  eta: 0:01:02  lr: 0.09704403844771128  img/s: 3108.4838705008065  loss: 1.4018 (1.4018)  time: 0.6406  data: 0.5580  max mem: 994
2023-02-28 16:00:39,095	INFO	torchdistill.misc.log	Epoch: [22] Total time: 0:00:06
2023-02-28 16:00:40,085	INFO	torchdistill.misc.log	Epoch: [23]  [ 0/98]  eta: 0:01:22  lr: 0.09677220154149338  img/s: 2324.619666594501  loss: 1.2937 (1.2937)  time: 0.8425  data: 0.7321  max mem: 994
2023-02-28 16:00:45,976	INFO	torchdistill.misc.log	Epoch: [23] Total time: 0:00:06
2023-02-28 16:00:46,869	INFO	torchdistill.misc.log	Epoch: [24]  [ 0/98]  eta: 0:01:12  lr: 0.09648882429441258  img/s: 2213.9189271664095  loss: 1.5019 (1.5019)  time: 0.7380  data: 0.6221  max mem: 994
2023-02-28 16:00:52,882	INFO	torchdistill.misc.log	Epoch: [24] Total time: 0:00:06
2023-02-28 16:00:53,939	INFO	torchdistill.misc.log	Epoch: [25]  [ 0/98]  eta: 0:01:22  lr: 0.09619397662556435  img/s: 2170.0302624266124  loss: 1.4364 (1.4364)  time: 0.8376  data: 0.7194  max mem: 994
2023-02-28 16:00:59,842	INFO	torchdistill.misc.log	Epoch: [25] Total time: 0:00:06
2023-02-28 16:01:00,724	INFO	torchdistill.misc.log	Epoch: [26]  [ 0/98]  eta: 0:01:14  lr: 0.09588773128419906  img/s: 2715.8585188182924  loss: 1.2607 (1.2607)  time: 0.7614  data: 0.6670  max mem: 994
2023-02-28 16:01:06,655	INFO	torchdistill.misc.log	Epoch: [26] Total time: 0:00:06
2023-02-28 16:01:07,376	INFO	torchdistill.misc.log	Epoch: [27]  [ 0/98]  eta: 0:00:59  lr: 0.09557016383177226  img/s: 2927.4180834705608  loss: 1.0981 (1.0981)  time: 0.6119  data: 0.5243  max mem: 994
2023-02-28 16:01:13,321	INFO	torchdistill.misc.log	Epoch: [27] Total time: 0:00:06
2023-02-28 16:01:14,064	INFO	torchdistill.misc.log	Epoch: [28]  [ 0/98]  eta: 0:00:57  lr: 0.09524135262330098  img/s: 2842.677482381222  loss: 1.2244 (1.2244)  time: 0.5844  data: 0.4942  max mem: 994
2023-02-28 16:01:20,109	INFO	torchdistill.misc.log	Epoch: [28] Total time: 0:00:06
2023-02-28 16:01:20,872	INFO	torchdistill.misc.log	Epoch: [29]  [ 0/98]  eta: 0:01:01  lr: 0.09490137878803079  img/s: 2690.2394588161605  loss: 1.3035 (1.3035)  time: 0.6286  data: 0.5332  max mem: 994
2023-02-28 16:01:26,845	INFO	torchdistill.misc.log	Epoch: [29] Total time: 0:00:06
2023-02-28 16:01:27,336	INFO	torchdistill.misc.log	Validation:  [ 0/98]  eta: 0:00:46  acc1: 45.3125 (45.3125)  acc5: 78.5156 (78.5156)  time: 0.4753  data: 0.4482  max mem: 994
2023-02-28 16:01:29,844	INFO	torchdistill.misc.log	Validation: Total time: 0:00:02
2023-02-28 16:01:29,845	INFO	__main__	 * Acc@1 46.6880	Acc@5 78.2440

2023-02-28 16:01:29,846	INFO	__main__	Best top-1 accuracy: 42.1600 -> 46.6880
2023-02-28 16:01:29,846	INFO	__main__	Updating ckpt at ./resource/ckpt/cifar100/ce/cifar100-resnet44-teacher-random_split.pt
2023-02-28 16:01:30,722	INFO	torchdistill.misc.log	Epoch: [30]  [ 0/98]  eta: 0:01:14  lr: 0.0945503262094184  img/s: 2573.18647146647  loss: 1.2699 (1.2699)  time: 0.7610  data: 0.6613  max mem: 994
2023-02-28 16:01:36,691	INFO	torchdistill.misc.log	Epoch: [30] Total time: 0:00:06
2023-02-28 16:01:37,581	INFO	torchdistill.misc.log	Epoch: [31]  [ 0/98]  eta: 0:01:16  lr: 0.0941882815044347  img/s: 1809.4373285339695  loss: 1.2844 (1.2844)  time: 0.7790  data: 0.6373  max mem: 994
2023-02-28 16:01:43,473	INFO	torchdistill.misc.log	Epoch: [31] Total time: 0:00:06
2023-02-28 16:01:44,522	INFO	torchdistill.misc.log	Epoch: [32]  [ 0/98]  eta: 0:01:25  lr: 0.09381533400219319  img/s: 4242.814618706855  loss: 1.2224 (1.2224)  time: 0.8730  data: 0.8125  max mem: 994
2023-02-28 16:01:50,275	INFO	torchdistill.misc.log	Epoch: [32] Total time: 0:00:06
2023-02-28 16:01:51,164	INFO	torchdistill.misc.log	Epoch: [33]  [ 0/98]  eta: 0:01:00  lr: 0.09343157572190958  img/s: 2655.995171555714  loss: 1.0683 (1.0683)  time: 0.6141  data: 0.5175  max mem: 994
2023-02-28 16:01:57,199	INFO	torchdistill.misc.log	Epoch: [33] Total time: 0:00:06
2023-02-28 16:01:58,104	INFO	torchdistill.misc.log	Epoch: [34]  [ 0/98]  eta: 0:01:16  lr: 0.0930371013501972  img/s: 3317.8375846267463  loss: 0.9739 (0.9739)  time: 0.7834  data: 0.7060  max mem: 994
2023-02-28 16:02:03,931	INFO	torchdistill.misc.log	Epoch: [34] Total time: 0:00:06
2023-02-28 16:02:04,809	INFO	torchdistill.misc.log	Epoch: [35]  [ 0/98]  eta: 0:01:13  lr: 0.09263200821770463  img/s: 2958.1946376029005  loss: 1.0292 (1.0292)  time: 0.7450  data: 0.6582  max mem: 994
2023-02-28 16:02:10,748	INFO	torchdistill.misc.log	Epoch: [35] Total time: 0:00:06
2023-02-28 16:02:11,594	INFO	torchdistill.misc.log	Epoch: [36]  [ 0/98]  eta: 0:01:07  lr: 0.09221639627510078  img/s: 4289.545310727241  loss: 1.0385 (1.0385)  time: 0.6878  data: 0.6279  max mem: 994
2023-02-28 16:02:17,567	INFO	torchdistill.misc.log	Epoch: [36] Total time: 0:00:06
2023-02-28 16:02:18,437	INFO	torchdistill.misc.log	Epoch: [37]  [ 0/98]  eta: 0:01:12  lr: 0.09179036806841355  img/s: 2612.065643321089  loss: 1.0299 (1.0299)  time: 0.7382  data: 0.6399  max mem: 994
2023-02-28 16:02:24,259	INFO	torchdistill.misc.log	Epoch: [37] Total time: 0:00:06
2023-02-28 16:02:25,010	INFO	torchdistill.misc.log	Epoch: [38]  [ 0/98]  eta: 0:00:58  lr: 0.09135402871372812  img/s: 2454.7663959068245  loss: 1.0979 (1.0979)  time: 0.5957  data: 0.4912  max mem: 994
2023-02-28 16:02:31,030	INFO	torchdistill.misc.log	Epoch: [38] Total time: 0:00:06
2023-02-28 16:02:31,896	INFO	torchdistill.misc.log	Epoch: [39]  [ 0/98]  eta: 0:01:13  lr: 0.0909074858712512  img/s: 2281.489197504632  loss: 0.9693 (0.9693)  time: 0.7492  data: 0.6368  max mem: 994
2023-02-28 16:02:37,804	INFO	torchdistill.misc.log	Epoch: [39] Total time: 0:00:06
2023-02-28 16:02:38,306	INFO	torchdistill.misc.log	Validation:  [ 0/98]  eta: 0:00:47  acc1: 44.1406 (44.1406)  acc5: 77.7344 (77.7344)  time: 0.4872  data: 0.4508  max mem: 994
2023-02-28 16:02:40,840	INFO	torchdistill.misc.log	Validation: Total time: 0:00:03
2023-02-28 16:02:40,841	INFO	__main__	 * Acc@1 46.6680	Acc@5 77.6720

2023-02-28 16:02:41,873	INFO	torchdistill.misc.log	Epoch: [40]  [ 0/98]  eta: 0:01:25  lr: 0.09045084971874741  img/s: 3249.961632756836  loss: 1.0929 (1.0929)  time: 0.8733  data: 0.7943  max mem: 994
2023-02-28 16:02:47,680	INFO	torchdistill.misc.log	Epoch: [40] Total time: 0:00:06
2023-02-28 16:02:48,364	INFO	torchdistill.misc.log	Epoch: [41]  [ 0/98]  eta: 0:00:55  lr: 0.08998423292435458  img/s: 4015.3240666988268  loss: 1.0239 (1.0239)  time: 0.5690  data: 0.5050  max mem: 994
2023-02-28 16:02:54,491	INFO	torchdistill.misc.log	Epoch: [41] Total time: 0:00:06
2023-02-28 16:02:55,194	INFO	torchdistill.misc.log	Epoch: [42]  [ 0/98]  eta: 0:00:57  lr: 0.08950775061878455  img/s: 2820.463055921113  loss: 0.9628 (0.9628)  time: 0.5866  data: 0.4956  max mem: 994
2023-02-28 16:03:01,142	INFO	torchdistill.misc.log	Epoch: [42] Total time: 0:00:06
2023-02-28 16:03:02,043	INFO	torchdistill.misc.log	Epoch: [43]  [ 0/98]  eta: 0:01:14  lr: 0.08902152036691653  img/s: 2024.4879095435888  loss: 0.9926 (0.9926)  time: 0.7631  data: 0.6365  max mem: 994
2023-02-28 16:03:07,881	INFO	torchdistill.misc.log	Epoch: [43] Total time: 0:00:06
2023-02-28 16:03:08,814	INFO	torchdistill.misc.log	Epoch: [44]  [ 0/98]  eta: 0:01:19  lr: 0.08852566213878951  img/s: 2941.8551404429736  loss: 0.9933 (0.9933)  time: 0.8100  data: 0.7227  max mem: 994
2023-02-28 16:03:14,640	INFO	torchdistill.misc.log	Epoch: [44] Total time: 0:00:06
2023-02-28 16:03:15,480	INFO	torchdistill.misc.log	Epoch: [45]  [ 0/98]  eta: 0:01:01  lr: 0.0880202982800016  img/s: 3164.598152656367  loss: 1.0980 (1.0980)  time: 0.6282  data: 0.5472  max mem: 994
2023-02-28 16:03:21,493	INFO	torchdistill.misc.log	Epoch: [45] Total time: 0:00:06
2023-02-28 16:03:22,538	INFO	torchdistill.misc.log	Epoch: [46]  [ 0/98]  eta: 0:01:29  lr: 0.08750555348152303  img/s: 2933.5444973252975  loss: 1.0196 (1.0196)  time: 0.9094  data: 0.8219  max mem: 994
2023-02-28 16:03:28,213	INFO	torchdistill.misc.log	Epoch: [46] Total time: 0:00:06
2023-02-28 16:03:28,904	INFO	torchdistill.misc.log	Epoch: [47]  [ 0/98]  eta: 0:00:54  lr: 0.08698155474893052  img/s: 4139.1849319029025  loss: 0.9627 (0.9627)  time: 0.5565  data: 0.4944  max mem: 994
2023-02-28 16:03:35,084	INFO	torchdistill.misc.log	Epoch: [47] Total time: 0:00:06
2023-02-28 16:03:36,119	INFO	torchdistill.misc.log	Epoch: [48]  [ 0/98]  eta: 0:01:29  lr: 0.08644843137107061  img/s: 4109.8906980838865  loss: 1.0638 (1.0638)  time: 0.9099  data: 0.8473  max mem: 994
2023-02-28 16:03:41,951	INFO	torchdistill.misc.log	Epoch: [48] Total time: 0:00:06
2023-02-28 16:03:42,867	INFO	torchdistill.misc.log	Epoch: [49]  [ 0/98]  eta: 0:01:15  lr: 0.08590631488815947  img/s: 2278.8599225340904  loss: 0.9907 (0.9907)  time: 0.7686  data: 0.6560  max mem: 994
2023-02-28 16:03:48,739	INFO	torchdistill.misc.log	Epoch: [49] Total time: 0:00:06
2023-02-28 16:03:49,370	INFO	torchdistill.misc.log	Validation:  [ 0/98]  eta: 0:01:00  acc1: 49.2188 (49.2188)  acc5: 74.2188 (74.2188)  time: 0.6188  data: 0.5835  max mem: 994
2023-02-28 16:03:51,742	INFO	torchdistill.misc.log	Validation: Total time: 0:00:02
2023-02-28 16:03:51,743	INFO	__main__	 * Acc@1 47.4560	Acc@5 77.5560

2023-02-28 16:03:51,744	INFO	__main__	Best top-1 accuracy: 46.6880 -> 47.4560
2023-02-28 16:03:51,744	INFO	__main__	Updating ckpt at ./resource/ckpt/cifar100/ce/cifar100-resnet44-teacher-random_split.pt
2023-02-28 16:03:52,779	INFO	torchdistill.misc.log	Epoch: [50]  [ 0/98]  eta: 0:01:28  lr: 0.0853553390593274  img/s: 2663.7768835743877  loss: 0.7967 (0.7967)  time: 0.9036  data: 0.8073  max mem: 994
2023-02-28 16:03:58,586	INFO	torchdistill.misc.log	Epoch: [50] Total time: 0:00:06
2023-02-28 16:03:59,532	INFO	torchdistill.misc.log	Epoch: [51]  [ 0/98]  eta: 0:01:21  lr: 0.08479563982961574  img/s: 2068.25301163046  loss: 0.9960 (0.9960)  time: 0.8289  data: 0.7049  max mem: 994
2023-02-28 16:04:05,473	INFO	torchdistill.misc.log	Epoch: [51] Total time: 0:00:06
2023-02-28 16:04:06,361	INFO	torchdistill.misc.log	Epoch: [52]  [ 0/98]  eta: 0:01:10  lr: 0.08422735529643446  img/s: 3387.636331512909  loss: 0.8851 (0.8851)  time: 0.7201  data: 0.6443  max mem: 994
2023-02-28 16:04:12,296	INFO	torchdistill.misc.log	Epoch: [52] Total time: 0:00:06
2023-02-28 16:04:13,102	INFO	torchdistill.misc.log	Epoch: [53]  [ 0/98]  eta: 0:01:06  lr: 0.08365062567548869  img/s: 2769.3886381339016  loss: 1.0200 (1.0200)  time: 0.6796  data: 0.5869  max mem: 994
2023-02-28 16:04:19,065	INFO	torchdistill.misc.log	Epoch: [53] Total time: 0:00:06
2023-02-28 16:04:19,917	INFO	torchdistill.misc.log	Epoch: [54]  [ 0/98]  eta: 0:01:11  lr: 0.08306559326618261  img/s: 2420.9928998699024  loss: 0.8552 (0.8552)  time: 0.7345  data: 0.6285  max mem: 994
2023-02-28 16:04:25,840	INFO	torchdistill.misc.log	Epoch: [54] Total time: 0:00:06
2023-02-28 16:04:26,580	INFO	torchdistill.misc.log	Epoch: [55]  [ 0/98]  eta: 0:00:59  lr: 0.0824724024165092  img/s: 2970.305909950981  loss: 0.9058 (0.9058)  time: 0.6087  data: 0.5223  max mem: 994
2023-02-28 16:04:32,698	INFO	torchdistill.misc.log	Epoch: [55] Total time: 0:00:06
2023-02-28 16:04:33,607	INFO	torchdistill.misc.log	Epoch: [56]  [ 0/98]  eta: 0:01:11  lr: 0.0818711994874345  img/s: 2053.3930707137542  loss: 0.7987 (0.7987)  time: 0.7325  data: 0.6076  max mem: 994
2023-02-28 16:04:39,499	INFO	torchdistill.misc.log	Epoch: [56] Total time: 0:00:06
2023-02-28 16:04:40,400	INFO	torchdistill.misc.log	Epoch: [57]  [ 0/98]  eta: 0:01:10  lr: 0.08126213281678528  img/s: 2632.1072314556063  loss: 0.9445 (0.9445)  time: 0.7211  data: 0.6236  max mem: 994
2023-02-28 16:04:46,255	INFO	torchdistill.misc.log	Epoch: [57] Total time: 0:00:06
2023-02-28 16:04:47,256	INFO	torchdistill.misc.log	Epoch: [58]  [ 0/98]  eta: 0:01:23  lr: 0.08064535268264884  img/s: 2983.6853316882994  loss: 0.9137 (0.9137)  time: 0.8551  data: 0.7690  max mem: 994
2023-02-28 16:04:53,114	INFO	torchdistill.misc.log	Epoch: [58] Total time: 0:00:06
2023-02-28 16:04:54,174	INFO	torchdistill.misc.log	Epoch: [59]  [ 0/98]  eta: 0:01:31  lr: 0.08002101126629421  img/s: 4152.133890177881  loss: 0.8705 (0.8705)  time: 0.9310  data: 0.8691  max mem: 994
2023-02-28 16:04:59,855	INFO	torchdistill.misc.log	Epoch: [59] Total time: 0:00:06
2023-02-28 16:05:00,388	INFO	torchdistill.misc.log	Validation:  [ 0/98]  eta: 0:00:50  acc1: 44.9219 (44.9219)  acc5: 75.0000 (75.0000)  time: 0.5188  data: 0.4918  max mem: 994
2023-02-28 16:05:02,977	INFO	torchdistill.misc.log	Validation: Total time: 0:00:03
2023-02-28 16:05:02,979	INFO	__main__	 * Acc@1 46.8360	Acc@5 77.7920

2023-02-28 16:05:03,966	INFO	torchdistill.misc.log	Epoch: [60]  [ 0/98]  eta: 0:01:23  lr: 0.07938926261462367  img/s: 3233.8991226617113  loss: 0.7850 (0.7850)  time: 0.8502  data: 0.7708  max mem: 994
2023-02-28 16:05:09,693	INFO	torchdistill.misc.log	Epoch: [60] Total time: 0:00:06
2023-02-28 16:05:10,700	INFO	torchdistill.misc.log	Epoch: [61]  [ 0/98]  eta: 0:01:21  lr: 0.07875026260216395  img/s: 2393.0647374907785  loss: 0.7909 (0.7909)  time: 0.8320  data: 0.7248  max mem: 994
2023-02-28 16:05:16,476	INFO	torchdistill.misc.log	Epoch: [61] Total time: 0:00:06
2023-02-28 16:05:17,297	INFO	torchdistill.misc.log	Epoch: [62]  [ 0/98]  eta: 0:01:07  lr: 0.07810416889260656  img/s: 4215.049948967575  loss: 0.8192 (0.8192)  time: 0.6905  data: 0.6296  max mem: 994
2023-02-28 16:05:23,229	INFO	torchdistill.misc.log	Epoch: [62] Total time: 0:00:06
2023-02-28 16:05:24,024	INFO	torchdistill.misc.log	Epoch: [63]  [ 0/98]  eta: 0:01:05  lr: 0.07745114089990661  img/s: 2760.730159872883  loss: 0.6723 (0.6723)  time: 0.6683  data: 0.5754  max mem: 994
2023-02-28 16:05:30,032	INFO	torchdistill.misc.log	Epoch: [63] Total time: 0:00:06
2023-02-28 16:05:30,814	INFO	torchdistill.misc.log	Epoch: [64]  [ 0/98]  eta: 0:01:02  lr: 0.07679133974894985  img/s: 2963.9106086034803  loss: 0.9902 (0.9902)  time: 0.6373  data: 0.5507  max mem: 994
2023-02-28 16:05:36,722	INFO	torchdistill.misc.log	Epoch: [64] Total time: 0:00:06
2023-02-28 16:05:37,561	INFO	torchdistill.misc.log	Epoch: [65]  [ 0/98]  eta: 0:01:06  lr: 0.07612492823579746  img/s: 2407.843797862917  loss: 0.8241 (0.8241)  time: 0.6751  data: 0.5685  max mem: 994
2023-02-28 16:05:43,554	INFO	torchdistill.misc.log	Epoch: [65] Total time: 0:00:06
2023-02-28 16:05:44,528	INFO	torchdistill.misc.log	Epoch: [66]  [ 0/98]  eta: 0:01:19  lr: 0.07545207078751859  img/s: 2576.4650845830834  loss: 0.7531 (0.7531)  time: 0.8090  data: 0.7095  max mem: 994
2023-02-28 16:05:50,449	INFO	torchdistill.misc.log	Epoch: [66] Total time: 0:00:06
2023-02-28 16:05:51,385	INFO	torchdistill.misc.log	Epoch: [67]  [ 0/98]  eta: 0:01:17  lr: 0.0747729334216204  img/s: 2149.947487821043  loss: 0.6351 (0.6351)  time: 0.7956  data: 0.6763  max mem: 994
2023-02-28 16:05:57,189	INFO	torchdistill.misc.log	Epoch: [67] Total time: 0:00:06
2023-02-28 16:05:57,994	INFO	torchdistill.misc.log	Epoch: [68]  [ 0/98]  eta: 0:01:07  lr: 0.07408768370508578  img/s: 2856.1673041831364  loss: 0.6989 (0.6989)  time: 0.6856  data: 0.5957  max mem: 994
2023-02-28 16:06:03,867	INFO	torchdistill.misc.log	Epoch: [68] Total time: 0:00:06
2023-02-28 16:06:04,550	INFO	torchdistill.misc.log	Epoch: [69]  [ 0/98]  eta: 0:00:56  lr: 0.0733964907130287  img/s: 2964.7126077520747  loss: 0.7625 (0.7625)  time: 0.5803  data: 0.4937  max mem: 994
2023-02-28 16:06:10,558	INFO	torchdistill.misc.log	Epoch: [69] Total time: 0:00:06
2023-02-28 16:06:11,118	INFO	torchdistill.misc.log	Validation:  [ 0/98]  eta: 0:00:53  acc1: 44.5312 (44.5312)  acc5: 76.9531 (76.9531)  time: 0.5430  data: 0.5075  max mem: 994
2023-02-28 16:06:13,592	INFO	torchdistill.misc.log	Validation: Total time: 0:00:03
2023-02-28 16:06:13,593	INFO	__main__	 * Acc@1 45.0200	Acc@5 75.9320

2023-02-28 16:06:14,360	INFO	torchdistill.misc.log	Epoch: [70]  [ 0/98]  eta: 0:00:56  lr: 0.07269952498697736  img/s: 2769.474354278758  loss: 0.7319 (0.7319)  time: 0.5808  data: 0.4882  max mem: 994
2023-02-28 16:06:20,358	INFO	torchdistill.misc.log	Epoch: [70] Total time: 0:00:06
2023-02-28 16:06:21,186	INFO	torchdistill.misc.log	Epoch: [71]  [ 0/98]  eta: 0:01:07  lr: 0.07199695849279578  img/s: 3081.79873369038  loss: 0.6613 (0.6613)  time: 0.6867  data: 0.6034  max mem: 994
2023-02-28 16:06:27,088	INFO	torchdistill.misc.log	Epoch: [71] Total time: 0:00:06
2023-02-28 16:06:27,816	INFO	torchdistill.misc.log	Epoch: [72]  [ 0/98]  eta: 0:00:58  lr: 0.07128896457825366  img/s: 2437.98407890614  loss: 0.7152 (0.7152)  time: 0.6002  data: 0.4950  max mem: 994
2023-02-28 16:06:33,880	INFO	torchdistill.misc.log	Epoch: [72] Total time: 0:00:06
2023-02-28 16:06:34,886	INFO	torchdistill.misc.log	Epoch: [73]  [ 0/98]  eta: 0:01:25  lr: 0.07057571793025548  img/s: 3327.265420966193  loss: 0.6133 (0.6133)  time: 0.8773  data: 0.8002  max mem: 994
2023-02-28 16:06:40,620	INFO	torchdistill.misc.log	Epoch: [73] Total time: 0:00:06
2023-02-28 16:06:41,369	INFO	torchdistill.misc.log	Epoch: [74]  [ 0/98]  eta: 0:01:01  lr: 0.06985739453173906  img/s: 2337.6312490611303  loss: 0.7505 (0.7505)  time: 0.6305  data: 0.5207  max mem: 994
2023-02-28 16:06:47,463	INFO	torchdistill.misc.log	Epoch: [74] Total time: 0:00:06
2023-02-28 16:06:48,458	INFO	torchdistill.misc.log	Epoch: [75]  [ 0/98]  eta: 0:01:23  lr: 0.06913417161825453  img/s: 2473.643428639883  loss: 0.6103 (0.6103)  time: 0.8557  data: 0.7519  max mem: 994
2023-02-28 16:06:54,332	INFO	torchdistill.misc.log	Epoch: [75] Total time: 0:00:06
2023-02-28 16:06:55,084	INFO	torchdistill.misc.log	Epoch: [76]  [ 0/98]  eta: 0:00:58  lr: 0.06840622763423394  img/s: 2545.9684451631565  loss: 0.7666 (0.7666)  time: 0.5991  data: 0.4983  max mem: 994
2023-02-28 16:07:01,065	INFO	torchdistill.misc.log	Epoch: [76] Total time: 0:00:06
2023-02-28 16:07:01,791	INFO	torchdistill.misc.log	Epoch: [77]  [ 0/98]  eta: 0:01:01  lr: 0.0676737421889629  img/s: 2703.8561222819585  loss: 0.7502 (0.7502)  time: 0.6227  data: 0.5278  max mem: 994
2023-02-28 16:07:07,757	INFO	torchdistill.misc.log	Epoch: [77] Total time: 0:00:06
2023-02-28 16:07:08,697	INFO	torchdistill.misc.log	Epoch: [78]  [ 0/98]  eta: 0:01:17  lr: 0.06693689601226462  img/s: 2501.3146101180837  loss: 0.6540 (0.6540)  time: 0.7913  data: 0.6887  max mem: 994
2023-02-28 16:07:14,510	INFO	torchdistill.misc.log	Epoch: [78] Total time: 0:00:06
2023-02-28 16:07:15,451	INFO	torchdistill.misc.log	Epoch: [79]  [ 0/98]  eta: 0:01:18  lr: 0.06619587090990751  img/s: 3119.5288320743753  loss: 0.6788 (0.6788)  time: 0.7981  data: 0.7053  max mem: 994
2023-02-28 16:07:21,250	INFO	torchdistill.misc.log	Epoch: [79] Total time: 0:00:06
2023-02-28 16:07:21,845	INFO	torchdistill.misc.log	Validation:  [ 0/98]  eta: 0:00:56  acc1: 50.7812 (50.7812)  acc5: 80.4688 (80.4688)  time: 0.5772  data: 0.5563  max mem: 994
2023-02-28 16:07:24,263	INFO	torchdistill.misc.log	Validation: Total time: 0:00:02
2023-02-28 16:07:24,264	INFO	__main__	 * Acc@1 52.0200	Acc@5 80.9440

2023-02-28 16:07:24,265	INFO	__main__	Best top-1 accuracy: 47.4560 -> 52.0200
2023-02-28 16:07:24,265	INFO	__main__	Updating ckpt at ./resource/ckpt/cifar100/ce/cifar100-resnet44-teacher-random_split.pt
2023-02-28 16:07:25,358	INFO	torchdistill.misc.log	Epoch: [80]  [ 0/98]  eta: 0:01:25  lr: 0.06545084971874741  img/s: 2475.867912738106  loss: 0.8183 (0.8183)  time: 0.8723  data: 0.7687  max mem: 994
2023-02-28 16:07:31,043	INFO	torchdistill.misc.log	Epoch: [80] Total time: 0:00:06
2023-02-28 16:07:31,966	INFO	torchdistill.misc.log	Epoch: [81]  [ 0/98]  eta: 0:01:19  lr: 0.06470201626161524  img/s: 2636.243123005156  loss: 0.5709 (0.5709)  time: 0.8079  data: 0.7070  max mem: 994
2023-02-28 16:07:37,840	INFO	torchdistill.misc.log	Epoch: [81] Total time: 0:00:06
2023-02-28 16:07:38,617	INFO	torchdistill.misc.log	Epoch: [82]  [ 0/98]  eta: 0:01:03  lr: 0.06394955530196152  img/s: 2922.668989395292  loss: 0.5924 (0.5924)  time: 0.6517  data: 0.5639  max mem: 994
2023-02-28 16:07:44,559	INFO	torchdistill.misc.log	Epoch: [82] Total time: 0:00:06
2023-02-28 16:07:45,611	INFO	torchdistill.misc.log	Epoch: [83]  [ 0/98]  eta: 0:01:23  lr: 0.06319365249826868  img/s: 2785.7127172159007  loss: 0.7250 (0.7250)  time: 0.8508  data: 0.7587  max mem: 994
2023-02-28 16:07:51,477	INFO	torchdistill.misc.log	Epoch: [83] Total time: 0:00:06
2023-02-28 16:07:52,526	INFO	torchdistill.misc.log	Epoch: [84]  [ 0/98]  eta: 0:01:31  lr: 0.06243449435824277  img/s: 3755.3530985615007  loss: 0.6074 (0.6074)  time: 0.9312  data: 0.8629  max mem: 994
2023-02-28 16:07:58,257	INFO	torchdistill.misc.log	Epoch: [84] Total time: 0:00:06
2023-02-28 16:07:59,158	INFO	torchdistill.misc.log	Epoch: [85]  [ 0/98]  eta: 0:01:16  lr: 0.06167226819279532  img/s: 3049.294074881861  loss: 0.6026 (0.6026)  time: 0.7846  data: 0.7004  max mem: 994
2023-02-28 16:08:05,122	INFO	torchdistill.misc.log	Epoch: [85] Total time: 0:00:06
2023-02-28 16:08:05,998	INFO	torchdistill.misc.log	Epoch: [86]  [ 0/98]  eta: 0:01:12  lr: 0.06090716206982718  img/s: 2386.0770350419884  loss: 0.7549 (0.7549)  time: 0.7399  data: 0.6324  max mem: 994
2023-02-28 16:08:12,043	INFO	torchdistill.misc.log	Epoch: [86] Total time: 0:00:06
2023-02-28 16:08:12,964	INFO	torchdistill.misc.log	Epoch: [87]  [ 0/98]  eta: 0:01:02  lr: 0.06013936476782568  img/s: 2169.9732507709905  loss: 0.6721 (0.6721)  time: 0.6364  data: 0.5183  max mem: 994
2023-02-28 16:08:18,880	INFO	torchdistill.misc.log	Epoch: [87] Total time: 0:00:06
2023-02-28 16:08:19,856	INFO	torchdistill.misc.log	Epoch: [88]  [ 0/98]  eta: 0:01:20  lr: 0.05936906572928629  img/s: 2009.3715068482898  loss: 0.5852 (0.5852)  time: 0.8260  data: 0.6984  max mem: 994
2023-02-28 16:08:25,680	INFO	torchdistill.misc.log	Epoch: [88] Total time: 0:00:06
2023-02-28 16:08:26,723	INFO	torchdistill.misc.log	Epoch: [89]  [ 0/98]  eta: 0:01:24  lr: 0.05859645501397052  img/s: 3668.9303692364465  loss: 0.6520 (0.6520)  time: 0.8589  data: 0.7890  max mem: 994
2023-02-28 16:08:32,438	INFO	torchdistill.misc.log	Epoch: [89] Total time: 0:00:06
2023-02-28 16:08:33,025	INFO	torchdistill.misc.log	Validation:  [ 0/98]  eta: 0:00:55  acc1: 48.0469 (48.0469)  acc5: 76.5625 (76.5625)  time: 0.5690  data: 0.5445  max mem: 994
2023-02-28 16:08:35,466	INFO	torchdistill.misc.log	Validation: Total time: 0:00:03
2023-02-28 16:08:35,467	INFO	__main__	 * Acc@1 50.6200	Acc@5 79.9640

2023-02-28 16:08:36,385	INFO	torchdistill.misc.log	Epoch: [90]  [ 0/98]  eta: 0:01:15  lr: 0.05782172325201159  img/s: 2063.269250280549  loss: 0.5645 (0.5645)  time: 0.7675  data: 0.6432  max mem: 994
2023-02-28 16:08:42,321	INFO	torchdistill.misc.log	Epoch: [90] Total time: 0:00:06
2023-02-28 16:08:43,262	INFO	torchdistill.misc.log	Epoch: [91]  [ 0/98]  eta: 0:01:15  lr: 0.057045061596879186  img/s: 1958.2001090582148  loss: 0.4161 (0.4161)  time: 0.7665  data: 0.6356  max mem: 994
2023-02-28 16:08:49,178	INFO	torchdistill.misc.log	Epoch: [91] Total time: 0:00:06
2023-02-28 16:08:50,244	INFO	torchdistill.misc.log	Epoch: [92]  [ 0/98]  eta: 0:01:24  lr: 0.056266661678215264  img/s: 2347.766951061122  loss: 0.5432 (0.5432)  time: 0.8577  data: 0.7484  max mem: 994
2023-02-28 16:08:56,049	INFO	torchdistill.misc.log	Epoch: [92] Total time: 0:00:06
2023-02-28 16:08:57,011	INFO	torchdistill.misc.log	Epoch: [93]  [ 0/98]  eta: 0:01:23  lr: 0.055486715554552306  img/s: 3657.8938683182246  loss: 0.5419 (0.5419)  time: 0.8477  data: 0.7775  max mem: 994
2023-02-28 16:09:02,788	INFO	torchdistill.misc.log	Epoch: [93] Total time: 0:00:06
2023-02-28 16:09:03,514	INFO	torchdistill.misc.log	Epoch: [94]  [ 0/98]  eta: 0:00:58  lr: 0.05470541566592575  img/s: 2592.9905383801747  loss: 0.4899 (0.4899)  time: 0.5935  data: 0.4946  max mem: 994
2023-02-28 16:09:09,574	INFO	torchdistill.misc.log	Epoch: [94] Total time: 0:00:06
2023-02-28 16:09:10,517	INFO	torchdistill.misc.log	Epoch: [95]  [ 0/98]  eta: 0:01:15  lr: 0.05392295478639229  img/s: 2828.5989641782708  loss: 0.4969 (0.4969)  time: 0.7714  data: 0.6806  max mem: 994
2023-02-28 16:09:16,355	INFO	torchdistill.misc.log	Epoch: [95] Total time: 0:00:06
2023-02-28 16:09:17,313	INFO	torchdistill.misc.log	Epoch: [96]  [ 0/98]  eta: 0:01:21  lr: 0.05313952597646571  img/s: 2646.5942761648184  loss: 0.3748 (0.3748)  time: 0.8346  data: 0.7377  max mem: 994
2023-02-28 16:09:23,169	INFO	torchdistill.misc.log	Epoch: [96] Total time: 0:00:06
2023-02-28 16:09:24,119	INFO	torchdistill.misc.log	Epoch: [97]  [ 0/98]  eta: 0:01:20  lr: 0.05235532253548216  img/s: 2175.5261804662096  loss: 0.4760 (0.4760)  time: 0.8239  data: 0.7060  max mem: 994
2023-02-28 16:09:29,953	INFO	torchdistill.misc.log	Epoch: [97] Total time: 0:00:06
2023-02-28 16:09:30,724	INFO	torchdistill.misc.log	Epoch: [98]  [ 0/98]  eta: 0:01:00  lr: 0.051570537953906447  img/s: 2887.590390671432  loss: 0.4561 (0.4561)  time: 0.6197  data: 0.5309  max mem: 994
2023-02-28 16:09:36,736	INFO	torchdistill.misc.log	Epoch: [98] Total time: 0:00:06
2023-02-28 16:09:37,678	INFO	torchdistill.misc.log	Epoch: [99]  [ 0/98]  eta: 0:01:19  lr: 0.05078536586559106  img/s: 2693.559800618614  loss: 0.5662 (0.5662)  time: 0.8065  data: 0.7112  max mem: 994
2023-02-28 16:09:43,500	INFO	torchdistill.misc.log	Epoch: [99] Total time: 0:00:06
2023-02-28 16:09:44,099	INFO	torchdistill.misc.log	Validation:  [ 0/98]  eta: 0:00:57  acc1: 50.3906 (50.3906)  acc5: 76.5625 (76.5625)  time: 0.5830  data: 0.5496  max mem: 994
2023-02-28 16:09:46,552	INFO	torchdistill.misc.log	Validation: Total time: 0:00:03
2023-02-28 16:09:46,553	INFO	__main__	 * Acc@1 51.5000	Acc@5 79.8360

2023-02-28 16:09:47,450	INFO	torchdistill.misc.log	Epoch: [100]  [ 0/98]  eta: 0:01:13  lr: 0.050000000000000024  img/s: 2282.6629477667466  loss: 0.4428 (0.4428)  time: 0.7541  data: 0.6417  max mem: 994
2023-02-28 16:09:53,340	INFO	torchdistill.misc.log	Epoch: [100] Total time: 0:00:06
2023-02-28 16:09:54,110	INFO	torchdistill.misc.log	Epoch: [101]  [ 0/98]  eta: 0:01:00  lr: 0.049214634134409  img/s: 2956.606255524318  loss: 0.4446 (0.4446)  time: 0.6133  data: 0.5265  max mem: 994
2023-02-28 16:10:00,091	INFO	torchdistill.misc.log	Epoch: [101] Total time: 0:00:06
2023-02-28 16:10:00,921	INFO	torchdistill.misc.log	Epoch: [102]  [ 0/98]  eta: 0:01:10  lr: 0.04842946204609361  img/s: 3006.1728825042906  loss: 0.4463 (0.4463)  time: 0.7200  data: 0.6346  max mem: 994
2023-02-28 16:10:06,893	INFO	torchdistill.misc.log	Epoch: [102] Total time: 0:00:06
2023-02-28 16:10:07,802	INFO	torchdistill.misc.log	Epoch: [103]  [ 0/98]  eta: 0:01:16  lr: 0.04764467746451789  img/s: 2464.3949855635274  loss: 0.4706 (0.4706)  time: 0.7801  data: 0.6760  max mem: 994
2023-02-28 16:10:13,634	INFO	torchdistill.misc.log	Epoch: [103] Total time: 0:00:06
2023-02-28 16:10:14,474	INFO	torchdistill.misc.log	Epoch: [104]  [ 0/98]  eta: 0:01:10  lr: 0.046860474023534354  img/s: 2795.169036450063  loss: 0.4845 (0.4845)  time: 0.7152  data: 0.6234  max mem: 994
2023-02-28 16:10:20,316	INFO	torchdistill.misc.log	Epoch: [104] Total time: 0:00:06
2023-02-28 16:10:21,098	INFO	torchdistill.misc.log	Epoch: [105]  [ 0/98]  eta: 0:01:05  lr: 0.04607704521360778  img/s: 2113.823128501738  loss: 0.5691 (0.5691)  time: 0.6635  data: 0.5421  max mem: 994
2023-02-28 16:10:27,030	INFO	torchdistill.misc.log	Epoch: [105] Total time: 0:00:06
2023-02-28 16:10:27,955	INFO	torchdistill.misc.log	Epoch: [106]  [ 0/98]  eta: 0:01:17  lr: 0.04529458433407431  img/s: 2001.1812865061113  loss: 0.5309 (0.5309)  time: 0.7890  data: 0.6608  max mem: 994
2023-02-28 16:10:33,792	INFO	torchdistill.misc.log	Epoch: [106] Total time: 0:00:06
2023-02-28 16:10:34,917	INFO	torchdistill.misc.log	Epoch: [107]  [ 0/98]  eta: 0:01:29  lr: 0.04451328444544776  img/s: 2995.4884573430827  loss: 0.3946 (0.3946)  time: 0.9144  data: 0.8287  max mem: 994
2023-02-28 16:10:40,750	INFO	torchdistill.misc.log	Epoch: [107] Total time: 0:00:06
2023-02-28 16:10:41,715	INFO	torchdistill.misc.log	Epoch: [108]  [ 0/98]  eta: 0:01:18  lr: 0.04373333832178482  img/s: 2513.3876486684503  loss: 0.4232 (0.4232)  time: 0.8018  data: 0.6998  max mem: 994
2023-02-28 16:10:47,545	INFO	torchdistill.misc.log	Epoch: [108] Total time: 0:00:06
2023-02-28 16:10:48,447	INFO	torchdistill.misc.log	Epoch: [109]  [ 0/98]  eta: 0:01:15  lr: 0.0429549384031209  img/s: 2286.1671176935247  loss: 0.4287 (0.4287)  time: 0.7715  data: 0.6593  max mem: 994
2023-02-28 16:10:54,272	INFO	torchdistill.misc.log	Epoch: [109] Total time: 0:00:06
2023-02-28 16:10:54,821	INFO	torchdistill.misc.log	Validation:  [ 0/98]  eta: 0:00:52  acc1: 54.2969 (54.2969)  acc5: 84.3750 (84.3750)  time: 0.5370  data: 0.5043  max mem: 994
2023-02-28 16:10:57,344	INFO	torchdistill.misc.log	Validation: Total time: 0:00:03
2023-02-28 16:10:57,346	INFO	__main__	 * Acc@1 53.9640	Acc@5 82.0400

2023-02-28 16:10:57,346	INFO	__main__	Best top-1 accuracy: 52.0200 -> 53.9640
2023-02-28 16:10:57,346	INFO	__main__	Updating ckpt at ./resource/ckpt/cifar100/ce/cifar100-resnet44-teacher-random_split.pt
2023-02-28 16:10:58,075	INFO	torchdistill.misc.log	Epoch: [110]  [ 0/98]  eta: 0:00:58  lr: 0.042178276747988484  img/s: 2922.9394963930854  loss: 0.4598 (0.4598)  time: 0.5963  data: 0.5086  max mem: 994
2023-02-28 16:11:04,161	INFO	torchdistill.misc.log	Epoch: [110] Total time: 0:00:06
2023-02-28 16:11:05,192	INFO	torchdistill.misc.log	Epoch: [111]  [ 0/98]  eta: 0:01:28  lr: 0.04140354498602954  img/s: 2278.458559854687  loss: 0.3904 (0.3904)  time: 0.8980  data: 0.7855  max mem: 994
2023-02-28 16:11:10,942	INFO	torchdistill.misc.log	Epoch: [111] Total time: 0:00:06
2023-02-28 16:11:11,736	INFO	torchdistill.misc.log	Epoch: [112]  [ 0/98]  eta: 0:01:06  lr: 0.0406309342707138  img/s: 4254.852546194478  loss: 0.4021 (0.4021)  time: 0.6749  data: 0.6145  max mem: 994
2023-02-28 16:11:17,680	INFO	torchdistill.misc.log	Epoch: [112] Total time: 0:00:06
2023-02-28 16:11:18,661	INFO	torchdistill.misc.log	Epoch: [113]  [ 0/98]  eta: 0:01:21  lr: 0.03986063523217441  img/s: 2166.0772551582786  loss: 0.3627 (0.3627)  time: 0.8305  data: 0.7121  max mem: 994
2023-02-28 16:11:24,521	INFO	torchdistill.misc.log	Epoch: [113] Total time: 0:00:06
2023-02-28 16:11:25,551	INFO	torchdistill.misc.log	Epoch: [114]  [ 0/98]  eta: 0:01:27  lr: 0.039092837930172916  img/s: 3313.4043819045855  loss: 0.3773 (0.3773)  time: 0.8934  data: 0.8160  max mem: 994
2023-02-28 16:11:31,289	INFO	torchdistill.misc.log	Epoch: [114] Total time: 0:00:06
2023-02-28 16:11:32,266	INFO	torchdistill.misc.log	Epoch: [115]  [ 0/98]  eta: 0:01:21  lr: 0.03832773180720475  img/s: 2371.9665635769197  loss: 0.3683 (0.3683)  time: 0.8338  data: 0.7257  max mem: 994
2023-02-28 16:11:38,050	INFO	torchdistill.misc.log	Epoch: [115] Total time: 0:00:06
2023-02-28 16:11:38,847	INFO	torchdistill.misc.log	Epoch: [116]  [ 0/98]  eta: 0:01:07  lr: 0.037565505641757285  img/s: 2382.58789070301  loss: 0.2704 (0.2704)  time: 0.6938  data: 0.5861  max mem: 994
2023-02-28 16:11:44,929	INFO	torchdistill.misc.log	Epoch: [116] Total time: 0:00:06
2023-02-28 16:11:45,921	INFO	torchdistill.misc.log	Epoch: [117]  [ 0/98]  eta: 0:01:21  lr: 0.03680634750173138  img/s: 2465.753209235249  loss: 0.3437 (0.3437)  time: 0.8290  data: 0.7250  max mem: 994
2023-02-28 16:11:51,668	INFO	torchdistill.misc.log	Epoch: [117] Total time: 0:00:06
2023-02-28 16:11:52,662	INFO	torchdistill.misc.log	Epoch: [118]  [ 0/98]  eta: 0:01:17  lr: 0.036050444698038565  img/s: 2330.0273073684757  loss: 0.3203 (0.3203)  time: 0.7911  data: 0.6811  max mem: 994
2023-02-28 16:11:58,442	INFO	torchdistill.misc.log	Epoch: [118] Total time: 0:00:06
2023-02-28 16:11:59,261	INFO	torchdistill.misc.log	Epoch: [119]  [ 0/98]  eta: 0:01:06  lr: 0.03529798373838483  img/s: 2212.0853897214247  loss: 0.3428 (0.3428)  time: 0.6779  data: 0.5619  max mem: 994
2023-02-28 16:12:05,249	INFO	torchdistill.misc.log	Epoch: [119] Total time: 0:00:06
2023-02-28 16:12:05,714	INFO	torchdistill.misc.log	Validation:  [ 0/98]  eta: 0:00:44  acc1: 52.3438 (52.3438)  acc5: 78.1250 (78.1250)  time: 0.4534  data: 0.4070  max mem: 994
2023-02-28 16:12:08,318	INFO	torchdistill.misc.log	Validation: Total time: 0:00:03
2023-02-28 16:12:08,319	INFO	__main__	 * Acc@1 56.4760	Acc@5 83.2160

2023-02-28 16:12:08,320	INFO	__main__	Best top-1 accuracy: 53.9640 -> 56.4760
2023-02-28 16:12:08,320	INFO	__main__	Updating ckpt at ./resource/ckpt/cifar100/ce/cifar100-resnet44-teacher-random_split.pt
2023-02-28 16:12:09,287	INFO	torchdistill.misc.log	Epoch: [120]  [ 0/98]  eta: 0:01:20  lr: 0.03454915028125267  img/s: 3344.1983331049346  loss: 0.3664 (0.3664)  time: 0.8173  data: 0.7405  max mem: 994
2023-02-28 16:12:15,103	INFO	torchdistill.misc.log	Epoch: [120] Total time: 0:00:06
2023-02-28 16:12:15,875	INFO	torchdistill.misc.log	Epoch: [121]  [ 0/98]  eta: 0:01:04  lr: 0.03380412909009255  img/s: 2504.0036939437045  loss: 0.2903 (0.2903)  time: 0.6536  data: 0.5512  max mem: 994
2023-02-28 16:12:21,883	INFO	torchdistill.misc.log	Epoch: [121] Total time: 0:00:06
2023-02-28 16:12:22,662	INFO	torchdistill.misc.log	Epoch: [122]  [ 0/98]  eta: 0:00:57  lr: 0.03306310398773545  img/s: 3472.970699062978  loss: 0.3672 (0.3672)  time: 0.5852  data: 0.5113  max mem: 994
2023-02-28 16:12:28,676	INFO	torchdistill.misc.log	Epoch: [122] Total time: 0:00:06
2023-02-28 16:12:29,495	INFO	torchdistill.misc.log	Epoch: [123]  [ 0/98]  eta: 0:01:06  lr: 0.03232625781103717  img/s: 2880.5255513616034  loss: 0.2786 (0.2786)  time: 0.6765  data: 0.5873  max mem: 994
2023-02-28 16:12:35,369	INFO	torchdistill.misc.log	Epoch: [123] Total time: 0:00:06
2023-02-28 16:12:36,270	INFO	torchdistill.misc.log	Epoch: [124]  [ 0/98]  eta: 0:01:15  lr: 0.03159377236576613  img/s: 2826.1421096406725  loss: 0.2889 (0.2889)  time: 0.7730  data: 0.6822  max mem: 994
2023-02-28 16:12:42,086	INFO	torchdistill.misc.log	Epoch: [124] Total time: 0:00:06
2023-02-28 16:12:43,052	INFO	torchdistill.misc.log	Epoch: [125]  [ 0/98]  eta: 0:01:15  lr: 0.030865828381745543  img/s: 3832.862108723821  loss: 0.2639 (0.2639)  time: 0.7720  data: 0.7050  max mem: 994
2023-02-28 16:12:48,941	INFO	torchdistill.misc.log	Epoch: [125] Total time: 0:00:06
2023-02-28 16:12:49,851	INFO	torchdistill.misc.log	Epoch: [126]  [ 0/98]  eta: 0:01:17  lr: 0.03014260546826098  img/s: 2368.6491570964054  loss: 0.2592 (0.2592)  time: 0.7880  data: 0.6797  max mem: 994
2023-02-28 16:12:55,696	INFO	torchdistill.misc.log	Epoch: [126] Total time: 0:00:06
2023-02-28 16:12:56,514	INFO	torchdistill.misc.log	Epoch: [127]  [ 0/98]  eta: 0:01:07  lr: 0.02942428206974458  img/s: 2922.99519522626  loss: 0.2643 (0.2643)  time: 0.6894  data: 0.6016  max mem: 994
2023-02-28 16:13:02,608	INFO	torchdistill.misc.log	Epoch: [127] Total time: 0:00:06
2023-02-28 16:13:03,431	INFO	torchdistill.misc.log	Epoch: [128]  [ 0/98]  eta: 0:00:57  lr: 0.028711035421746387  img/s: 3406.4764757016046  loss: 0.1912 (0.1912)  time: 0.5833  data: 0.5079  max mem: 994
2023-02-28 16:13:09,461	INFO	torchdistill.misc.log	Epoch: [128] Total time: 0:00:06
2023-02-28 16:13:10,465	INFO	torchdistill.misc.log	Epoch: [129]  [ 0/98]  eta: 0:01:11  lr: 0.02800304150720426  img/s: 2948.50362884956  loss: 0.2237 (0.2237)  time: 0.7298  data: 0.6427  max mem: 994
2023-02-28 16:13:16,439	INFO	torchdistill.misc.log	Epoch: [129] Total time: 0:00:06
2023-02-28 16:13:16,898	INFO	torchdistill.misc.log	Validation:  [ 0/98]  eta: 0:00:43  acc1: 56.2500 (56.2500)  acc5: 83.2031 (83.2031)  time: 0.4467  data: 0.4167  max mem: 994
2023-02-28 16:13:19,482	INFO	torchdistill.misc.log	Validation: Total time: 0:00:03
2023-02-28 16:13:19,483	INFO	__main__	 * Acc@1 57.5160	Acc@5 83.7560

2023-02-28 16:13:19,484	INFO	__main__	Best top-1 accuracy: 56.4760 -> 57.5160
2023-02-28 16:13:19,484	INFO	__main__	Updating ckpt at ./resource/ckpt/cifar100/ce/cifar100-resnet44-teacher-random_split.pt
2023-02-28 16:13:20,176	INFO	torchdistill.misc.log	Epoch: [130]  [ 0/98]  eta: 0:00:56  lr: 0.02730047501302268  img/s: 2904.477660711146  loss: 0.1752 (0.1752)  time: 0.5742  data: 0.4859  max mem: 994
2023-02-28 16:13:26,185	INFO	torchdistill.misc.log	Epoch: [130] Total time: 0:00:06
2023-02-28 16:13:27,125	INFO	torchdistill.misc.log	Epoch: [131]  [ 0/98]  eta: 0:01:19  lr: 0.026603509286971357  img/s: 2682.5505447586497  loss: 0.1715 (0.1715)  time: 0.8078  data: 0.7122  max mem: 994
2023-02-28 16:13:32,914	INFO	torchdistill.misc.log	Epoch: [131] Total time: 0:00:06
2023-02-28 16:13:33,890	INFO	torchdistill.misc.log	Epoch: [132]  [ 0/98]  eta: 0:01:22  lr: 0.025912316294914244  img/s: 4315.300994285071  loss: 0.2445 (0.2445)  time: 0.8431  data: 0.7835  max mem: 994
2023-02-28 16:13:39,734	INFO	torchdistill.misc.log	Epoch: [132] Total time: 0:00:06
2023-02-28 16:13:40,523	INFO	torchdistill.misc.log	Epoch: [133]  [ 0/98]  eta: 0:01:03  lr: 0.025227066578379632  img/s: 3060.0350649202605  loss: 0.2096 (0.2096)  time: 0.6446  data: 0.5608  max mem: 994
2023-02-28 16:13:46,487	INFO	torchdistill.misc.log	Epoch: [133] Total time: 0:00:06
2023-02-28 16:13:47,446	INFO	torchdistill.misc.log	Epoch: [134]  [ 0/98]  eta: 0:01:20  lr: 0.024547929212481445  img/s: 2747.6676928116117  loss: 0.1841 (0.1841)  time: 0.8259  data: 0.7325  max mem: 994
2023-02-28 16:13:53,355	INFO	torchdistill.misc.log	Epoch: [134] Total time: 0:00:06
2023-02-28 16:13:54,088	INFO	torchdistill.misc.log	Epoch: [135]  [ 0/98]  eta: 0:00:59  lr: 0.02387507176420257  img/s: 2104.9014908403005  loss: 0.2117 (0.2117)  time: 0.6090  data: 0.4872  max mem: 994
2023-02-28 16:14:00,181	INFO	torchdistill.misc.log	Epoch: [135] Total time: 0:00:06
2023-02-28 16:14:00,864	INFO	torchdistill.misc.log	Epoch: [136]  [ 0/98]  eta: 0:00:55  lr: 0.023208660251050166  img/s: 3493.5020334858177  loss: 0.1334 (0.1334)  time: 0.5650  data: 0.4915  max mem: 994
2023-02-28 16:14:06,872	INFO	torchdistill.misc.log	Epoch: [136] Total time: 0:00:06
2023-02-28 16:14:07,636	INFO	torchdistill.misc.log	Epoch: [137]  [ 0/98]  eta: 0:01:00  lr: 0.022548859100093414  img/s: 2263.6973421513667  loss: 0.1537 (0.1537)  time: 0.6194  data: 0.5061  max mem: 994
2023-02-28 16:14:13,673	INFO	torchdistill.misc.log	Epoch: [137] Total time: 0:00:06
2023-02-28 16:14:14,655	INFO	torchdistill.misc.log	Epoch: [138]  [ 0/98]  eta: 0:01:23  lr: 0.021895831107393474  img/s: 2741.9632069786207  loss: 0.1269 (0.1269)  time: 0.8568  data: 0.7633  max mem: 994
2023-02-28 16:14:20,408	INFO	torchdistill.misc.log	Epoch: [138] Total time: 0:00:06
2023-02-28 16:14:21,306	INFO	torchdistill.misc.log	Epoch: [139]  [ 0/98]  eta: 0:01:14  lr: 0.02124973739783608  img/s: 2798.0315883559306  loss: 0.1800 (0.1800)  time: 0.7642  data: 0.6724  max mem: 994
2023-02-28 16:14:27,173	INFO	torchdistill.misc.log	Epoch: [139] Total time: 0:00:06
2023-02-28 16:14:27,718	INFO	torchdistill.misc.log	Validation:  [ 0/98]  eta: 0:00:51  acc1: 52.3438 (52.3438)  acc5: 83.5938 (83.5938)  time: 0.5290  data: 0.4918  max mem: 994
2023-02-28 16:14:30,240	INFO	torchdistill.misc.log	Validation: Total time: 0:00:03
2023-02-28 16:14:30,242	INFO	__main__	 * Acc@1 57.7440	Acc@5 83.8840

2023-02-28 16:14:30,242	INFO	__main__	Best top-1 accuracy: 57.5160 -> 57.7440
2023-02-28 16:14:30,242	INFO	__main__	Updating ckpt at ./resource/ckpt/cifar100/ce/cifar100-resnet44-teacher-random_split.pt
2023-02-28 16:14:31,197	INFO	torchdistill.misc.log	Epoch: [140]  [ 0/98]  eta: 0:01:21  lr: 0.02061073738537636  img/s: 2148.923426695886  loss: 0.1561 (0.1561)  time: 0.8313  data: 0.7119  max mem: 994
2023-02-28 16:14:37,099	INFO	torchdistill.misc.log	Epoch: [140] Total time: 0:00:06
2023-02-28 16:14:38,015	INFO	torchdistill.misc.log	Epoch: [141]  [ 0/98]  eta: 0:01:15  lr: 0.019978988733705814  img/s: 2352.525024045782  loss: 0.1816 (0.1816)  time: 0.7730  data: 0.6640  max mem: 994
2023-02-28 16:14:43,937	INFO	torchdistill.misc.log	Epoch: [141] Total time: 0:00:06
2023-02-28 16:14:44,977	INFO	torchdistill.misc.log	Epoch: [142]  [ 0/98]  eta: 0:01:28  lr: 0.01935464731735118  img/s: 2618.186443116342  loss: 0.1202 (0.1202)  time: 0.9021  data: 0.8041  max mem: 994
2023-02-28 16:14:50,684	INFO	torchdistill.misc.log	Epoch: [142] Total time: 0:00:06
2023-02-28 16:14:51,593	INFO	torchdistill.misc.log	Epoch: [143]  [ 0/98]  eta: 0:01:15  lr: 0.018737867183214747  img/s: 2591.025810312542  loss: 0.1297 (0.1297)  time: 0.7744  data: 0.6754  max mem: 994
2023-02-28 16:14:57,534	INFO	torchdistill.misc.log	Epoch: [143] Total time: 0:00:06
2023-02-28 16:14:58,460	INFO	torchdistill.misc.log	Epoch: [144]  [ 0/98]  eta: 0:01:19  lr: 0.01812880051256552  img/s: 2064.336310101723  loss: 0.1046 (0.1046)  time: 0.8106  data: 0.6864  max mem: 994
2023-02-28 16:15:04,453	INFO	torchdistill.misc.log	Epoch: [144] Total time: 0:00:06
2023-02-28 16:15:05,322	INFO	torchdistill.misc.log	Epoch: [145]  [ 0/98]  eta: 0:01:11  lr: 0.017527597583490827  img/s: 2260.9565345563124  loss: 0.0867 (0.0867)  time: 0.7336  data: 0.6202  max mem: 994
2023-02-28 16:15:11,201	INFO	torchdistill.misc.log	Epoch: [145] Total time: 0:00:06
2023-02-28 16:15:12,032	INFO	torchdistill.misc.log	Epoch: [146]  [ 0/98]  eta: 0:01:05  lr: 0.01693440673381742  img/s: 2970.7661218030303  loss: 0.1142 (0.1142)  time: 0.6633  data: 0.5769  max mem: 994
2023-02-28 16:15:18,059	INFO	torchdistill.misc.log	Epoch: [146] Total time: 0:00:06
2023-02-28 16:15:18,917	INFO	torchdistill.misc.log	Epoch: [147]  [ 0/98]  eta: 0:01:10  lr: 0.016349374324511334  img/s: 3895.563011551634  loss: 0.0642 (0.0642)  time: 0.7161  data: 0.6501  max mem: 994
2023-02-28 16:15:24,781	INFO	torchdistill.misc.log	Epoch: [147] Total time: 0:00:06
2023-02-28 16:15:25,611	INFO	torchdistill.misc.log	Epoch: [148]  [ 0/98]  eta: 0:01:07  lr: 0.01577264470356557  img/s: 2573.408486620571  loss: 0.0770 (0.0770)  time: 0.6880  data: 0.5883  max mem: 994
2023-02-28 16:15:31,575	INFO	torchdistill.misc.log	Epoch: [148] Total time: 0:00:06
2023-02-28 16:15:32,441	INFO	torchdistill.misc.log	Epoch: [149]  [ 0/98]  eta: 0:01:13  lr: 0.01520436017038429  img/s: 2838.1241250977987  loss: 0.0910 (0.0910)  time: 0.7484  data: 0.6578  max mem: 994
2023-02-28 16:15:38,395	INFO	torchdistill.misc.log	Epoch: [149] Total time: 0:00:06
2023-02-28 16:15:38,967	INFO	torchdistill.misc.log	Validation:  [ 0/98]  eta: 0:00:54  acc1: 61.7188 (61.7188)  acc5: 83.5938 (83.5938)  time: 0.5566  data: 0.5133  max mem: 994
2023-02-28 16:15:41,424	INFO	torchdistill.misc.log	Validation: Total time: 0:00:03
2023-02-28 16:15:41,425	INFO	__main__	 * Acc@1 61.1120	Acc@5 85.4520

2023-02-28 16:15:41,426	INFO	__main__	Best top-1 accuracy: 57.7440 -> 61.1120
2023-02-28 16:15:41,426	INFO	__main__	Updating ckpt at ./resource/ckpt/cifar100/ce/cifar100-resnet44-teacher-random_split.pt
2023-02-28 16:15:42,229	INFO	torchdistill.misc.log	Epoch: [150]  [ 0/98]  eta: 0:01:02  lr: 0.014644660940672632  img/s: 2341.8169890165495  loss: 0.0739 (0.0739)  time: 0.6410  data: 0.5298  max mem: 994
2023-02-28 16:15:48,260	INFO	torchdistill.misc.log	Epoch: [150] Total time: 0:00:06
2023-02-28 16:15:49,189	INFO	torchdistill.misc.log	Epoch: [151]  [ 0/98]  eta: 0:01:18  lr: 0.01409368511184057  img/s: 2126.0404044804104  loss: 0.0621 (0.0621)  time: 0.7987  data: 0.6781  max mem: 994
2023-02-28 16:15:55,156	INFO	torchdistill.misc.log	Epoch: [151] Total time: 0:00:06
2023-02-28 16:15:56,186	INFO	torchdistill.misc.log	Epoch: [152]  [ 0/98]  eta: 0:01:27  lr: 0.013551568628929438  img/s: 2702.087005976722  loss: 0.0889 (0.0889)  time: 0.8973  data: 0.8023  max mem: 994
2023-02-28 16:16:01,937	INFO	torchdistill.misc.log	Epoch: [152] Total time: 0:00:06
2023-02-28 16:16:02,857	INFO	torchdistill.misc.log	Epoch: [153]  [ 0/98]  eta: 0:00:59  lr: 0.013018445251069516  img/s: 2529.474816957681  loss: 0.0502 (0.0502)  time: 0.6053  data: 0.5039  max mem: 994
2023-02-28 16:16:08,828	INFO	torchdistill.misc.log	Epoch: [153] Total time: 0:00:06
2023-02-28 16:16:09,844	INFO	torchdistill.misc.log	Epoch: [154]  [ 0/98]  eta: 0:01:24  lr: 0.012494446518477026  img/s: 2334.5969221135574  loss: 0.0753 (0.0753)  time: 0.8651  data: 0.7552  max mem: 994
2023-02-28 16:16:15,623	INFO	torchdistill.misc.log	Epoch: [154] Total time: 0:00:06
2023-02-28 16:16:16,418	INFO	torchdistill.misc.log	Epoch: [155]  [ 0/98]  eta: 0:01:02  lr: 0.011979701719998459  img/s: 2565.648421651251  loss: 0.0628 (0.0628)  time: 0.6422  data: 0.5422  max mem: 994
2023-02-28 16:16:22,348	INFO	torchdistill.misc.log	Epoch: [155] Total time: 0:00:06
2023-02-28 16:16:23,191	INFO	torchdistill.misc.log	Epoch: [156]  [ 0/98]  eta: 0:01:05  lr: 0.011474337861210548  img/s: 2385.430322688142  loss: 0.0319 (0.0319)  time: 0.6638  data: 0.5562  max mem: 994
2023-02-28 16:16:29,157	INFO	torchdistill.misc.log	Epoch: [156] Total time: 0:00:06
2023-02-28 16:16:30,124	INFO	torchdistill.misc.log	Epoch: [157]  [ 0/98]  eta: 0:01:24  lr: 0.010978479633083526  img/s: 2710.7368059640453  loss: 0.0402 (0.0402)  time: 0.8578  data: 0.7632  max mem: 994
2023-02-28 16:16:35,977	INFO	torchdistill.misc.log	Epoch: [157] Total time: 0:00:06
2023-02-28 16:16:36,894	INFO	torchdistill.misc.log	Epoch: [158]  [ 0/98]  eta: 0:01:17  lr: 0.010492249381215483  img/s: 2296.4743081651377  loss: 0.0337 (0.0337)  time: 0.7957  data: 0.6840  max mem: 994
2023-02-28 16:16:42,695	INFO	torchdistill.misc.log	Epoch: [158] Total time: 0:00:06
2023-02-28 16:16:43,531	INFO	torchdistill.misc.log	Epoch: [159]  [ 0/98]  eta: 0:01:08  lr: 0.010015767075645474  img/s: 3548.4805414551606  loss: 0.0391 (0.0391)  time: 0.7034  data: 0.6310  max mem: 994
2023-02-28 16:16:49,507	INFO	torchdistill.misc.log	Epoch: [159] Total time: 0:00:06
2023-02-28 16:16:50,071	INFO	torchdistill.misc.log	Validation:  [ 0/98]  eta: 0:00:54  acc1: 63.2812 (63.2812)  acc5: 85.5469 (85.5469)  time: 0.5516  data: 0.5248  max mem: 994
2023-02-28 16:16:52,600	INFO	torchdistill.misc.log	Validation: Total time: 0:00:03
2023-02-28 16:16:52,601	INFO	__main__	 * Acc@1 62.2800	Acc@5 86.3120

2023-02-28 16:16:52,602	INFO	__main__	Best top-1 accuracy: 61.1120 -> 62.2800
2023-02-28 16:16:52,602	INFO	__main__	Updating ckpt at ./resource/ckpt/cifar100/ce/cifar100-resnet44-teacher-random_split.pt
2023-02-28 16:16:53,550	INFO	torchdistill.misc.log	Epoch: [160]  [ 0/98]  eta: 0:01:17  lr: 0.009549150281252637  img/s: 2248.4102890551057  loss: 0.0369 (0.0369)  time: 0.7931  data: 0.6790  max mem: 994
2023-02-28 16:16:59,327	INFO	torchdistill.misc.log	Epoch: [160] Total time: 0:00:06
2023-02-28 16:17:00,073	INFO	torchdistill.misc.log	Epoch: [161]  [ 0/98]  eta: 0:01:02  lr: 0.00909251412874884  img/s: 1875.0075507281808  loss: 0.0407 (0.0407)  time: 0.6360  data: 0.4992  max mem: 994
2023-02-28 16:17:06,093	INFO	torchdistill.misc.log	Epoch: [161] Total time: 0:00:06
2023-02-28 16:17:06,819	INFO	torchdistill.misc.log	Epoch: [162]  [ 0/98]  eta: 0:00:56  lr: 0.008645971286271918  img/s: 3006.4759046096383  loss: 0.0272 (0.0272)  time: 0.5792  data: 0.4939  max mem: 994
2023-02-28 16:17:12,837	INFO	torchdistill.misc.log	Epoch: [162] Total time: 0:00:06
2023-02-28 16:17:13,566	INFO	torchdistill.misc.log	Epoch: [163]  [ 0/98]  eta: 0:00:59  lr: 0.008209631931586501  img/s: 2951.031938722506  loss: 0.0348 (0.0348)  time: 0.6027  data: 0.5157  max mem: 994
2023-02-28 16:17:19,652	INFO	torchdistill.misc.log	Epoch: [163] Total time: 0:00:06
2023-02-28 16:17:20,400	INFO	torchdistill.misc.log	Epoch: [164]  [ 0/98]  eta: 0:00:59  lr: 0.0077836037248992605  img/s: 2759.644562784159  loss: 0.0195 (0.0195)  time: 0.6048  data: 0.5118  max mem: 994
2023-02-28 16:17:26,474	INFO	torchdistill.misc.log	Epoch: [164] Total time: 0:00:06
2023-02-28 16:17:27,236	INFO	torchdistill.misc.log	Epoch: [165]  [ 0/98]  eta: 0:00:57  lr: 0.0073679917822954055  img/s: 2766.9265660472656  loss: 0.0319 (0.0319)  time: 0.5896  data: 0.4969  max mem: 994
2023-02-28 16:17:33,321	INFO	torchdistill.misc.log	Epoch: [165] Total time: 0:00:06
2023-02-28 16:17:34,112	INFO	torchdistill.misc.log	Epoch: [166]  [ 0/98]  eta: 0:01:04  lr: 0.006962898649802815  img/s: 2174.310288337508  loss: 0.0258 (0.0258)  time: 0.6540  data: 0.5360  max mem: 994
2023-02-28 16:17:40,149	INFO	torchdistill.misc.log	Epoch: [166] Total time: 0:00:06
2023-02-28 16:17:41,233	INFO	torchdistill.misc.log	Epoch: [167]  [ 0/98]  eta: 0:01:25  lr: 0.006568424278090438  img/s: 2902.781619946959  loss: 0.0265 (0.0265)  time: 0.8679  data: 0.7795  max mem: 994
2023-02-28 16:17:46,974	INFO	torchdistill.misc.log	Epoch: [167] Total time: 0:00:06
2023-02-28 16:17:48,000	INFO	torchdistill.misc.log	Epoch: [168]  [ 0/98]  eta: 0:01:09  lr: 0.006184665997806824  img/s: 2859.163836993801  loss: 0.0218 (0.0218)  time: 0.7123  data: 0.6226  max mem: 994
2023-02-28 16:17:53,930	INFO	torchdistill.misc.log	Epoch: [168] Total time: 0:00:06
2023-02-28 16:17:54,722	INFO	torchdistill.misc.log	Epoch: [169]  [ 0/98]  eta: 0:00:58  lr: 0.00581171849556533  img/s: 2834.0265892444736  loss: 0.0302 (0.0302)  time: 0.5927  data: 0.5022  max mem: 994
2023-02-28 16:18:00,758	INFO	torchdistill.misc.log	Epoch: [169] Total time: 0:00:06
2023-02-28 16:18:01,418	INFO	torchdistill.misc.log	Validation:  [ 0/98]  eta: 0:01:02  acc1: 62.5000 (62.5000)  acc5: 85.9375 (85.9375)  time: 0.6422  data: 0.6245  max mem: 994
2023-02-28 16:18:03,797	INFO	torchdistill.misc.log	Validation: Total time: 0:00:03
2023-02-28 16:18:03,799	INFO	__main__	 * Acc@1 62.9880	Acc@5 86.7080

2023-02-28 16:18:03,799	INFO	__main__	Best top-1 accuracy: 62.2800 -> 62.9880
2023-02-28 16:18:03,800	INFO	__main__	Updating ckpt at ./resource/ckpt/cifar100/ce/cifar100-resnet44-teacher-random_split.pt
2023-02-28 16:18:04,737	INFO	torchdistill.misc.log	Epoch: [170]  [ 0/98]  eta: 0:01:12  lr: 0.0054496737905816136  img/s: 2286.128177449609  loss: 0.0193 (0.0193)  time: 0.7430  data: 0.6307  max mem: 994
2023-02-28 16:18:10,657	INFO	torchdistill.misc.log	Epoch: [170] Total time: 0:00:06
2023-02-28 16:18:11,614	INFO	torchdistill.misc.log	Epoch: [171]  [ 0/98]  eta: 0:01:20  lr: 0.005098621211969226  img/s: 2020.2788128290329  loss: 0.0274 (0.0274)  time: 0.8171  data: 0.6902  max mem: 994
2023-02-28 16:18:17,623	INFO	torchdistill.misc.log	Epoch: [171] Total time: 0:00:06
2023-02-28 16:18:18,339	INFO	torchdistill.misc.log	Epoch: [172]  [ 0/98]  eta: 0:00:56  lr: 0.004758647376699035  img/s: 3028.207524395059  loss: 0.0395 (0.0395)  time: 0.5729  data: 0.4881  max mem: 994
2023-02-28 16:18:24,385	INFO	torchdistill.misc.log	Epoch: [172] Total time: 0:00:06
2023-02-28 16:18:25,416	INFO	torchdistill.misc.log	Epoch: [173]  [ 0/98]  eta: 0:01:18  lr: 0.00442983616822775  img/s: 2639.7883334603557  loss: 0.0170 (0.0170)  time: 0.8055  data: 0.7084  max mem: 994
2023-02-28 16:18:31,195	INFO	torchdistill.misc.log	Epoch: [173] Total time: 0:00:06
2023-02-28 16:18:32,048	INFO	torchdistill.misc.log	Epoch: [174]  [ 0/98]  eta: 0:01:10  lr: 0.004112268715800957  img/s: 2653.2649282037723  loss: 0.0165 (0.0165)  time: 0.7236  data: 0.6269  max mem: 994
2023-02-28 16:18:37,975	INFO	torchdistill.misc.log	Epoch: [174] Total time: 0:00:06
2023-02-28 16:18:38,952	INFO	torchdistill.misc.log	Epoch: [175]  [ 0/98]  eta: 0:01:25  lr: 0.003806023374435677  img/s: 3040.3834635859102  loss: 0.0248 (0.0248)  time: 0.8745  data: 0.7901  max mem: 994
2023-02-28 16:18:44,779	INFO	torchdistill.misc.log	Epoch: [175] Total time: 0:00:06
2023-02-28 16:18:45,497	INFO	torchdistill.misc.log	Epoch: [176]  [ 0/98]  eta: 0:00:57  lr: 0.003511175705587435  img/s: 2831.4035008148176  loss: 0.0217 (0.0217)  time: 0.5884  data: 0.4978  max mem: 994
2023-02-28 16:18:51,665	INFO	torchdistill.misc.log	Epoch: [176] Total time: 0:00:06
2023-02-28 16:18:52,715	INFO	torchdistill.misc.log	Epoch: [177]  [ 0/98]  eta: 0:01:29  lr: 0.0032277984585066333  img/s: 2974.8814859144004  loss: 0.0206 (0.0206)  time: 0.9164  data: 0.8301  max mem: 994
2023-02-28 16:18:58,595	INFO	torchdistill.misc.log	Epoch: [177] Total time: 0:00:06
2023-02-28 16:18:59,367	INFO	torchdistill.misc.log	Epoch: [178]  [ 0/98]  eta: 0:01:05  lr: 0.002955961552288729  img/s: 3030.096100282482  loss: 0.0250 (0.0250)  time: 0.6646  data: 0.5799  max mem: 994
2023-02-28 16:19:05,571	INFO	torchdistill.misc.log	Epoch: [178] Total time: 0:00:06
2023-02-28 16:19:06,544	INFO	torchdistill.misc.log	Epoch: [179]  [ 0/98]  eta: 0:01:22  lr: 0.0026957320586227366  img/s: 2772.3847053568434  loss: 0.0276 (0.0276)  time: 0.8412  data: 0.7487  max mem: 994
2023-02-28 16:19:12,336	INFO	torchdistill.misc.log	Epoch: [179] Total time: 0:00:06
2023-02-28 16:19:12,863	INFO	torchdistill.misc.log	Validation:  [ 0/98]  eta: 0:00:50  acc1: 63.6719 (63.6719)  acc5: 85.9375 (85.9375)  time: 0.5131  data: 0.4825  max mem: 994
2023-02-28 16:19:15,380	INFO	torchdistill.misc.log	Validation: Total time: 0:00:03
2023-02-28 16:19:15,381	INFO	__main__	 * Acc@1 62.8760	Acc@5 86.4840

2023-02-28 16:19:16,284	INFO	torchdistill.misc.log	Epoch: [180]  [ 0/98]  eta: 0:01:14  lr: 0.002447174185242325  img/s: 2647.3838446100212  loss: 0.0221 (0.0221)  time: 0.7645  data: 0.6676  max mem: 994
2023-02-28 16:19:22,131	INFO	torchdistill.misc.log	Epoch: [180] Total time: 0:00:06
2023-02-28 16:19:22,817	INFO	torchdistill.misc.log	Epoch: [181]  [ 0/98]  eta: 0:00:55  lr: 0.0022103492600834954  img/s: 3453.5676920503815  loss: 0.0167 (0.0167)  time: 0.5633  data: 0.4889  max mem: 994
2023-02-28 16:19:28,958	INFO	torchdistill.misc.log	Epoch: [181] Total time: 0:00:06
2023-02-28 16:19:29,861	INFO	torchdistill.misc.log	Epoch: [182]  [ 0/98]  eta: 0:01:14  lr: 0.0019853157161528537  img/s: 2487.171595878734  loss: 0.0167 (0.0167)  time: 0.7631  data: 0.6599  max mem: 994
2023-02-28 16:19:35,869	INFO	torchdistill.misc.log	Epoch: [182] Total time: 0:00:06
2023-02-28 16:19:36,738	INFO	torchdistill.misc.log	Epoch: [183]  [ 0/98]  eta: 0:01:11  lr: 0.001772129077110103  img/s: 2270.8498362014816  loss: 0.0191 (0.0191)  time: 0.7312  data: 0.6182  max mem: 994
2023-02-28 16:19:42,687	INFO	torchdistill.misc.log	Epoch: [183] Total time: 0:00:06
2023-02-28 16:19:43,482	INFO	torchdistill.misc.log	Epoch: [184]  [ 0/98]  eta: 0:01:06  lr: 0.0015708419435684529  img/s: 3089.5222289040494  loss: 0.0266 (0.0266)  time: 0.6741  data: 0.5910  max mem: 994
2023-02-28 16:19:49,421	INFO	torchdistill.misc.log	Epoch: [184] Total time: 0:00:06
2023-02-28 16:19:50,196	INFO	torchdistill.misc.log	Epoch: [185]  [ 0/98]  eta: 0:01:02  lr: 0.0013815039801161732  img/s: 1851.224746860868  loss: 0.0193 (0.0193)  time: 0.6371  data: 0.4986  max mem: 994
2023-02-28 16:19:56,151	INFO	torchdistill.misc.log	Epoch: [185] Total time: 0:00:06
2023-02-28 16:19:56,873	INFO	torchdistill.misc.log	Epoch: [186]  [ 0/98]  eta: 0:00:59  lr: 0.0012041619030626347  img/s: 2835.5608418939973  loss: 0.0219 (0.0219)  time: 0.6099  data: 0.5194  max mem: 994
2023-02-28 16:20:02,910	INFO	torchdistill.misc.log	Epoch: [186] Total time: 0:00:06
2023-02-28 16:20:03,698	INFO	torchdistill.misc.log	Epoch: [187]  [ 0/98]  eta: 0:01:03  lr: 0.0010388594689117077  img/s: 2049.3524550427337  loss: 0.0247 (0.0247)  time: 0.6457  data: 0.5205  max mem: 994
2023-02-28 16:20:09,709	INFO	torchdistill.misc.log	Epoch: [187] Total time: 0:00:06
2023-02-28 16:20:10,715	INFO	torchdistill.misc.log	Epoch: [188]  [ 0/98]  eta: 0:01:28  lr: 0.0008856374635655645  img/s: 3329.142970532791  loss: 0.0180 (0.0180)  time: 0.8997  data: 0.8226  max mem: 994
2023-02-28 16:20:16,573	INFO	torchdistill.misc.log	Epoch: [188] Total time: 0:00:06
2023-02-28 16:20:17,518	INFO	torchdistill.misc.log	Epoch: [189]  [ 0/98]  eta: 0:01:21  lr: 0.000744533692261307  img/s: 2456.822121291858  loss: 0.0185 (0.0185)  time: 0.8352  data: 0.7308  max mem: 994
2023-02-28 16:20:23,330	INFO	torchdistill.misc.log	Epoch: [189] Total time: 0:00:06
2023-02-28 16:20:23,825	INFO	torchdistill.misc.log	Validation:  [ 0/98]  eta: 0:00:47  acc1: 64.8438 (64.8438)  acc5: 85.9375 (85.9375)  time: 0.4803  data: 0.4617  max mem: 994
2023-02-28 16:20:26,358	INFO	torchdistill.misc.log	Validation: Total time: 0:00:03
2023-02-28 16:20:26,359	INFO	__main__	 * Acc@1 63.0480	Acc@5 86.6200

2023-02-28 16:20:26,360	INFO	__main__	Best top-1 accuracy: 62.9880 -> 63.0480
2023-02-28 16:20:26,360	INFO	__main__	Updating ckpt at ./resource/ckpt/cifar100/ce/cifar100-resnet44-teacher-random_split.pt
2023-02-28 16:20:27,327	INFO	torchdistill.misc.log	Epoch: [190]  [ 0/98]  eta: 0:01:19  lr: 0.0006155829702431174  img/s: 2170.525951501136  loss: 0.0178 (0.0178)  time: 0.8152  data: 0.6970  max mem: 994
2023-02-28 16:20:33,113	INFO	torchdistill.misc.log	Epoch: [190] Total time: 0:00:06
2023-02-28 16:20:33,984	INFO	torchdistill.misc.log	Epoch: [191]  [ 0/98]  eta: 0:01:13  lr: 0.0004988171141721235  img/s: 1918.2010736648415  loss: 0.0209 (0.0209)  time: 0.7538  data: 0.6201  max mem: 994
2023-02-28 16:20:39,847	INFO	torchdistill.misc.log	Epoch: [191] Total time: 0:00:06
2023-02-28 16:20:40,685	INFO	torchdistill.misc.log	Epoch: [192]  [ 0/98]  eta: 0:01:09  lr: 0.00039426493427611206  img/s: 2549.1719704092  loss: 0.0155 (0.0155)  time: 0.7087  data: 0.6081  max mem: 994
2023-02-28 16:20:46,560	INFO	torchdistill.misc.log	Epoch: [192] Total time: 0:00:06
2023-02-28 16:20:47,539	INFO	torchdistill.misc.log	Epoch: [193]  [ 0/98]  eta: 0:01:24  lr: 0.00030195222724102046  img/s: 2311.3789032733034  loss: 0.0140 (0.0140)  time: 0.8596  data: 0.7486  max mem: 994
2023-02-28 16:20:53,368	INFO	torchdistill.misc.log	Epoch: [193] Total time: 0:00:06
2023-02-28 16:20:54,216	INFO	torchdistill.misc.log	Epoch: [194]  [ 0/98]  eta: 0:01:06  lr: 0.00022190176984600036  img/s: 3449.662095996916  loss: 0.0204 (0.0204)  time: 0.6815  data: 0.6071  max mem: 994
2023-02-28 16:21:00,260	INFO	torchdistill.misc.log	Epoch: [194] Total time: 0:00:06
2023-02-28 16:21:01,018	INFO	torchdistill.misc.log	Epoch: [195]  [ 0/98]  eta: 0:01:01  lr: 0.00015413331334360192  img/s: 2513.92902647284  loss: 0.0227 (0.0227)  time: 0.6242  data: 0.5222  max mem: 994
2023-02-28 16:21:07,106	INFO	torchdistill.misc.log	Epoch: [195] Total time: 0:00:06
2023-02-28 16:21:07,836	INFO	torchdistill.misc.log	Epoch: [196]  [ 0/98]  eta: 0:00:58  lr: 9.866357858642213e-05  img/s: 3350.114424243937  loss: 0.0265 (0.0265)  time: 0.5933  data: 0.5167  max mem: 994
2023-02-28 16:21:13,778	INFO	torchdistill.misc.log	Epoch: [196] Total time: 0:00:06
2023-02-28 16:21:14,459	INFO	torchdistill.misc.log	Epoch: [197]  [ 0/98]  eta: 0:00:55  lr: 5.5506251901504864e-05  img/s: 3460.803022001044  loss: 0.0266 (0.0266)  time: 0.5702  data: 0.4960  max mem: 994
2023-02-28 16:21:20,450	INFO	torchdistill.misc.log	Epoch: [197] Total time: 0:00:06
2023-02-28 16:21:21,124	INFO	torchdistill.misc.log	Epoch: [198]  [ 0/98]  eta: 0:00:55  lr: 2.4671981713420017e-05  img/s: 3027.5073844956605  loss: 0.0229 (0.0229)  time: 0.5658  data: 0.4811  max mem: 994
2023-02-28 16:21:27,246	INFO	torchdistill.misc.log	Epoch: [198] Total time: 0:00:06
2023-02-28 16:21:27,975	INFO	torchdistill.misc.log	Epoch: [199]  [ 0/98]  eta: 0:01:01  lr: 6.168375916970619e-06  img/s: 2318.7812975772194  loss: 0.0170 (0.0170)  time: 0.6225  data: 0.5119  max mem: 994
2023-02-28 16:21:34,030	INFO	torchdistill.misc.log	Epoch: [199] Total time: 0:00:06
2023-02-28 16:21:34,517	INFO	torchdistill.misc.log	Validation:  [ 0/98]  eta: 0:00:46  acc1: 64.0625 (64.0625)  acc5: 85.5469 (85.5469)  time: 0.4706  data: 0.4523  max mem: 994
2023-02-28 16:21:37,098	INFO	torchdistill.misc.log	Validation: Total time: 0:00:03
2023-02-28 16:21:37,099	INFO	__main__	 * Acc@1 63.0240	Acc@5 86.6280

2023-02-28 16:21:37,286	INFO	__main__	Training time 0:24:04
2023-02-28 16:21:37,626	INFO	torchdistill.common.main_util	Loading model parameters
2023-02-28 16:21:37,648	INFO	__main__	[Student: resnet44]
2023-02-28 16:21:38,396	INFO	torchdistill.misc.log	Test:  [    0/10000]  eta: 2:04:23  acc1: 0.0000 (0.0000)  acc5: 100.0000 (100.0000)  time: 0.7464  data: 0.6166  max mem: 994
2023-02-28 16:21:47,620	INFO	torchdistill.misc.log	Test:  [ 1000/10000]  eta: 0:01:29  acc1: 100.0000 (61.4386)  acc5: 100.0000 (85.6144)  time: 0.0089  data: 0.0002  max mem: 994
2023-02-28 16:21:56,371	INFO	torchdistill.misc.log	Test:  [ 2000/10000]  eta: 0:01:14  acc1: 100.0000 (62.5687)  acc5: 100.0000 (85.2074)  time: 0.0087  data: 0.0002  max mem: 994
2023-02-28 16:22:05,224	INFO	torchdistill.misc.log	Test:  [ 3000/10000]  eta: 0:01:04  acc1: 100.0000 (63.1123)  acc5: 100.0000 (86.1046)  time: 0.0090  data: 0.0002  max mem: 994
2023-02-28 16:22:13,906	INFO	torchdistill.misc.log	Test:  [ 4000/10000]  eta: 0:00:54  acc1: 100.0000 (62.8093)  acc5: 100.0000 (85.9285)  time: 0.0091  data: 0.0002  max mem: 994
2023-02-28 16:22:22,623	INFO	torchdistill.misc.log	Test:  [ 5000/10000]  eta: 0:00:44  acc1: 0.0000 (63.0074)  acc5: 100.0000 (86.2028)  time: 0.0091  data: 0.0002  max mem: 994
2023-02-28 16:22:31,453	INFO	torchdistill.misc.log	Test:  [ 6000/10000]  eta: 0:00:35  acc1: 0.0000 (62.9062)  acc5: 100.0000 (86.2356)  time: 0.0089  data: 0.0001  max mem: 994
2023-02-28 16:22:40,237	INFO	torchdistill.misc.log	Test:  [ 7000/10000]  eta: 0:00:26  acc1: 100.0000 (63.0481)  acc5: 100.0000 (86.5019)  time: 0.0085  data: 0.0002  max mem: 994
2023-02-28 16:22:49,231	INFO	torchdistill.misc.log	Test:  [ 8000/10000]  eta: 0:00:17  acc1: 100.0000 (63.1671)  acc5: 100.0000 (86.4392)  time: 0.0089  data: 0.0002  max mem: 994
2023-02-28 16:22:58,103	INFO	torchdistill.misc.log	Test:  [ 9000/10000]  eta: 0:00:08  acc1: 0.0000 (63.0819)  acc5: 100.0000 (86.4793)  time: 0.0088  data: 0.0002  max mem: 994
2023-02-28 16:23:06,868	INFO	torchdistill.misc.log	Test: Total time: 0:01:29
2023-02-28 16:23:06,870	INFO	__main__	 * Acc@1 62.9500	Acc@5 86.5200

