2023-03-01 20:48:20,192	INFO	torchdistill.common.main_util	| distributed init (rank 0): env://
2023-03-01 20:48:20,208	INFO	torch.distributed.distributed_c10d	Added key: store_based_barrier_key:1 to store for rank: 0
2023-03-01 20:48:20,209	INFO	torch.distributed.distributed_c10d	Rank 0: Completed store-based barrier for key:store_based_barrier_key:1 with 1 nodes.
2023-03-01 20:48:28,580	INFO	__main__	Namespace(adjust_lr=False, config='torchdistill/configs/sample/cifar100/ce/resnet20-teacher-equal_split.yaml', device='cuda', dist_url='env://', eval_period=10, log='log/cifar100/ce/resnet20-teacher-equal_split.log', log_config=False, seed=None, start_epoch=0, student_only=False, test_only=False, world_size=1)
2023-03-01 20:48:28,674	INFO	__main__	Using NVIDIA GeForce RTX 2080 Ti for training
2023-03-01 20:48:28,674	INFO	torchdistill.datasets.util	Loading 25K data
2023-03-01 20:48:32,361	INFO	torchdistill.datasets.util	Splitting `25K` dataset (50000 samples in total)
2023-03-01 20:48:32,595	INFO	torchdistill.datasets.util	new dataset_id: `cifar100/train` (25000 samples)
2023-03-01 20:48:32,596	INFO	torchdistill.datasets.util	new dataset_id: `cifar100/val` (25000 samples)
2023-03-01 20:48:32,596	INFO	torchdistill.datasets.util	dataset_id `25K`: 3.921546459197998 sec
2023-03-01 20:48:32,596	INFO	torchdistill.datasets.util	Loading test data
2023-03-01 20:48:33,469	INFO	torchdistill.datasets.util	dataset_id `cifar100/test`: 0.8732247352600098 sec
2023-03-01 20:48:33,632	INFO	torchdistill.common.main_util	ckpt file is not found at `./resource/ckpt/cifar100/ce/cifar100-resnet20-teacher-equal_split.pt`
2023-03-01 20:48:33,657	INFO	__main__	Start training
2023-03-01 20:48:33,713	INFO	torchdistill.models.util	[student model]
2023-03-01 20:48:33,713	INFO	torchdistill.models.util	Using the original student model
2023-03-01 20:48:33,714	INFO	torchdistill.core.training	Loss = 1.0 * OrgLoss
2023-03-01 20:48:50,165	INFO	torchdistill.misc.log	Epoch: [0]  [ 0/98]  eta: 0:26:41  lr: 0.1  img/s: 16.894353793953208  loss: 4.7446 (4.7446)  time: 16.3383  data: 1.1746  max mem: 543
2023-03-01 20:48:50,173	INFO	torch.nn.parallel.distributed	Reducer buckets have been rebuilt in this iteration.
2023-03-01 20:48:54,596	INFO	torchdistill.misc.log	Epoch: [0] Total time: 0:00:20
2023-03-01 20:48:55,229	INFO	torchdistill.misc.log	Epoch: [1]  [ 0/98]  eta: 0:00:53  lr: 0.09999383162408304  img/s: 7080.394487306297  loss: 3.8985 (3.8985)  time: 0.5423  data: 0.5059  max mem: 543
2023-03-01 20:49:00,107	INFO	torchdistill.misc.log	Epoch: [1] Total time: 0:00:05
2023-03-01 20:49:00,910	INFO	torchdistill.misc.log	Epoch: [2]  [ 0/98]  eta: 0:01:10  lr: 0.09997532801828658  img/s: 5670.343016777478  loss: 3.5804 (3.5804)  time: 0.7166  data: 0.6712  max mem: 543
2023-03-01 20:49:05,547	INFO	torchdistill.misc.log	Epoch: [2] Total time: 0:00:05
2023-03-01 20:49:06,340	INFO	torchdistill.misc.log	Epoch: [3]  [ 0/98]  eta: 0:01:08  lr: 0.09994449374809851  img/s: 5956.430075555013  loss: 3.1761 (3.1761)  time: 0.6979  data: 0.6547  max mem: 543
2023-03-01 20:49:11,002	INFO	torchdistill.misc.log	Epoch: [3] Total time: 0:00:05
2023-03-01 20:49:11,936	INFO	torchdistill.misc.log	Epoch: [4]  [ 0/98]  eta: 0:01:23  lr: 0.09990133642141359  img/s: 5990.692799955365  loss: 2.9578 (2.9578)  time: 0.8540  data: 0.8110  max mem: 543
2023-03-01 20:49:16,505	INFO	torchdistill.misc.log	Epoch: [4] Total time: 0:00:05
2023-03-01 20:49:17,347	INFO	torchdistill.misc.log	Epoch: [5]  [ 0/98]  eta: 0:01:15  lr: 0.09984586668665642  img/s: 6180.769523897238  loss: 2.9635 (2.9635)  time: 0.7731  data: 0.7314  max mem: 543
2023-03-01 20:49:22,075	INFO	torchdistill.misc.log	Epoch: [5] Total time: 0:00:05
2023-03-01 20:49:22,721	INFO	torchdistill.misc.log	Epoch: [6]  [ 0/98]  eta: 0:00:56  lr: 0.09977809823015402  img/s: 5729.648315643994  loss: 2.6326 (2.6326)  time: 0.5731  data: 0.5282  max mem: 543
2023-03-01 20:49:27,562	INFO	torchdistill.misc.log	Epoch: [6] Total time: 0:00:05
2023-03-01 20:49:28,474	INFO	torchdistill.misc.log	Epoch: [7]  [ 0/98]  eta: 0:01:22  lr: 0.09969804777275901  img/s: 5321.4018574869415  loss: 2.5184 (2.5184)  time: 0.8452  data: 0.7969  max mem: 543
2023-03-01 20:49:32,985	INFO	torchdistill.misc.log	Epoch: [7] Total time: 0:00:05
2023-03-01 20:49:33,936	INFO	torchdistill.misc.log	Epoch: [8]  [ 0/98]  eta: 0:01:15  lr: 0.09960573506572391  img/s: 6379.017989116228  loss: 2.3369 (2.3369)  time: 0.7661  data: 0.7257  max mem: 543
2023-03-01 20:49:38,682	INFO	torchdistill.misc.log	Epoch: [8] Total time: 0:00:05
2023-03-01 20:49:39,522	INFO	torchdistill.misc.log	Epoch: [9]  [ 0/98]  eta: 0:00:54  lr: 0.09950118288582789  img/s: 5643.9653080748085  loss: 2.4062 (2.4062)  time: 0.5536  data: 0.5081  max mem: 543
2023-03-01 20:49:44,413	INFO	torchdistill.misc.log	Epoch: [9] Total time: 0:00:05
2023-03-01 20:49:44,932	INFO	torchdistill.misc.log	Validation:  [ 0/98]  eta: 0:00:49  acc1: 34.7656 (34.7656)  acc5: 60.5469 (60.5469)  time: 0.5097  data: 0.4351  max mem: 543
2023-03-01 20:49:47,509	INFO	torchdistill.misc.log	Validation: Total time: 0:00:03
2023-03-01 20:49:47,510	INFO	__main__	 * Acc@1 31.8240	Acc@5 63.1400

2023-03-01 20:49:47,510	INFO	__main__	Best top-1 accuracy: 0.0000 -> 31.8240
2023-03-01 20:49:47,511	INFO	__main__	Updating ckpt at ./resource/ckpt/cifar100/ce/cifar100-resnet20-teacher-equal_split.pt
2023-03-01 20:49:48,364	INFO	torchdistill.misc.log	Epoch: [10]  [ 0/98]  eta: 0:01:10  lr: 0.09938441702975691  img/s: 5360.106149629844  loss: 2.1971 (2.1971)  time: 0.7183  data: 0.6703  max mem: 543
2023-03-01 20:49:53,103	INFO	torchdistill.misc.log	Epoch: [10] Total time: 0:00:05
2023-03-01 20:49:53,828	INFO	torchdistill.misc.log	Epoch: [11]  [ 0/98]  eta: 0:00:58  lr: 0.09925546630773871  img/s: 5576.952527372073  loss: 1.9162 (1.9162)  time: 0.5960  data: 0.5499  max mem: 543
2023-03-01 20:49:58,572	INFO	torchdistill.misc.log	Epoch: [11] Total time: 0:00:05
2023-03-01 20:49:59,432	INFO	torchdistill.misc.log	Epoch: [12]  [ 0/98]  eta: 0:01:11  lr: 0.09911436253643445  img/s: 5537.520430318252  loss: 2.0098 (2.0098)  time: 0.7246  data: 0.6781  max mem: 543
2023-03-01 20:50:04,228	INFO	torchdistill.misc.log	Epoch: [12] Total time: 0:00:05
2023-03-01 20:50:04,962	INFO	torchdistill.misc.log	Epoch: [13]  [ 0/98]  eta: 0:00:54  lr: 0.0989611405310883  img/s: 7966.803119226574  loss: 1.9066 (1.9066)  time: 0.5537  data: 0.5213  max mem: 543
2023-03-01 20:50:09,767	INFO	torchdistill.misc.log	Epoch: [13] Total time: 0:00:05
2023-03-01 20:50:10,708	INFO	torchdistill.misc.log	Epoch: [14]  [ 0/98]  eta: 0:01:16  lr: 0.09879583809693739  img/s: 5868.403694594742  loss: 1.7914 (1.7914)  time: 0.7818  data: 0.7380  max mem: 543
2023-03-01 20:50:15,398	INFO	torchdistill.misc.log	Epoch: [14] Total time: 0:00:05
2023-03-01 20:50:16,161	INFO	torchdistill.misc.log	Epoch: [15]  [ 0/98]  eta: 0:01:06  lr: 0.09861849601988384  img/s: 5437.548483804971  loss: 1.7274 (1.7274)  time: 0.6812  data: 0.6339  max mem: 543
2023-03-01 20:50:20,912	INFO	torchdistill.misc.log	Epoch: [15] Total time: 0:00:05
2023-03-01 20:50:21,856	INFO	torchdistill.misc.log	Epoch: [16]  [ 0/98]  eta: 0:01:24  lr: 0.09842915805643157  img/s: 5780.450617483338  loss: 1.7355 (1.7355)  time: 0.8599  data: 0.8154  max mem: 543
2023-03-01 20:50:26,429	INFO	torchdistill.misc.log	Epoch: [16] Total time: 0:00:05
2023-03-01 20:50:27,316	INFO	torchdistill.misc.log	Epoch: [17]  [ 0/98]  eta: 0:01:18  lr: 0.09822787092288993  img/s: 3735.9236769771405  loss: 1.7506 (1.7506)  time: 0.8003  data: 0.7316  max mem: 543
2023-03-01 20:50:32,087	INFO	torchdistill.misc.log	Epoch: [17] Total time: 0:00:05
2023-03-01 20:50:32,858	INFO	torchdistill.misc.log	Epoch: [18]  [ 0/98]  eta: 0:01:08  lr: 0.09801468428384717  img/s: 7970.824696196987  loss: 1.7223 (1.7223)  time: 0.6987  data: 0.6664  max mem: 543
2023-03-01 20:50:37,531	INFO	torchdistill.misc.log	Epoch: [18] Total time: 0:00:05
2023-03-01 20:50:38,505	INFO	torchdistill.misc.log	Epoch: [19]  [ 0/98]  eta: 0:01:26  lr: 0.09778965073991652  img/s: 7888.2582446241895  loss: 1.5533 (1.5533)  time: 0.8842  data: 0.8515  max mem: 543
2023-03-01 20:50:43,200	INFO	torchdistill.misc.log	Epoch: [19] Total time: 0:00:05
2023-03-01 20:50:43,688	INFO	torchdistill.misc.log	Validation:  [ 0/98]  eta: 0:00:46  acc1: 40.2344 (40.2344)  acc5: 70.3125 (70.3125)  time: 0.4786  data: 0.4675  max mem: 543
2023-03-01 20:50:46,292	INFO	torchdistill.misc.log	Validation: Total time: 0:00:03
2023-03-01 20:50:46,294	INFO	__main__	 * Acc@1 40.2520	Acc@5 72.4760

2023-03-01 20:50:46,294	INFO	__main__	Best top-1 accuracy: 31.8240 -> 40.2520
2023-03-01 20:50:46,295	INFO	__main__	Updating ckpt at ./resource/ckpt/cifar100/ce/cifar100-resnet20-teacher-equal_split.pt
2023-03-01 20:50:46,976	INFO	torchdistill.misc.log	Epoch: [20]  [ 0/98]  eta: 0:00:58  lr: 0.0975528258147577  img/s: 4671.956837099209  loss: 1.4518 (1.4518)  time: 0.5979  data: 0.5429  max mem: 543
2023-03-01 20:50:51,815	INFO	torchdistill.misc.log	Epoch: [20] Total time: 0:00:05
2023-03-01 20:50:52,771	INFO	torchdistill.misc.log	Epoch: [21]  [ 0/98]  eta: 0:01:24  lr: 0.09730426794137728  img/s: 6613.258176174228  loss: 1.5715 (1.5715)  time: 0.8663  data: 0.8274  max mem: 543
2023-03-01 20:50:57,305	INFO	torchdistill.misc.log	Epoch: [21] Total time: 0:00:05
2023-03-01 20:50:58,088	INFO	torchdistill.misc.log	Epoch: [22]  [ 0/98]  eta: 0:01:07  lr: 0.09704403844771128  img/s: 6252.354361978409  loss: 1.7161 (1.7161)  time: 0.6931  data: 0.6519  max mem: 543
2023-03-01 20:51:02,853	INFO	torchdistill.misc.log	Epoch: [22] Total time: 0:00:05
2023-03-01 20:51:03,720	INFO	torchdistill.misc.log	Epoch: [23]  [ 0/98]  eta: 0:01:13  lr: 0.09677220154149338  img/s: 4191.962396005357  loss: 1.3575 (1.3575)  time: 0.7511  data: 0.6898  max mem: 543
2023-03-01 20:51:08,454	INFO	torchdistill.misc.log	Epoch: [23] Total time: 0:00:05
2023-03-01 20:51:09,228	INFO	torchdistill.misc.log	Epoch: [24]  [ 0/98]  eta: 0:00:57  lr: 0.09648882429441258  img/s: 4625.187158358138  loss: 1.5263 (1.5263)  time: 0.5834  data: 0.5278  max mem: 543
2023-03-01 20:51:14,069	INFO	torchdistill.misc.log	Epoch: [24] Total time: 0:00:05
2023-03-01 20:51:14,866	INFO	torchdistill.misc.log	Epoch: [25]  [ 0/98]  eta: 0:01:08  lr: 0.09619397662556435  img/s: 4319.623708125983  loss: 1.4403 (1.4403)  time: 0.7006  data: 0.6411  max mem: 543
2023-03-01 20:51:19,723	INFO	torchdistill.misc.log	Epoch: [25] Total time: 0:00:05
2023-03-01 20:51:20,551	INFO	torchdistill.misc.log	Epoch: [26]  [ 0/98]  eta: 0:01:13  lr: 0.09588773128419906  img/s: 6590.284199155455  loss: 1.4465 (1.4465)  time: 0.7480  data: 0.7090  max mem: 543
2023-03-01 20:51:25,402	INFO	torchdistill.misc.log	Epoch: [26] Total time: 0:00:05
2023-03-01 20:51:26,178	INFO	torchdistill.misc.log	Epoch: [27]  [ 0/98]  eta: 0:01:08  lr: 0.09557016383177226  img/s: 3623.613226331171  loss: 1.4077 (1.4077)  time: 0.7029  data: 0.6320  max mem: 543
2023-03-01 20:51:31,015	INFO	torchdistill.misc.log	Epoch: [27] Total time: 0:00:05
2023-03-01 20:51:31,874	INFO	torchdistill.misc.log	Epoch: [28]  [ 0/98]  eta: 0:01:17  lr: 0.09524135262330098  img/s: 5432.981288644666  loss: 1.4141 (1.4141)  time: 0.7895  data: 0.7422  max mem: 543
2023-03-01 20:51:36,581	INFO	torchdistill.misc.log	Epoch: [28] Total time: 0:00:05
2023-03-01 20:51:37,234	INFO	torchdistill.misc.log	Epoch: [29]  [ 0/98]  eta: 0:00:55  lr: 0.09490137878803079  img/s: 5319.319240848719  loss: 1.5449 (1.5449)  time: 0.5686  data: 0.5202  max mem: 543
2023-03-01 20:51:42,199	INFO	torchdistill.misc.log	Epoch: [29] Total time: 0:00:05
2023-03-01 20:51:42,705	INFO	torchdistill.misc.log	Validation:  [ 0/98]  eta: 0:00:48  acc1: 43.7500 (43.7500)  acc5: 73.0469 (73.0469)  time: 0.4937  data: 0.4829  max mem: 543
2023-03-01 20:51:45,299	INFO	torchdistill.misc.log	Validation: Total time: 0:00:03
2023-03-01 20:51:45,300	INFO	__main__	 * Acc@1 44.0160	Acc@5 76.5800

2023-03-01 20:51:45,301	INFO	__main__	Best top-1 accuracy: 40.2520 -> 44.0160
2023-03-01 20:51:45,301	INFO	__main__	Updating ckpt at ./resource/ckpt/cifar100/ce/cifar100-resnet20-teacher-equal_split.pt
2023-03-01 20:51:46,173	INFO	torchdistill.misc.log	Epoch: [30]  [ 0/98]  eta: 0:01:17  lr: 0.0945503262094184  img/s: 7241.166040611533  loss: 1.4216 (1.4216)  time: 0.7911  data: 0.7555  max mem: 543
2023-03-01 20:51:50,740	INFO	torchdistill.misc.log	Epoch: [30] Total time: 0:00:05
2023-03-01 20:51:51,728	INFO	torchdistill.misc.log	Epoch: [31]  [ 0/98]  eta: 0:01:26  lr: 0.0941882815044347  img/s: 4589.209021630886  loss: 1.3555 (1.3555)  time: 0.8865  data: 0.8305  max mem: 543
2023-03-01 20:51:56,202	INFO	torchdistill.misc.log	Epoch: [31] Total time: 0:00:05
2023-03-01 20:51:56,960	INFO	torchdistill.misc.log	Epoch: [32]  [ 0/98]  eta: 0:01:03  lr: 0.09381533400219319  img/s: 5734.513752256438  loss: 1.4223 (1.4223)  time: 0.6521  data: 0.6072  max mem: 543
2023-03-01 20:52:01,791	INFO	torchdistill.misc.log	Epoch: [32] Total time: 0:00:05
2023-03-01 20:52:02,638	INFO	torchdistill.misc.log	Epoch: [33]  [ 0/98]  eta: 0:01:08  lr: 0.09343157572190958  img/s: 5264.317700008825  loss: 1.2672 (1.2672)  time: 0.6999  data: 0.6511  max mem: 543
2023-03-01 20:52:07,519	INFO	torchdistill.misc.log	Epoch: [33] Total time: 0:00:05
2023-03-01 20:52:08,150	INFO	torchdistill.misc.log	Epoch: [34]  [ 0/98]  eta: 0:00:53  lr: 0.0930371013501972  img/s: 7863.072198015451  loss: 1.2708 (1.2708)  time: 0.5476  data: 0.5148  max mem: 543
2023-03-01 20:52:13,157	INFO	torchdistill.misc.log	Epoch: [34] Total time: 0:00:05
2023-03-01 20:52:13,932	INFO	torchdistill.misc.log	Epoch: [35]  [ 0/98]  eta: 0:01:05  lr: 0.09263200821770463  img/s: 7673.092156414361  loss: 1.2741 (1.2741)  time: 0.6707  data: 0.6371  max mem: 543
2023-03-01 20:52:18,722	INFO	torchdistill.misc.log	Epoch: [35] Total time: 0:00:05
2023-03-01 20:52:19,352	INFO	torchdistill.misc.log	Epoch: [36]  [ 0/98]  eta: 0:00:54  lr: 0.09221639627510078  img/s: 5635.020173394631  loss: 1.0616 (1.0616)  time: 0.5573  data: 0.5116  max mem: 543
2023-03-01 20:52:24,236	INFO	torchdistill.misc.log	Epoch: [36] Total time: 0:00:05
2023-03-01 20:52:25,098	INFO	torchdistill.misc.log	Epoch: [37]  [ 0/98]  eta: 0:01:16  lr: 0.09179036806841355  img/s: 6281.800186042158  loss: 1.0856 (1.0856)  time: 0.7771  data: 0.7361  max mem: 543
2023-03-01 20:52:29,616	INFO	torchdistill.misc.log	Epoch: [37] Total time: 0:00:05
2023-03-01 20:52:30,452	INFO	torchdistill.misc.log	Epoch: [38]  [ 0/98]  eta: 0:01:14  lr: 0.09135402871372812  img/s: 5200.045639677074  loss: 1.1054 (1.1054)  time: 0.7563  data: 0.7069  max mem: 543
2023-03-01 20:52:35,146	INFO	torchdistill.misc.log	Epoch: [38] Total time: 0:00:05
2023-03-01 20:52:36,078	INFO	torchdistill.misc.log	Epoch: [39]  [ 0/98]  eta: 0:01:21  lr: 0.0909074858712512  img/s: 3465.416011231422  loss: 1.1303 (1.1303)  time: 0.8294  data: 0.7553  max mem: 543
2023-03-01 20:52:40,672	INFO	torchdistill.misc.log	Epoch: [39] Total time: 0:00:05
2023-03-01 20:52:41,313	INFO	torchdistill.misc.log	Validation:  [ 0/98]  eta: 0:01:01  acc1: 42.1875 (42.1875)  acc5: 74.6094 (74.6094)  time: 0.6324  data: 0.6215  max mem: 543
2023-03-01 20:52:43,754	INFO	torchdistill.misc.log	Validation: Total time: 0:00:03
2023-03-01 20:52:43,755	INFO	__main__	 * Acc@1 42.0640	Acc@5 75.2240

2023-03-01 20:52:44,622	INFO	torchdistill.misc.log	Epoch: [40]  [ 0/98]  eta: 0:01:13  lr: 0.09045084971874741  img/s: 4686.639098761714  loss: 1.2904 (1.2904)  time: 0.7460  data: 0.6912  max mem: 543
2023-03-01 20:52:49,277	INFO	torchdistill.misc.log	Epoch: [40] Total time: 0:00:05
2023-03-01 20:52:49,881	INFO	torchdistill.misc.log	Epoch: [41]  [ 0/98]  eta: 0:00:51  lr: 0.08998423292435458  img/s: 7876.569450048049  loss: 1.2543 (1.2543)  time: 0.5278  data: 0.4951  max mem: 543
2023-03-01 20:52:54,900	INFO	torchdistill.misc.log	Epoch: [41] Total time: 0:00:05
2023-03-01 20:52:55,780	INFO	torchdistill.misc.log	Epoch: [42]  [ 0/98]  eta: 0:01:13  lr: 0.08950775061878455  img/s: 6345.579329948999  loss: 1.1938 (1.1938)  time: 0.7513  data: 0.7108  max mem: 543
2023-03-01 20:53:00,504	INFO	torchdistill.misc.log	Epoch: [42] Total time: 0:00:05
2023-03-01 20:53:01,294	INFO	torchdistill.misc.log	Epoch: [43]  [ 0/98]  eta: 0:01:10  lr: 0.08902152036691653  img/s: 6714.99933709397  loss: 1.3523 (1.3523)  time: 0.7161  data: 0.6778  max mem: 543
2023-03-01 20:53:06,104	INFO	torchdistill.misc.log	Epoch: [43] Total time: 0:00:05
2023-03-01 20:53:06,946	INFO	torchdistill.misc.log	Epoch: [44]  [ 0/98]  eta: 0:01:14  lr: 0.08852566213878951  img/s: 7888.0843948810625  loss: 1.1244 (1.1244)  time: 0.7566  data: 0.7239  max mem: 543
2023-03-01 20:53:11,678	INFO	torchdistill.misc.log	Epoch: [44] Total time: 0:00:05
2023-03-01 20:53:12,551	INFO	torchdistill.misc.log	Epoch: [45]  [ 0/98]  eta: 0:01:17  lr: 0.0880202982800016  img/s: 3869.465402481522  loss: 1.2480 (1.2480)  time: 0.7889  data: 0.7225  max mem: 543
2023-03-01 20:53:17,169	INFO	torchdistill.misc.log	Epoch: [45] Total time: 0:00:05
2023-03-01 20:53:17,956	INFO	torchdistill.misc.log	Epoch: [46]  [ 0/98]  eta: 0:01:09  lr: 0.08750555348152303  img/s: 5768.02982476874  loss: 1.2280 (1.2280)  time: 0.7060  data: 0.6614  max mem: 543
2023-03-01 20:53:22,612	INFO	torchdistill.misc.log	Epoch: [46] Total time: 0:00:05
2023-03-01 20:53:23,271	INFO	torchdistill.misc.log	Epoch: [47]  [ 0/98]  eta: 0:00:58  lr: 0.08698155474893052  img/s: 7955.587839990516  loss: 1.2211 (1.2211)  time: 0.5951  data: 0.5627  max mem: 543
2023-03-01 20:53:28,283	INFO	torchdistill.misc.log	Epoch: [47] Total time: 0:00:05
2023-03-01 20:53:29,096	INFO	torchdistill.misc.log	Epoch: [48]  [ 0/98]  eta: 0:01:10  lr: 0.08644843137107061  img/s: 5268.372957033301  loss: 1.2248 (1.2248)  time: 0.7176  data: 0.6688  max mem: 543
2023-03-01 20:53:33,980	INFO	torchdistill.misc.log	Epoch: [48] Total time: 0:00:05
2023-03-01 20:53:34,968	INFO	torchdistill.misc.log	Epoch: [49]  [ 0/98]  eta: 0:01:23  lr: 0.08590631488815947  img/s: 4546.5747422353015  loss: 1.2344 (1.2344)  time: 0.8482  data: 0.7916  max mem: 543
2023-03-01 20:53:39,553	INFO	torchdistill.misc.log	Epoch: [49] Total time: 0:00:05
2023-03-01 20:53:40,022	INFO	torchdistill.misc.log	Validation:  [ 0/98]  eta: 0:00:44  acc1: 49.6094 (49.6094)  acc5: 76.1719 (76.1719)  time: 0.4585  data: 0.4471  max mem: 543
2023-03-01 20:53:42,646	INFO	torchdistill.misc.log	Validation: Total time: 0:00:03
2023-03-01 20:53:42,648	INFO	__main__	 * Acc@1 45.3080	Acc@5 77.2720

2023-03-01 20:53:42,648	INFO	__main__	Best top-1 accuracy: 44.0160 -> 45.3080
2023-03-01 20:53:42,649	INFO	__main__	Updating ckpt at ./resource/ckpt/cifar100/ce/cifar100-resnet20-teacher-equal_split.pt
2023-03-01 20:53:43,610	INFO	torchdistill.misc.log	Epoch: [50]  [ 0/98]  eta: 0:01:25  lr: 0.0853553390593274  img/s: 4400.202539945332  loss: 1.1062 (1.1062)  time: 0.8749  data: 0.8162  max mem: 543
2023-03-01 20:53:48,142	INFO	torchdistill.misc.log	Epoch: [50] Total time: 0:00:05
2023-03-01 20:53:49,440	INFO	torchdistill.misc.log	Epoch: [51]  [ 0/98]  eta: 0:01:25  lr: 0.08479563982961574  img/s: 4437.756550777827  loss: 1.1413 (1.1413)  time: 0.8751  data: 0.8172  max mem: 543
2023-03-01 20:53:54,055	INFO	torchdistill.misc.log	Epoch: [51] Total time: 0:00:05
2023-03-01 20:53:54,837	INFO	torchdistill.misc.log	Epoch: [52]  [ 0/98]  eta: 0:01:09  lr: 0.08422735529643446  img/s: 5611.666208496872  loss: 1.0363 (1.0363)  time: 0.7046  data: 0.6472  max mem: 543
2023-03-01 20:53:59,485	INFO	torchdistill.misc.log	Epoch: [52] Total time: 0:00:05
2023-03-01 20:54:00,224	INFO	torchdistill.misc.log	Epoch: [53]  [ 0/98]  eta: 0:01:01  lr: 0.08365062567548869  img/s: 5451.074861152007  loss: 1.1684 (1.1684)  time: 0.6273  data: 0.5802  max mem: 543
2023-03-01 20:54:04,968	INFO	torchdistill.misc.log	Epoch: [53] Total time: 0:00:05
2023-03-01 20:54:05,709	INFO	torchdistill.misc.log	Epoch: [54]  [ 0/98]  eta: 0:01:06  lr: 0.08306559326618261  img/s: 5848.808571599767  loss: 1.2073 (1.2073)  time: 0.6753  data: 0.6312  max mem: 543
2023-03-01 20:54:10,441	INFO	torchdistill.misc.log	Epoch: [54] Total time: 0:00:05
2023-03-01 20:54:11,105	INFO	torchdistill.misc.log	Epoch: [55]  [ 0/98]  eta: 0:00:57  lr: 0.0824724024165092  img/s: 5288.092155095568  loss: 1.0373 (1.0373)  time: 0.5887  data: 0.5401  max mem: 543
2023-03-01 20:54:15,968	INFO	torchdistill.misc.log	Epoch: [55] Total time: 0:00:05
2023-03-01 20:54:16,727	INFO	torchdistill.misc.log	Epoch: [56]  [ 0/98]  eta: 0:01:06  lr: 0.0818711994874345  img/s: 7905.91484003976  loss: 1.0111 (1.0111)  time: 0.6764  data: 0.6438  max mem: 543
2023-03-01 20:54:21,459	INFO	torchdistill.misc.log	Epoch: [56] Total time: 0:00:05
2023-03-01 20:54:22,180	INFO	torchdistill.misc.log	Epoch: [57]  [ 0/98]  eta: 0:01:02  lr: 0.08126213281678528  img/s: 4952.752224431149  loss: 1.2142 (1.2142)  time: 0.6403  data: 0.5884  max mem: 543
2023-03-01 20:54:26,950	INFO	torchdistill.misc.log	Epoch: [57] Total time: 0:00:05
2023-03-01 20:54:27,625	INFO	torchdistill.misc.log	Epoch: [58]  [ 0/98]  eta: 0:00:59  lr: 0.08064535268264884  img/s: 7850.596788816424  loss: 1.0778 (1.0778)  time: 0.6068  data: 0.5740  max mem: 543
2023-03-01 20:54:32,345	INFO	torchdistill.misc.log	Epoch: [58] Total time: 0:00:05
2023-03-01 20:54:33,350	INFO	torchdistill.misc.log	Epoch: [59]  [ 0/98]  eta: 0:01:29  lr: 0.08002101126629421  img/s: 5773.581524398441  loss: 1.0801 (1.0801)  time: 0.9086  data: 0.8641  max mem: 543
2023-03-01 20:54:37,886	INFO	torchdistill.misc.log	Epoch: [59] Total time: 0:00:05
2023-03-01 20:54:38,339	INFO	torchdistill.misc.log	Validation:  [ 0/98]  eta: 0:00:43  acc1: 48.8281 (48.8281)  acc5: 76.5625 (76.5625)  time: 0.4420  data: 0.4178  max mem: 543
2023-03-01 20:54:40,992	INFO	torchdistill.misc.log	Validation: Total time: 0:00:03
2023-03-01 20:54:40,994	INFO	__main__	 * Acc@1 46.3840	Acc@5 76.7640

2023-03-01 20:54:40,994	INFO	__main__	Best top-1 accuracy: 45.3080 -> 46.3840
2023-03-01 20:54:40,995	INFO	__main__	Updating ckpt at ./resource/ckpt/cifar100/ce/cifar100-resnet20-teacher-equal_split.pt
2023-03-01 20:54:41,631	INFO	torchdistill.misc.log	Epoch: [60]  [ 0/98]  eta: 0:00:55  lr: 0.07938926261462367  img/s: 5129.495115298074  loss: 1.0454 (1.0454)  time: 0.5660  data: 0.5159  max mem: 543
2023-03-01 20:54:46,418	INFO	torchdistill.misc.log	Epoch: [60] Total time: 0:00:05
2023-03-01 20:54:47,196	INFO	torchdistill.misc.log	Epoch: [61]  [ 0/98]  eta: 0:01:08  lr: 0.07875026260216395  img/s: 5749.313686014136  loss: 1.0149 (1.0149)  time: 0.6980  data: 0.6533  max mem: 543
2023-03-01 20:54:51,892	INFO	torchdistill.misc.log	Epoch: [61] Total time: 0:00:05
2023-03-01 20:54:52,733	INFO	torchdistill.misc.log	Epoch: [62]  [ 0/98]  eta: 0:01:15  lr: 0.07810416889260656  img/s: 5654.665557229075  loss: 1.0863 (1.0863)  time: 0.7674  data: 0.7218  max mem: 543
2023-03-01 20:54:57,406	INFO	torchdistill.misc.log	Epoch: [62] Total time: 0:00:05
2023-03-01 20:54:58,052	INFO	torchdistill.misc.log	Epoch: [63]  [ 0/98]  eta: 0:00:54  lr: 0.07745114089990661  img/s: 6408.103509190738  loss: 1.0100 (1.0100)  time: 0.5588  data: 0.5186  max mem: 543
2023-03-01 20:55:03,051	INFO	torchdistill.misc.log	Epoch: [63] Total time: 0:00:05
2023-03-01 20:55:03,834	INFO	torchdistill.misc.log	Epoch: [64]  [ 0/98]  eta: 0:01:08  lr: 0.07679133974894985  img/s: 6466.142891554657  loss: 1.1222 (1.1222)  time: 0.6957  data: 0.6559  max mem: 543
2023-03-01 20:55:08,516	INFO	torchdistill.misc.log	Epoch: [64] Total time: 0:00:05
2023-03-01 20:55:09,468	INFO	torchdistill.misc.log	Epoch: [65]  [ 0/98]  eta: 0:01:15  lr: 0.07612492823579746  img/s: 5615.598926817533  loss: 0.8923 (0.8923)  time: 0.7667  data: 0.7209  max mem: 543
2023-03-01 20:55:14,111	INFO	torchdistill.misc.log	Epoch: [65] Total time: 0:00:05
2023-03-01 20:55:14,841	INFO	torchdistill.misc.log	Epoch: [66]  [ 0/98]  eta: 0:01:01  lr: 0.07545207078751859  img/s: 4543.073633259572  loss: 0.8931 (0.8931)  time: 0.6292  data: 0.5726  max mem: 543
2023-03-01 20:55:19,650	INFO	torchdistill.misc.log	Epoch: [66] Total time: 0:00:05
2023-03-01 20:55:20,508	INFO	torchdistill.misc.log	Epoch: [67]  [ 0/98]  eta: 0:01:14  lr: 0.0747729334216204  img/s: 5280.394521625808  loss: 0.9083 (0.9083)  time: 0.7575  data: 0.7088  max mem: 543
2023-03-01 20:55:25,348	INFO	torchdistill.misc.log	Epoch: [67] Total time: 0:00:05
2023-03-01 20:55:26,063	INFO	torchdistill.misc.log	Epoch: [68]  [ 0/98]  eta: 0:01:00  lr: 0.07408768370508578  img/s: 7721.539386443067  loss: 0.9880 (0.9880)  time: 0.6166  data: 0.5832  max mem: 543
2023-03-01 20:55:30,911	INFO	torchdistill.misc.log	Epoch: [68] Total time: 0:00:05
2023-03-01 20:55:31,772	INFO	torchdistill.misc.log	Epoch: [69]  [ 0/98]  eta: 0:01:17  lr: 0.0733964907130287  img/s: 4832.952203482902  loss: 1.0373 (1.0373)  time: 0.7871  data: 0.7339  max mem: 543
2023-03-01 20:55:36,514	INFO	torchdistill.misc.log	Epoch: [69] Total time: 0:00:05
2023-03-01 20:55:36,973	INFO	torchdistill.misc.log	Validation:  [ 0/98]  eta: 0:00:44  acc1: 44.9219 (44.9219)  acc5: 75.3906 (75.3906)  time: 0.4506  data: 0.4390  max mem: 543
2023-03-01 20:55:39,637	INFO	torchdistill.misc.log	Validation: Total time: 0:00:03
2023-03-01 20:55:39,638	INFO	__main__	 * Acc@1 46.6960	Acc@5 77.9560

2023-03-01 20:55:39,638	INFO	__main__	Best top-1 accuracy: 46.3840 -> 46.6960
2023-03-01 20:55:39,639	INFO	__main__	Updating ckpt at ./resource/ckpt/cifar100/ce/cifar100-resnet20-teacher-equal_split.pt
2023-03-01 20:55:40,517	INFO	torchdistill.misc.log	Epoch: [70]  [ 0/98]  eta: 0:01:18  lr: 0.07269952498697736  img/s: 2803.8402105735936  loss: 0.9936 (0.9936)  time: 0.8051  data: 0.7136  max mem: 543
2023-03-01 20:55:45,150	INFO	torchdistill.misc.log	Epoch: [70] Total time: 0:00:05
2023-03-01 20:55:45,922	INFO	torchdistill.misc.log	Epoch: [71]  [ 0/98]  eta: 0:01:05  lr: 0.07199695849279578  img/s: 5650.559003073296  loss: 0.8172 (0.8172)  time: 0.6685  data: 0.6186  max mem: 543
2023-03-01 20:55:50,755	INFO	torchdistill.misc.log	Epoch: [71] Total time: 0:00:05
2023-03-01 20:55:51,422	INFO	torchdistill.misc.log	Epoch: [72]  [ 0/98]  eta: 0:00:55  lr: 0.07128896457825366  img/s: 8131.574027232934  loss: 0.9276 (0.9276)  time: 0.5637  data: 0.5320  max mem: 543
2023-03-01 20:55:56,205	INFO	torchdistill.misc.log	Epoch: [72] Total time: 0:00:05
2023-03-01 20:55:56,902	INFO	torchdistill.misc.log	Epoch: [73]  [ 0/98]  eta: 0:00:59  lr: 0.07057571793025548  img/s: 5671.211543743266  loss: 0.8367 (0.8367)  time: 0.6115  data: 0.5662  max mem: 543
2023-03-01 20:56:01,617	INFO	torchdistill.misc.log	Epoch: [73] Total time: 0:00:05
2023-03-01 20:56:02,361	INFO	torchdistill.misc.log	Epoch: [74]  [ 0/98]  eta: 0:00:59  lr: 0.06985739453173906  img/s: 8051.936408902754  loss: 1.0376 (1.0376)  time: 0.6090  data: 0.5769  max mem: 543
2023-03-01 20:56:07,207	INFO	torchdistill.misc.log	Epoch: [74] Total time: 0:00:05
2023-03-01 20:56:08,237	INFO	torchdistill.misc.log	Epoch: [75]  [ 0/98]  eta: 0:01:33  lr: 0.06913417161825453  img/s: 4960.967223870115  loss: 0.8645 (0.8645)  time: 0.9523  data: 0.9005  max mem: 543
2023-03-01 20:56:12,820	INFO	torchdistill.misc.log	Epoch: [75] Total time: 0:00:05
2023-03-01 20:56:13,729	INFO	torchdistill.misc.log	Epoch: [76]  [ 0/98]  eta: 0:01:20  lr: 0.06840622763423394  img/s: 3514.10504267686  loss: 0.8931 (0.8931)  time: 0.8199  data: 0.7469  max mem: 543
2023-03-01 20:56:18,417	INFO	torchdistill.misc.log	Epoch: [76] Total time: 0:00:05
2023-03-01 20:56:19,053	INFO	torchdistill.misc.log	Epoch: [77]  [ 0/98]  eta: 0:00:53  lr: 0.0676737421889629  img/s: 7830.501257994647  loss: 0.9340 (0.9340)  time: 0.5446  data: 0.5117  max mem: 543
2023-03-01 20:56:24,212	INFO	torchdistill.misc.log	Epoch: [77] Total time: 0:00:05
2023-03-01 20:56:24,925	INFO	torchdistill.misc.log	Epoch: [78]  [ 0/98]  eta: 0:00:53  lr: 0.06693689601226462  img/s: 7840.507521102901  loss: 0.8962 (0.8962)  time: 0.5493  data: 0.5164  max mem: 543
2023-03-01 20:56:29,842	INFO	torchdistill.misc.log	Epoch: [78] Total time: 0:00:05
2023-03-01 20:56:30,525	INFO	torchdistill.misc.log	Epoch: [79]  [ 0/98]  eta: 0:00:53  lr: 0.06619587090990751  img/s: 5681.684722964499  loss: 0.8961 (0.8961)  time: 0.5458  data: 0.5006  max mem: 543
2023-03-01 20:56:35,499	INFO	torchdistill.misc.log	Epoch: [79] Total time: 0:00:05
2023-03-01 20:56:36,073	INFO	torchdistill.misc.log	Validation:  [ 0/98]  eta: 0:00:55  acc1: 46.0938 (46.0938)  acc5: 79.6875 (79.6875)  time: 0.5639  data: 0.5446  max mem: 543
2023-03-01 20:56:38,615	INFO	torchdistill.misc.log	Validation: Total time: 0:00:03
2023-03-01 20:56:38,616	INFO	__main__	 * Acc@1 46.3240	Acc@5 77.9320

2023-03-01 20:56:39,400	INFO	torchdistill.misc.log	Epoch: [80]  [ 0/98]  eta: 0:01:09  lr: 0.06545084971874741  img/s: 5238.94056227251  loss: 1.0168 (1.0168)  time: 0.7127  data: 0.6636  max mem: 543
2023-03-01 20:56:44,258	INFO	torchdistill.misc.log	Epoch: [80] Total time: 0:00:05
2023-03-01 20:56:44,924	INFO	torchdistill.misc.log	Epoch: [81]  [ 0/98]  eta: 0:00:55  lr: 0.06470201626161524  img/s: 5789.895034267812  loss: 0.7743 (0.7743)  time: 0.5671  data: 0.5226  max mem: 543
2023-03-01 20:56:50,075	INFO	torchdistill.misc.log	Epoch: [81] Total time: 0:00:05
2023-03-01 20:56:50,994	INFO	torchdistill.misc.log	Epoch: [82]  [ 0/98]  eta: 0:01:22  lr: 0.06394955530196152  img/s: 4666.636927449813  loss: 0.8405 (0.8405)  time: 0.8404  data: 0.7853  max mem: 543
2023-03-01 20:56:55,791	INFO	torchdistill.misc.log	Epoch: [82] Total time: 0:00:05
2023-03-01 20:56:56,567	INFO	torchdistill.misc.log	Epoch: [83]  [ 0/98]  eta: 0:01:08  lr: 0.06319365249826868  img/s: 6264.209137209831  loss: 0.9015 (0.9015)  time: 0.6969  data: 0.6558  max mem: 543
2023-03-01 20:57:01,427	INFO	torchdistill.misc.log	Epoch: [83] Total time: 0:00:05
2023-03-01 20:57:02,099	INFO	torchdistill.misc.log	Epoch: [84]  [ 0/98]  eta: 0:00:57  lr: 0.06243449435824277  img/s: 7846.924961267503  loss: 0.9374 (0.9374)  time: 0.5903  data: 0.5575  max mem: 543
2023-03-01 20:57:07,151	INFO	torchdistill.misc.log	Epoch: [84] Total time: 0:00:05
2023-03-01 20:57:07,861	INFO	torchdistill.misc.log	Epoch: [85]  [ 0/98]  eta: 0:01:02  lr: 0.06167226819279532  img/s: 7860.999802329582  loss: 0.8709 (0.8709)  time: 0.6346  data: 0.6018  max mem: 543
2023-03-01 20:57:12,778	INFO	torchdistill.misc.log	Epoch: [85] Total time: 0:00:05
2023-03-01 20:57:13,774	INFO	torchdistill.misc.log	Epoch: [86]  [ 0/98]  eta: 0:01:24  lr: 0.06090716206982718  img/s: 4915.140000732413  loss: 0.7706 (0.7706)  time: 0.8575  data: 0.8052  max mem: 543
2023-03-01 20:57:18,395	INFO	torchdistill.misc.log	Epoch: [86] Total time: 0:00:05
2023-03-01 20:57:19,307	INFO	torchdistill.misc.log	Epoch: [87]  [ 0/98]  eta: 0:01:20  lr: 0.06013936476782568  img/s: 4525.934800751975  loss: 0.8937 (0.8937)  time: 0.8265  data: 0.7697  max mem: 543
2023-03-01 20:57:23,931	INFO	torchdistill.misc.log	Epoch: [87] Total time: 0:00:05
2023-03-01 20:57:24,810	INFO	torchdistill.misc.log	Epoch: [88]  [ 0/98]  eta: 0:01:18  lr: 0.05936906572928629  img/s: 4963.627481254796  loss: 0.8295 (0.8295)  time: 0.8019  data: 0.7501  max mem: 543
2023-03-01 20:57:29,342	INFO	torchdistill.misc.log	Epoch: [88] Total time: 0:00:05
2023-03-01 20:57:30,112	INFO	torchdistill.misc.log	Epoch: [89]  [ 0/98]  eta: 0:01:08  lr: 0.05859645501397052  img/s: 4032.227361147621  loss: 0.8629 (0.8629)  time: 0.6940  data: 0.6303  max mem: 543
2023-03-01 20:57:34,955	INFO	torchdistill.misc.log	Epoch: [89] Total time: 0:00:05
2023-03-01 20:57:35,533	INFO	torchdistill.misc.log	Validation:  [ 0/98]  eta: 0:00:55  acc1: 49.2188 (49.2188)  acc5: 79.2969 (79.2969)  time: 0.5701  data: 0.5592  max mem: 543
2023-03-01 20:57:38,041	INFO	torchdistill.misc.log	Validation: Total time: 0:00:03
2023-03-01 20:57:38,043	INFO	__main__	 * Acc@1 52.5480	Acc@5 81.9920

2023-03-01 20:57:38,043	INFO	__main__	Best top-1 accuracy: 46.6960 -> 52.5480
2023-03-01 20:57:38,044	INFO	__main__	Updating ckpt at ./resource/ckpt/cifar100/ce/cifar100-resnet20-teacher-equal_split.pt
2023-03-01 20:57:38,882	INFO	torchdistill.misc.log	Epoch: [90]  [ 0/98]  eta: 0:01:13  lr: 0.05782172325201159  img/s: 4646.965650060806  loss: 0.7737 (0.7737)  time: 0.7464  data: 0.6911  max mem: 543
2023-03-01 20:57:43,660	INFO	torchdistill.misc.log	Epoch: [90] Total time: 0:00:05
2023-03-01 20:57:44,320	INFO	torchdistill.misc.log	Epoch: [91]  [ 0/98]  eta: 0:00:55  lr: 0.057045061596879186  img/s: 4850.899818838125  loss: 0.8336 (0.8336)  time: 0.5678  data: 0.5147  max mem: 543
2023-03-01 20:57:49,164	INFO	torchdistill.misc.log	Epoch: [91] Total time: 0:00:05
2023-03-01 20:57:49,928	INFO	torchdistill.misc.log	Epoch: [92]  [ 0/98]  eta: 0:01:07  lr: 0.056266661678215264  img/s: 5907.567928607977  loss: 0.8695 (0.8695)  time: 0.6865  data: 0.6429  max mem: 543
2023-03-01 20:57:54,667	INFO	torchdistill.misc.log	Epoch: [92] Total time: 0:00:05
2023-03-01 20:57:55,325	INFO	torchdistill.misc.log	Epoch: [93]  [ 0/98]  eta: 0:00:55  lr: 0.055486715554552306  img/s: 6240.508101824945  loss: 0.6245 (0.6245)  time: 0.5615  data: 0.5203  max mem: 543
2023-03-01 20:58:00,181	INFO	torchdistill.misc.log	Epoch: [93] Total time: 0:00:05
2023-03-01 20:58:00,983	INFO	torchdistill.misc.log	Epoch: [94]  [ 0/98]  eta: 0:01:11  lr: 0.05470541566592575  img/s: 5381.220457563836  loss: 0.7209 (0.7209)  time: 0.7325  data: 0.6847  max mem: 543
2023-03-01 20:58:05,751	INFO	torchdistill.misc.log	Epoch: [94] Total time: 0:00:05
2023-03-01 20:58:06,413	INFO	torchdistill.misc.log	Epoch: [95]  [ 0/98]  eta: 0:00:53  lr: 0.05392295478639229  img/s: 7811.360652994711  loss: 0.7717 (0.7717)  time: 0.5428  data: 0.5097  max mem: 543
2023-03-01 20:58:11,382	INFO	torchdistill.misc.log	Epoch: [95] Total time: 0:00:05
2023-03-01 20:58:12,197	INFO	torchdistill.misc.log	Epoch: [96]  [ 0/98]  eta: 0:01:09  lr: 0.05313952597646571  img/s: 4459.208877371341  loss: 0.6679 (0.6679)  time: 0.7134  data: 0.6558  max mem: 543
2023-03-01 20:58:16,840	INFO	torchdistill.misc.log	Epoch: [96] Total time: 0:00:05
2023-03-01 20:58:17,637	INFO	torchdistill.misc.log	Epoch: [97]  [ 0/98]  eta: 0:01:03  lr: 0.05235532253548216  img/s: 5690.145435660459  loss: 0.7853 (0.7853)  time: 0.6521  data: 0.6069  max mem: 543
2023-03-01 20:58:22,450	INFO	torchdistill.misc.log	Epoch: [97] Total time: 0:00:05
2023-03-01 20:58:23,234	INFO	torchdistill.misc.log	Epoch: [98]  [ 0/98]  eta: 0:01:09  lr: 0.051570537953906447  img/s: 6686.480745279729  loss: 0.7176 (0.7176)  time: 0.7081  data: 0.6696  max mem: 543
2023-03-01 20:58:28,071	INFO	torchdistill.misc.log	Epoch: [98] Total time: 0:00:05
2023-03-01 20:58:29,102	INFO	torchdistill.misc.log	Epoch: [99]  [ 0/98]  eta: 0:01:30  lr: 0.05078536586559106  img/s: 8015.152010988027  loss: 0.8968 (0.8968)  time: 0.9268  data: 0.8946  max mem: 543
2023-03-01 20:58:33,561	INFO	torchdistill.misc.log	Epoch: [99] Total time: 0:00:05
2023-03-01 20:58:34,226	INFO	torchdistill.misc.log	Validation:  [ 0/98]  eta: 0:01:04  acc1: 56.2500 (56.2500)  acc5: 83.9844 (83.9844)  time: 0.6544  data: 0.6434  max mem: 543
2023-03-01 20:58:36,680	INFO	torchdistill.misc.log	Validation: Total time: 0:00:03
2023-03-01 20:58:36,681	INFO	__main__	 * Acc@1 52.6000	Acc@5 82.2480

2023-03-01 20:58:36,682	INFO	__main__	Best top-1 accuracy: 52.5480 -> 52.6000
2023-03-01 20:58:36,682	INFO	__main__	Updating ckpt at ./resource/ckpt/cifar100/ce/cifar100-resnet20-teacher-equal_split.pt
2023-03-01 20:58:37,634	INFO	torchdistill.misc.log	Epoch: [100]  [ 0/98]  eta: 0:01:25  lr: 0.050000000000000024  img/s: 7122.523757404496  loss: 0.7381 (0.7381)  time: 0.8680  data: 0.8318  max mem: 543
2023-03-01 20:58:42,091	INFO	torchdistill.misc.log	Epoch: [100] Total time: 0:00:05
2023-03-01 20:58:42,806	INFO	torchdistill.misc.log	Epoch: [101]  [ 0/98]  eta: 0:01:01  lr: 0.049214634134409  img/s: 7499.244475485403  loss: 0.6765 (0.6765)  time: 0.6276  data: 0.5933  max mem: 543
2023-03-01 20:58:47,535	INFO	torchdistill.misc.log	Epoch: [101] Total time: 0:00:05
2023-03-01 20:58:48,412	INFO	torchdistill.misc.log	Epoch: [102]  [ 0/98]  eta: 0:01:15  lr: 0.04842946204609361  img/s: 4738.594514442067  loss: 0.5990 (0.5990)  time: 0.7753  data: 0.7211  max mem: 543
2023-03-01 20:58:53,107	INFO	torchdistill.misc.log	Epoch: [102] Total time: 0:00:05
2023-03-01 20:58:53,862	INFO	torchdistill.misc.log	Epoch: [103]  [ 0/98]  eta: 0:01:03  lr: 0.04764467746451789  img/s: 4738.40631233341  loss: 0.8154 (0.8154)  time: 0.6513  data: 0.5970  max mem: 543
2023-03-01 20:58:58,773	INFO	torchdistill.misc.log	Epoch: [103] Total time: 0:00:05
2023-03-01 20:58:59,576	INFO	torchdistill.misc.log	Epoch: [104]  [ 0/98]  eta: 0:01:10  lr: 0.046860474023534354  img/s: 5691.653541971461  loss: 0.7179 (0.7179)  time: 0.7158  data: 0.6706  max mem: 543
2023-03-01 20:59:04,407	INFO	torchdistill.misc.log	Epoch: [104] Total time: 0:00:05
2023-03-01 20:59:05,111	INFO	torchdistill.misc.log	Epoch: [105]  [ 0/98]  eta: 0:01:00  lr: 0.04607704521360778  img/s: 7809.542617334952  loss: 0.6583 (0.6583)  time: 0.6187  data: 0.5857  max mem: 543
2023-03-01 20:59:09,983	INFO	torchdistill.misc.log	Epoch: [105] Total time: 0:00:05
2023-03-01 20:59:10,772	INFO	torchdistill.misc.log	Epoch: [106]  [ 0/98]  eta: 0:01:03  lr: 0.04529458433407431  img/s: 7654.603304960292  loss: 0.7466 (0.7466)  time: 0.6530  data: 0.6193  max mem: 543
2023-03-01 20:59:15,437	INFO	torchdistill.misc.log	Epoch: [106] Total time: 0:00:05
2023-03-01 20:59:16,148	INFO	torchdistill.misc.log	Epoch: [107]  [ 0/98]  eta: 0:01:02  lr: 0.04451328444544776  img/s: 4516.8531922143375  loss: 0.6944 (0.6944)  time: 0.6419  data: 0.5850  max mem: 543
2023-03-01 20:59:20,996	INFO	torchdistill.misc.log	Epoch: [107] Total time: 0:00:05
2023-03-01 20:59:21,709	INFO	torchdistill.misc.log	Epoch: [108]  [ 0/98]  eta: 0:00:57  lr: 0.04373333832178482  img/s: 5418.805981297091  loss: 0.6313 (0.6313)  time: 0.5901  data: 0.5426  max mem: 543
2023-03-01 20:59:26,592	INFO	torchdistill.misc.log	Epoch: [108] Total time: 0:00:05
2023-03-01 20:59:27,353	INFO	torchdistill.misc.log	Epoch: [109]  [ 0/98]  eta: 0:01:06  lr: 0.0429549384031209  img/s: 6220.5514332723105  loss: 0.6991 (0.6991)  time: 0.6801  data: 0.6387  max mem: 543
2023-03-01 20:59:32,234	INFO	torchdistill.misc.log	Epoch: [109] Total time: 0:00:05
2023-03-01 20:59:32,912	INFO	torchdistill.misc.log	Validation:  [ 0/98]  eta: 0:01:05  acc1: 51.5625 (51.5625)  acc5: 82.4219 (82.4219)  time: 0.6675  data: 0.6564  max mem: 543
2023-03-01 20:59:35,330	INFO	torchdistill.misc.log	Validation: Total time: 0:00:03
2023-03-01 20:59:35,332	INFO	__main__	 * Acc@1 53.7480	Acc@5 82.6520

2023-03-01 20:59:35,333	INFO	__main__	Best top-1 accuracy: 52.6000 -> 53.7480
2023-03-01 20:59:35,333	INFO	__main__	Updating ckpt at ./resource/ckpt/cifar100/ce/cifar100-resnet20-teacher-equal_split.pt
2023-03-01 20:59:36,240	INFO	torchdistill.misc.log	Epoch: [110]  [ 0/98]  eta: 0:01:21  lr: 0.042178276747988484  img/s: 6653.994744930841  loss: 0.6690 (0.6690)  time: 0.8335  data: 0.7948  max mem: 543
2023-03-01 20:59:40,944	INFO	torchdistill.misc.log	Epoch: [110] Total time: 0:00:05
2023-03-01 20:59:41,718	INFO	torchdistill.misc.log	Epoch: [111]  [ 0/98]  eta: 0:01:06  lr: 0.04140354498602954  img/s: 7561.189406156034  loss: 0.7719 (0.7719)  time: 0.6782  data: 0.6441  max mem: 543
2023-03-01 20:59:46,518	INFO	torchdistill.misc.log	Epoch: [111] Total time: 0:00:05
2023-03-01 20:59:47,385	INFO	torchdistill.misc.log	Epoch: [112]  [ 0/98]  eta: 0:01:17  lr: 0.0406309342707138  img/s: 4996.495209377428  loss: 0.6104 (0.6104)  time: 0.7906  data: 0.7391  max mem: 543
2023-03-01 20:59:51,938	INFO	torchdistill.misc.log	Epoch: [112] Total time: 0:00:05
2023-03-01 20:59:52,603	INFO	torchdistill.misc.log	Epoch: [113]  [ 0/98]  eta: 0:00:57  lr: 0.03986063523217441  img/s: 7924.235422616807  loss: 0.6172 (0.6172)  time: 0.5851  data: 0.5526  max mem: 543
2023-03-01 20:59:57,466	INFO	torchdistill.misc.log	Epoch: [113] Total time: 0:00:05
2023-03-01 20:59:58,296	INFO	torchdistill.misc.log	Epoch: [114]  [ 0/98]  eta: 0:01:10  lr: 0.039092837930172916  img/s: 5745.43745384887  loss: 0.5084 (0.5084)  time: 0.7143  data: 0.6695  max mem: 543
2023-03-01 21:00:03,136	INFO	torchdistill.misc.log	Epoch: [114] Total time: 0:00:05
2023-03-01 21:00:03,809	INFO	torchdistill.misc.log	Epoch: [115]  [ 0/98]  eta: 0:00:53  lr: 0.03832773180720475  img/s: 7003.410084987314  loss: 0.6155 (0.6155)  time: 0.5502  data: 0.5134  max mem: 543
2023-03-01 21:00:08,763	INFO	torchdistill.misc.log	Epoch: [115] Total time: 0:00:05
2023-03-01 21:00:09,498	INFO	torchdistill.misc.log	Epoch: [116]  [ 0/98]  eta: 0:01:04  lr: 0.037565505641757285  img/s: 5705.080676698121  loss: 0.5286 (0.5286)  time: 0.6587  data: 0.6136  max mem: 543
2023-03-01 21:00:14,331	INFO	torchdistill.misc.log	Epoch: [116] Total time: 0:00:05
2023-03-01 21:00:15,148	INFO	torchdistill.misc.log	Epoch: [117]  [ 0/98]  eta: 0:01:11  lr: 0.03680634750173138  img/s: 6734.161345149172  loss: 0.5468 (0.5468)  time: 0.7311  data: 0.6929  max mem: 543
2023-03-01 21:00:20,000	INFO	torchdistill.misc.log	Epoch: [117] Total time: 0:00:05
2023-03-01 21:00:20,625	INFO	torchdistill.misc.log	Epoch: [118]  [ 0/98]  eta: 0:00:53  lr: 0.036050444698038565  img/s: 6877.22938576827  loss: 0.6292 (0.6292)  time: 0.5468  data: 0.5094  max mem: 543
2023-03-01 21:00:25,427	INFO	torchdistill.misc.log	Epoch: [118] Total time: 0:00:05
2023-03-01 21:00:26,047	INFO	torchdistill.misc.log	Epoch: [119]  [ 0/98]  eta: 0:00:54  lr: 0.03529798373838483  img/s: 5505.380183044069  loss: 0.6160 (0.6160)  time: 0.5522  data: 0.5055  max mem: 543
2023-03-01 21:00:30,902	INFO	torchdistill.misc.log	Epoch: [119] Total time: 0:00:05
2023-03-01 21:00:31,385	INFO	torchdistill.misc.log	Validation:  [ 0/98]  eta: 0:00:46  acc1: 54.2969 (54.2969)  acc5: 83.5938 (83.5938)  time: 0.4708  data: 0.4599  max mem: 543
2023-03-01 21:00:34,047	INFO	torchdistill.misc.log	Validation: Total time: 0:00:03
2023-03-01 21:00:34,048	INFO	__main__	 * Acc@1 54.1760	Acc@5 83.0800

2023-03-01 21:00:34,049	INFO	__main__	Best top-1 accuracy: 53.7480 -> 54.1760
2023-03-01 21:00:34,049	INFO	__main__	Updating ckpt at ./resource/ckpt/cifar100/ce/cifar100-resnet20-teacher-equal_split.pt
2023-03-01 21:00:34,732	INFO	torchdistill.misc.log	Epoch: [120]  [ 0/98]  eta: 0:00:54  lr: 0.03454915028125267  img/s: 7220.131284672024  loss: 0.5752 (0.5752)  time: 0.5546  data: 0.5189  max mem: 543
2023-03-01 21:00:39,719	INFO	torchdistill.misc.log	Epoch: [120] Total time: 0:00:05
2023-03-01 21:00:40,656	INFO	torchdistill.misc.log	Epoch: [121]  [ 0/98]  eta: 0:01:22  lr: 0.03380412909009255  img/s: 5923.112444836716  loss: 0.5232 (0.5232)  time: 0.8409  data: 0.7975  max mem: 543
2023-03-01 21:00:45,315	INFO	torchdistill.misc.log	Epoch: [121] Total time: 0:00:05
2023-03-01 21:00:46,294	INFO	torchdistill.misc.log	Epoch: [122]  [ 0/98]  eta: 0:01:25  lr: 0.03306310398773545  img/s: 7015.261038299207  loss: 0.5781 (0.5781)  time: 0.8700  data: 0.8333  max mem: 543
2023-03-01 21:00:50,777	INFO	torchdistill.misc.log	Epoch: [122] Total time: 0:00:05
2023-03-01 21:00:51,388	INFO	torchdistill.misc.log	Epoch: [123]  [ 0/98]  eta: 0:00:53  lr: 0.03232625781103717  img/s: 8028.816653705809  loss: 0.4596 (0.4596)  time: 0.5437  data: 0.5116  max mem: 543
2023-03-01 21:00:56,206	INFO	torchdistill.misc.log	Epoch: [123] Total time: 0:00:05
2023-03-01 21:00:57,172	INFO	torchdistill.misc.log	Epoch: [124]  [ 0/98]  eta: 0:01:18  lr: 0.03159377236576613  img/s: 3376.3130349472676  loss: 0.5341 (0.5341)  time: 0.8054  data: 0.7294  max mem: 543
2023-03-01 21:01:01,764	INFO	torchdistill.misc.log	Epoch: [124] Total time: 0:00:05
2023-03-01 21:01:02,605	INFO	torchdistill.misc.log	Epoch: [125]  [ 0/98]  eta: 0:01:13  lr: 0.030865828381745543  img/s: 5700.053213288458  loss: 0.4945 (0.4945)  time: 0.7515  data: 0.7064  max mem: 543
2023-03-01 21:01:07,431	INFO	torchdistill.misc.log	Epoch: [125] Total time: 0:00:05
2023-03-01 21:01:08,404	INFO	torchdistill.misc.log	Epoch: [126]  [ 0/98]  eta: 0:01:26  lr: 0.03014260546826098  img/s: 7022.464365831485  loss: 0.4479 (0.4479)  time: 0.8804  data: 0.8437  max mem: 543
2023-03-01 21:01:12,938	INFO	torchdistill.misc.log	Epoch: [126] Total time: 0:00:05
2023-03-01 21:01:13,836	INFO	torchdistill.misc.log	Epoch: [127]  [ 0/98]  eta: 0:01:18  lr: 0.02942428206974458  img/s: 3746.71760264078  loss: 0.4828 (0.4828)  time: 0.8053  data: 0.7367  max mem: 543
2023-03-01 21:01:18,426	INFO	torchdistill.misc.log	Epoch: [127] Total time: 0:00:05
2023-03-01 21:01:19,315	INFO	torchdistill.misc.log	Epoch: [128]  [ 0/98]  eta: 0:01:19  lr: 0.028711035421746387  img/s: 6814.206810768274  loss: 0.5444 (0.5444)  time: 0.8101  data: 0.7723  max mem: 543
2023-03-01 21:01:23,943	INFO	torchdistill.misc.log	Epoch: [128] Total time: 0:00:05
2023-03-01 21:01:24,640	INFO	torchdistill.misc.log	Epoch: [129]  [ 0/98]  eta: 0:00:58  lr: 0.02800304150720426  img/s: 4899.79841197408  loss: 0.4597 (0.4597)  time: 0.5927  data: 0.5402  max mem: 543
2023-03-01 21:01:29,459	INFO	torchdistill.misc.log	Epoch: [129] Total time: 0:00:05
2023-03-01 21:01:30,045	INFO	torchdistill.misc.log	Validation:  [ 0/98]  eta: 0:00:56  acc1: 53.9062 (53.9062)  acc5: 81.2500 (81.2500)  time: 0.5763  data: 0.5652  max mem: 543
2023-03-01 21:01:32,551	INFO	torchdistill.misc.log	Validation: Total time: 0:00:03
2023-03-01 21:01:32,553	INFO	__main__	 * Acc@1 54.0480	Acc@5 82.6120

2023-03-01 21:01:33,236	INFO	torchdistill.misc.log	Epoch: [130]  [ 0/98]  eta: 0:00:54  lr: 0.02730047501302268  img/s: 5772.402057920683  loss: 0.4269 (0.4269)  time: 0.5514  data: 0.5069  max mem: 543
2023-03-01 21:01:38,209	INFO	torchdistill.misc.log	Epoch: [130] Total time: 0:00:05
2023-03-01 21:01:39,088	INFO	torchdistill.misc.log	Epoch: [131]  [ 0/98]  eta: 0:01:18  lr: 0.026603509286971357  img/s: 4938.060834613369  loss: 0.3839 (0.3839)  time: 0.8036  data: 0.7516  max mem: 543
2023-03-01 21:01:43,687	INFO	torchdistill.misc.log	Epoch: [131] Total time: 0:00:05
2023-03-01 21:01:44,483	INFO	torchdistill.misc.log	Epoch: [132]  [ 0/98]  eta: 0:01:09  lr: 0.025912316294914244  img/s: 3851.5050092365086  loss: 0.5214 (0.5214)  time: 0.7114  data: 0.6448  max mem: 543
2023-03-01 21:01:49,352	INFO	torchdistill.misc.log	Epoch: [132] Total time: 0:00:05
2023-03-01 21:01:50,178	INFO	torchdistill.misc.log	Epoch: [133]  [ 0/98]  eta: 0:01:11  lr: 0.025227066578379632  img/s: 5754.2434297963555  loss: 0.4048 (0.4048)  time: 0.7250  data: 0.6803  max mem: 543
2023-03-01 21:01:54,997	INFO	torchdistill.misc.log	Epoch: [133] Total time: 0:00:05
2023-03-01 21:01:55,824	INFO	torchdistill.misc.log	Epoch: [134]  [ 0/98]  eta: 0:01:06  lr: 0.024547929212481445  img/s: 5035.6747691427445  loss: 0.4749 (0.4749)  time: 0.6754  data: 0.6243  max mem: 543
2023-03-01 21:02:00,452	INFO	torchdistill.misc.log	Epoch: [134] Total time: 0:00:05
2023-03-01 21:02:01,391	INFO	torchdistill.misc.log	Epoch: [135]  [ 0/98]  eta: 0:01:24  lr: 0.02387507176420257  img/s: 3807.338597754052  loss: 0.4858 (0.4858)  time: 0.8667  data: 0.7992  max mem: 543
2023-03-01 21:02:06,083	INFO	torchdistill.misc.log	Epoch: [135] Total time: 0:00:05
2023-03-01 21:02:06,736	INFO	torchdistill.misc.log	Epoch: [136]  [ 0/98]  eta: 0:00:54  lr: 0.023208660251050166  img/s: 7971.475626958084  loss: 0.3582 (0.3582)  time: 0.5541  data: 0.5218  max mem: 543
2023-03-01 21:02:11,555	INFO	torchdistill.misc.log	Epoch: [136] Total time: 0:00:05
2023-03-01 21:02:12,392	INFO	torchdistill.misc.log	Epoch: [137]  [ 0/98]  eta: 0:01:12  lr: 0.022548859100093414  img/s: 5553.243398119512  loss: 0.4021 (0.4021)  time: 0.7360  data: 0.6897  max mem: 543
2023-03-01 21:02:17,126	INFO	torchdistill.misc.log	Epoch: [137] Total time: 0:00:05
2023-03-01 21:02:18,160	INFO	torchdistill.misc.log	Epoch: [138]  [ 0/98]  eta: 0:01:32  lr: 0.021895831107393474  img/s: 4279.7996859131235  loss: 0.4073 (0.4073)  time: 0.9420  data: 0.8819  max mem: 543
2023-03-01 21:02:22,581	INFO	torchdistill.misc.log	Epoch: [138] Total time: 0:00:05
2023-03-01 21:02:23,469	INFO	torchdistill.misc.log	Epoch: [139]  [ 0/98]  eta: 0:01:16  lr: 0.02124973739783608  img/s: 4375.351249149372  loss: 0.4868 (0.4868)  time: 0.7844  data: 0.7257  max mem: 543
2023-03-01 21:02:28,229	INFO	torchdistill.misc.log	Epoch: [139] Total time: 0:00:05
2023-03-01 21:02:28,750	INFO	torchdistill.misc.log	Validation:  [ 0/98]  eta: 0:00:49  acc1: 55.0781 (55.0781)  acc5: 85.9375 (85.9375)  time: 0.5097  data: 0.4981  max mem: 543
2023-03-01 21:02:31,314	INFO	torchdistill.misc.log	Validation: Total time: 0:00:03
2023-03-01 21:02:31,315	INFO	__main__	 * Acc@1 54.8880	Acc@5 83.4320

2023-03-01 21:02:31,316	INFO	__main__	Best top-1 accuracy: 54.1760 -> 54.8880
2023-03-01 21:02:31,316	INFO	__main__	Updating ckpt at ./resource/ckpt/cifar100/ce/cifar100-resnet20-teacher-equal_split.pt
2023-03-01 21:02:32,159	INFO	torchdistill.misc.log	Epoch: [140]  [ 0/98]  eta: 0:01:13  lr: 0.02061073738537636  img/s: 3656.0007354618597  loss: 0.4370 (0.4370)  time: 0.7476  data: 0.6774  max mem: 543
2023-03-01 21:02:36,881	INFO	torchdistill.misc.log	Epoch: [140] Total time: 0:00:05
2023-03-01 21:02:37,636	INFO	torchdistill.misc.log	Epoch: [141]  [ 0/98]  eta: 0:01:05  lr: 0.019978988733705814  img/s: 4996.192972007148  loss: 0.4020 (0.4020)  time: 0.6682  data: 0.6167  max mem: 543
2023-03-01 21:02:42,463	INFO	torchdistill.misc.log	Epoch: [141] Total time: 0:00:05
2023-03-01 21:02:43,413	INFO	torchdistill.misc.log	Epoch: [142]  [ 0/98]  eta: 0:01:18  lr: 0.01935464731735118  img/s: 5748.359524816507  loss: 0.3432 (0.3432)  time: 0.8034  data: 0.7586  max mem: 543
2023-03-01 21:02:48,179	INFO	torchdistill.misc.log	Epoch: [142] Total time: 0:00:05
2023-03-01 21:02:48,837	INFO	torchdistill.misc.log	Epoch: [143]  [ 0/98]  eta: 0:00:56  lr: 0.018737867183214747  img/s: 5778.05545899231  loss: 0.3754 (0.3754)  time: 0.5716  data: 0.5270  max mem: 543
2023-03-01 21:02:53,622	INFO	torchdistill.misc.log	Epoch: [143] Total time: 0:00:05
2023-03-01 21:02:54,298	INFO	torchdistill.misc.log	Epoch: [144]  [ 0/98]  eta: 0:00:58  lr: 0.01812880051256552  img/s: 7720.873114259006  loss: 0.3806 (0.3806)  time: 0.5993  data: 0.5659  max mem: 543
2023-03-01 21:02:59,250	INFO	torchdistill.misc.log	Epoch: [144] Total time: 0:00:05
2023-03-01 21:03:00,096	INFO	torchdistill.misc.log	Epoch: [145]  [ 0/98]  eta: 0:01:13  lr: 0.017527597583490827  img/s: 5432.239156940418  loss: 0.3632 (0.3632)  time: 0.7474  data: 0.7001  max mem: 543
2023-03-01 21:03:04,881	INFO	torchdistill.misc.log	Epoch: [145] Total time: 0:00:05
2023-03-01 21:03:05,794	INFO	torchdistill.misc.log	Epoch: [146]  [ 0/98]  eta: 0:01:20  lr: 0.01693440673381742  img/s: 4475.266846720683  loss: 0.3729 (0.3729)  time: 0.8196  data: 0.7622  max mem: 543
2023-03-01 21:03:10,312	INFO	torchdistill.misc.log	Epoch: [146] Total time: 0:00:05
2023-03-01 21:03:11,148	INFO	torchdistill.misc.log	Epoch: [147]  [ 0/98]  eta: 0:01:13  lr: 0.016349374324511334  img/s: 7372.980004394639  loss: 0.2756 (0.2756)  time: 0.7507  data: 0.7158  max mem: 543
2023-03-01 21:03:15,804	INFO	torchdistill.misc.log	Epoch: [147] Total time: 0:00:05
2023-03-01 21:03:16,495	INFO	torchdistill.misc.log	Epoch: [148]  [ 0/98]  eta: 0:00:59  lr: 0.01577264470356557  img/s: 7993.313660388595  loss: 0.3124 (0.3124)  time: 0.6078  data: 0.5756  max mem: 543
2023-03-01 21:03:21,438	INFO	torchdistill.misc.log	Epoch: [148] Total time: 0:00:05
2023-03-01 21:03:22,136	INFO	torchdistill.misc.log	Epoch: [149]  [ 0/98]  eta: 0:01:00  lr: 0.01520436017038429  img/s: 5621.449489026638  loss: 0.3094 (0.3094)  time: 0.6158  data: 0.5701  max mem: 543
2023-03-01 21:03:27,077	INFO	torchdistill.misc.log	Epoch: [149] Total time: 0:00:05
2023-03-01 21:03:27,716	INFO	torchdistill.misc.log	Validation:  [ 0/98]  eta: 0:01:01  acc1: 59.7656 (59.7656)  acc5: 85.1562 (85.1562)  time: 0.6315  data: 0.6162  max mem: 543
2023-03-01 21:03:30,146	INFO	torchdistill.misc.log	Validation: Total time: 0:00:03
2023-03-01 21:03:30,148	INFO	__main__	 * Acc@1 57.6160	Acc@5 84.8520

2023-03-01 21:03:30,148	INFO	__main__	Best top-1 accuracy: 54.8880 -> 57.6160
2023-03-01 21:03:30,148	INFO	__main__	Updating ckpt at ./resource/ckpt/cifar100/ce/cifar100-resnet20-teacher-equal_split.pt
2023-03-01 21:03:30,853	INFO	torchdistill.misc.log	Epoch: [150]  [ 0/98]  eta: 0:01:00  lr: 0.014644660940672632  img/s: 3842.009718256439  loss: 0.2830 (0.2830)  time: 0.6191  data: 0.5522  max mem: 543
2023-03-01 21:03:35,692	INFO	torchdistill.misc.log	Epoch: [150] Total time: 0:00:05
2023-03-01 21:03:36,486	INFO	torchdistill.misc.log	Epoch: [151]  [ 0/98]  eta: 0:01:09  lr: 0.01409368511184057  img/s: 7337.610015444121  loss: 0.3258 (0.3258)  time: 0.7046  data: 0.6695  max mem: 543
2023-03-01 21:03:41,251	INFO	torchdistill.misc.log	Epoch: [151] Total time: 0:00:05
2023-03-01 21:03:42,183	INFO	torchdistill.misc.log	Epoch: [152]  [ 0/98]  eta: 0:01:22  lr: 0.013551568628929438  img/s: 7905.798419932704  loss: 0.2850 (0.2850)  time: 0.8379  data: 0.8053  max mem: 543
2023-03-01 21:03:46,735	INFO	torchdistill.misc.log	Epoch: [152] Total time: 0:00:05
2023-03-01 21:03:47,474	INFO	torchdistill.misc.log	Epoch: [153]  [ 0/98]  eta: 0:01:00  lr: 0.013018445251069516  img/s: 7875.818387196151  loss: 0.2948 (0.2948)  time: 0.6170  data: 0.5842  max mem: 543
2023-03-01 21:03:52,472	INFO	torchdistill.misc.log	Epoch: [153] Total time: 0:00:05
2023-03-01 21:03:53,373	INFO	torchdistill.misc.log	Epoch: [154]  [ 0/98]  eta: 0:01:17  lr: 0.012494446518477026  img/s: 5271.217944123437  loss: 0.3335 (0.3335)  time: 0.7860  data: 0.7373  max mem: 543
2023-03-01 21:03:58,170	INFO	torchdistill.misc.log	Epoch: [154] Total time: 0:00:05
2023-03-01 21:03:58,882	INFO	torchdistill.misc.log	Epoch: [155]  [ 0/98]  eta: 0:01:01  lr: 0.011979701719998459  img/s: 4904.050349394839  loss: 0.2696 (0.2696)  time: 0.6298  data: 0.5774  max mem: 543
2023-03-01 21:04:03,628	INFO	torchdistill.misc.log	Epoch: [155] Total time: 0:00:05
2023-03-01 21:04:04,559	INFO	torchdistill.misc.log	Epoch: [156]  [ 0/98]  eta: 0:01:15  lr: 0.011474337861210548  img/s: 6677.831135877407  loss: 0.2707 (0.2707)  time: 0.7685  data: 0.7300  max mem: 543
2023-03-01 21:04:09,242	INFO	torchdistill.misc.log	Epoch: [156] Total time: 0:00:05
2023-03-01 21:04:10,212	INFO	torchdistill.misc.log	Epoch: [157]  [ 0/98]  eta: 0:01:27  lr: 0.010978479633083526  img/s: 5297.301495836129  loss: 0.2097 (0.2097)  time: 0.8952  data: 0.8467  max mem: 543
2023-03-01 21:04:14,640	INFO	torchdistill.misc.log	Epoch: [157] Total time: 0:00:05
2023-03-01 21:04:15,308	INFO	torchdistill.misc.log	Epoch: [158]  [ 0/98]  eta: 0:00:56  lr: 0.010492249381215483  img/s: 5937.753750698158  loss: 0.2527 (0.2527)  time: 0.5730  data: 0.5296  max mem: 543
2023-03-01 21:04:20,201	INFO	torchdistill.misc.log	Epoch: [158] Total time: 0:00:05
2023-03-01 21:04:21,054	INFO	torchdistill.misc.log	Epoch: [159]  [ 0/98]  eta: 0:01:15  lr: 0.010015767075645474  img/s: 5638.926476766658  loss: 0.2124 (0.2124)  time: 0.7701  data: 0.7245  max mem: 543
2023-03-01 21:04:25,780	INFO	torchdistill.misc.log	Epoch: [159] Total time: 0:00:05
2023-03-01 21:04:26,360	INFO	torchdistill.misc.log	Validation:  [ 0/98]  eta: 0:00:55  acc1: 61.7188 (61.7188)  acc5: 86.7188 (86.7188)  time: 0.5708  data: 0.5598  max mem: 543
2023-03-01 21:04:28,894	INFO	torchdistill.misc.log	Validation: Total time: 0:00:03
2023-03-01 21:04:28,895	INFO	__main__	 * Acc@1 57.9480	Acc@5 84.8520

2023-03-01 21:04:28,896	INFO	__main__	Best top-1 accuracy: 57.6160 -> 57.9480
2023-03-01 21:04:28,897	INFO	__main__	Updating ckpt at ./resource/ckpt/cifar100/ce/cifar100-resnet20-teacher-equal_split.pt
2023-03-01 21:04:29,626	INFO	torchdistill.misc.log	Epoch: [160]  [ 0/98]  eta: 0:00:57  lr: 0.009549150281252637  img/s: 4190.048482010458  loss: 0.2547 (0.2547)  time: 0.5840  data: 0.5226  max mem: 543
2023-03-01 21:04:34,444	INFO	torchdistill.misc.log	Epoch: [160] Total time: 0:00:05
2023-03-01 21:04:35,084	INFO	torchdistill.misc.log	Epoch: [161]  [ 0/98]  eta: 0:00:52  lr: 0.00909251412874884  img/s: 7922.130665427153  loss: 0.2123 (0.2123)  time: 0.5377  data: 0.5051  max mem: 543
2023-03-01 21:04:40,001	INFO	torchdistill.misc.log	Epoch: [161] Total time: 0:00:05
2023-03-01 21:04:40,824	INFO	torchdistill.misc.log	Epoch: [162]  [ 0/98]  eta: 0:01:10  lr: 0.008645971286271918  img/s: 3890.6931519655623  loss: 0.2680 (0.2680)  time: 0.7172  data: 0.6512  max mem: 543
2023-03-01 21:04:45,547	INFO	torchdistill.misc.log	Epoch: [162] Total time: 0:00:05
2023-03-01 21:04:46,393	INFO	torchdistill.misc.log	Epoch: [163]  [ 0/98]  eta: 0:01:11  lr: 0.008209631931586501  img/s: 7954.998436770709  loss: 0.2109 (0.2109)  time: 0.7341  data: 0.7017  max mem: 543
2023-03-01 21:04:51,174	INFO	torchdistill.misc.log	Epoch: [163] Total time: 0:00:05
2023-03-01 21:04:51,832	INFO	torchdistill.misc.log	Epoch: [164]  [ 0/98]  eta: 0:00:57  lr: 0.0077836037248992605  img/s: 4307.804553569637  loss: 0.1941 (0.1941)  time: 0.5874  data: 0.5278  max mem: 543
2023-03-01 21:04:56,744	INFO	torchdistill.misc.log	Epoch: [164] Total time: 0:00:05
2023-03-01 21:04:57,518	INFO	torchdistill.misc.log	Epoch: [165]  [ 0/98]  eta: 0:01:07  lr: 0.0073679917822954055  img/s: 7996.230471920822  loss: 0.1731 (0.1731)  time: 0.6871  data: 0.6549  max mem: 543
2023-03-01 21:05:02,340	INFO	torchdistill.misc.log	Epoch: [165] Total time: 0:00:05
2023-03-01 21:05:03,249	INFO	torchdistill.misc.log	Epoch: [166]  [ 0/98]  eta: 0:01:15  lr: 0.006962898649802815  img/s: 5231.81858667953  loss: 0.1959 (0.1959)  time: 0.7711  data: 0.7219  max mem: 543
2023-03-01 21:05:07,952	INFO	torchdistill.misc.log	Epoch: [166] Total time: 0:00:05
2023-03-01 21:05:08,573	INFO	torchdistill.misc.log	Epoch: [167]  [ 0/98]  eta: 0:00:53  lr: 0.006568424278090438  img/s: 6337.377229534321  loss: 0.1900 (0.1900)  time: 0.5483  data: 0.5077  max mem: 543
2023-03-01 21:05:13,438	INFO	torchdistill.misc.log	Epoch: [167] Total time: 0:00:05
2023-03-01 21:05:14,329	INFO	torchdistill.misc.log	Epoch: [168]  [ 0/98]  eta: 0:01:17  lr: 0.006184665997806824  img/s: 5194.7624977624255  loss: 0.2089 (0.2089)  time: 0.7940  data: 0.7445  max mem: 543
2023-03-01 21:05:18,970	INFO	torchdistill.misc.log	Epoch: [168] Total time: 0:00:05
2023-03-01 21:05:19,925	INFO	torchdistill.misc.log	Epoch: [169]  [ 0/98]  eta: 0:01:26  lr: 0.00581171849556533  img/s: 6798.6312343685695  loss: 0.1525 (0.1525)  time: 0.8837  data: 0.8459  max mem: 543
2023-03-01 21:05:24,446	INFO	torchdistill.misc.log	Epoch: [169] Total time: 0:00:05
2023-03-01 21:05:25,031	INFO	torchdistill.misc.log	Validation:  [ 0/98]  eta: 0:00:55  acc1: 62.8906 (62.8906)  acc5: 86.3281 (86.3281)  time: 0.5712  data: 0.5601  max mem: 543
2023-03-01 21:05:27,569	INFO	torchdistill.misc.log	Validation: Total time: 0:00:03
2023-03-01 21:05:27,570	INFO	__main__	 * Acc@1 58.6640	Acc@5 85.0400

2023-03-01 21:05:27,570	INFO	__main__	Best top-1 accuracy: 57.9480 -> 58.6640
2023-03-01 21:05:27,571	INFO	__main__	Updating ckpt at ./resource/ckpt/cifar100/ce/cifar100-resnet20-teacher-equal_split.pt
2023-03-01 21:05:28,459	INFO	torchdistill.misc.log	Epoch: [170]  [ 0/98]  eta: 0:01:17  lr: 0.0054496737905816136  img/s: 5504.787466163563  loss: 0.1766 (0.1766)  time: 0.7900  data: 0.7433  max mem: 543
2023-03-01 21:05:33,002	INFO	torchdistill.misc.log	Epoch: [170] Total time: 0:00:05
2023-03-01 21:05:33,932	INFO	torchdistill.misc.log	Epoch: [171]  [ 0/98]  eta: 0:01:23  lr: 0.005098621211969226  img/s: 4126.792257905822  loss: 0.1878 (0.1878)  time: 0.8560  data: 0.7937  max mem: 543
2023-03-01 21:05:38,562	INFO	torchdistill.misc.log	Epoch: [171] Total time: 0:00:05
2023-03-01 21:05:39,243	INFO	torchdistill.misc.log	Epoch: [172]  [ 0/98]  eta: 0:00:57  lr: 0.004758647376699035  img/s: 7937.943652184199  loss: 0.2465 (0.2465)  time: 0.5823  data: 0.5498  max mem: 543
2023-03-01 21:05:44,093	INFO	torchdistill.misc.log	Epoch: [172] Total time: 0:00:05
2023-03-01 21:05:45,133	INFO	torchdistill.misc.log	Epoch: [173]  [ 0/98]  eta: 0:01:25  lr: 0.00442983616822775  img/s: 5928.803153954038  loss: 0.1720 (0.1720)  time: 0.8762  data: 0.8328  max mem: 543
2023-03-01 21:05:49,793	INFO	torchdistill.misc.log	Epoch: [173] Total time: 0:00:05
2023-03-01 21:05:50,614	INFO	torchdistill.misc.log	Epoch: [174]  [ 0/98]  eta: 0:01:09  lr: 0.004112268715800957  img/s: 6019.002107717835  loss: 0.2005 (0.2005)  time: 0.7056  data: 0.6629  max mem: 543
2023-03-01 21:05:55,424	INFO	torchdistill.misc.log	Epoch: [174] Total time: 0:00:05
2023-03-01 21:05:56,124	INFO	torchdistill.misc.log	Epoch: [175]  [ 0/98]  eta: 0:01:00  lr: 0.003806023374435677  img/s: 6238.731408584095  loss: 0.2107 (0.2107)  time: 0.6125  data: 0.5712  max mem: 543
2023-03-01 21:06:01,047	INFO	torchdistill.misc.log	Epoch: [175] Total time: 0:00:05
2023-03-01 21:06:01,919	INFO	torchdistill.misc.log	Epoch: [176]  [ 0/98]  eta: 0:01:12  lr: 0.003511175705587435  img/s: 4279.663220324121  loss: 0.1981 (0.1981)  time: 0.7409  data: 0.6809  max mem: 543
2023-03-01 21:06:06,547	INFO	torchdistill.misc.log	Epoch: [176] Total time: 0:00:05
2023-03-01 21:06:07,268	INFO	torchdistill.misc.log	Epoch: [177]  [ 0/98]  eta: 0:00:56  lr: 0.0032277984585066333  img/s: 7807.044199658269  loss: 0.1220 (0.1220)  time: 0.5803  data: 0.5473  max mem: 543
2023-03-01 21:06:12,091	INFO	torchdistill.misc.log	Epoch: [177] Total time: 0:00:05
2023-03-01 21:06:12,731	INFO	torchdistill.misc.log	Epoch: [178]  [ 0/98]  eta: 0:00:54  lr: 0.002955961552288729  img/s: 6407.529906012233  loss: 0.1715 (0.1715)  time: 0.5512  data: 0.5111  max mem: 543
2023-03-01 21:06:17,557	INFO	torchdistill.misc.log	Epoch: [178] Total time: 0:00:05
2023-03-01 21:06:18,485	INFO	torchdistill.misc.log	Epoch: [179]  [ 0/98]  eta: 0:01:23  lr: 0.0026957320586227366  img/s: 5232.736463008719  loss: 0.1230 (0.1230)  time: 0.8552  data: 0.8061  max mem: 543
2023-03-01 21:06:23,082	INFO	torchdistill.misc.log	Epoch: [179] Total time: 0:00:05
2023-03-01 21:06:23,531	INFO	torchdistill.misc.log	Validation:  [ 0/98]  eta: 0:00:43  acc1: 64.8438 (64.8438)  acc5: 86.3281 (86.3281)  time: 0.4407  data: 0.4294  max mem: 543
2023-03-01 21:06:26,171	INFO	torchdistill.misc.log	Validation: Total time: 0:00:03
2023-03-01 21:06:26,173	INFO	__main__	 * Acc@1 59.2000	Acc@5 85.3880

2023-03-01 21:06:26,173	INFO	__main__	Best top-1 accuracy: 58.6640 -> 59.2000
2023-03-01 21:06:26,174	INFO	__main__	Updating ckpt at ./resource/ckpt/cifar100/ce/cifar100-resnet20-teacher-equal_split.pt
2023-03-01 21:06:26,972	INFO	torchdistill.misc.log	Epoch: [180]  [ 0/98]  eta: 0:01:09  lr: 0.002447174185242325  img/s: 6168.023253409313  loss: 0.1980 (0.1980)  time: 0.7122  data: 0.6705  max mem: 543
2023-03-01 21:06:31,609	INFO	torchdistill.misc.log	Epoch: [180] Total time: 0:00:05
2023-03-01 21:06:32,281	INFO	torchdistill.misc.log	Epoch: [181]  [ 0/98]  eta: 0:00:53  lr: 0.0022103492600834954  img/s: 7923.007511695518  loss: 0.1187 (0.1187)  time: 0.5458  data: 0.5132  max mem: 543
2023-03-01 21:06:37,033	INFO	torchdistill.misc.log	Epoch: [181] Total time: 0:00:05
2023-03-01 21:06:37,870	INFO	torchdistill.misc.log	Epoch: [182]  [ 0/98]  eta: 0:01:11  lr: 0.0019853157161528537  img/s: 5442.8957896124175  loss: 0.1809 (0.1809)  time: 0.7295  data: 0.6822  max mem: 543
2023-03-01 21:06:42,527	INFO	torchdistill.misc.log	Epoch: [182] Total time: 0:00:05
2023-03-01 21:06:43,190	INFO	torchdistill.misc.log	Epoch: [183]  [ 0/98]  eta: 0:00:54  lr: 0.001772129077110103  img/s: 5296.804992230472  loss: 0.1486 (0.1486)  time: 0.5608  data: 0.5122  max mem: 543
2023-03-01 21:06:48,065	INFO	torchdistill.misc.log	Epoch: [183] Total time: 0:00:05
2023-03-01 21:06:48,989	INFO	torchdistill.misc.log	Epoch: [184]  [ 0/98]  eta: 0:01:20  lr: 0.0015708419435684529  img/s: 5900.490858634428  loss: 0.2129 (0.2129)  time: 0.8261  data: 0.7825  max mem: 543
2023-03-01 21:06:53,533	INFO	torchdistill.misc.log	Epoch: [184] Total time: 0:00:05
2023-03-01 21:06:54,290	INFO	torchdistill.misc.log	Epoch: [185]  [ 0/98]  eta: 0:01:05  lr: 0.0013815039801161732  img/s: 5640.229781690585  loss: 0.1598 (0.1598)  time: 0.6641  data: 0.6185  max mem: 543
2023-03-01 21:06:59,209	INFO	torchdistill.misc.log	Epoch: [185] Total time: 0:00:05
2023-03-01 21:07:00,056	INFO	torchdistill.misc.log	Epoch: [186]  [ 0/98]  eta: 0:01:15  lr: 0.0012041619030626347  img/s: 6835.7673243059135  loss: 0.1459 (0.1459)  time: 0.7700  data: 0.7323  max mem: 543
2023-03-01 21:07:04,660	INFO	torchdistill.misc.log	Epoch: [186] Total time: 0:00:05
2023-03-01 21:07:05,525	INFO	torchdistill.misc.log	Epoch: [187]  [ 0/98]  eta: 0:01:17  lr: 0.0010388594689117077  img/s: 6023.29018034948  loss: 0.1536 (0.1536)  time: 0.7919  data: 0.7492  max mem: 543
2023-03-01 21:07:10,213	INFO	torchdistill.misc.log	Epoch: [187] Total time: 0:00:05
2023-03-01 21:07:11,114	INFO	torchdistill.misc.log	Epoch: [188]  [ 0/98]  eta: 0:01:15  lr: 0.0008856374635655645  img/s: 4434.018103733069  loss: 0.1648 (0.1648)  time: 0.7692  data: 0.7113  max mem: 543
2023-03-01 21:07:15,807	INFO	torchdistill.misc.log	Epoch: [188] Total time: 0:00:05
2023-03-01 21:07:16,452	INFO	torchdistill.misc.log	Epoch: [189]  [ 0/98]  eta: 0:00:52  lr: 0.000744533692261307  img/s: 6510.524993330261  loss: 0.1635 (0.1635)  time: 0.5355  data: 0.4959  max mem: 543
2023-03-01 21:07:21,386	INFO	torchdistill.misc.log	Epoch: [189] Total time: 0:00:05
2023-03-01 21:07:21,948	INFO	torchdistill.misc.log	Validation:  [ 0/98]  eta: 0:00:53  acc1: 63.6719 (63.6719)  acc5: 87.1094 (87.1094)  time: 0.5462  data: 0.5350  max mem: 543
2023-03-01 21:07:24,490	INFO	torchdistill.misc.log	Validation: Total time: 0:00:03
2023-03-01 21:07:24,491	INFO	__main__	 * Acc@1 59.4040	Acc@5 85.5120

2023-03-01 21:07:24,492	INFO	__main__	Best top-1 accuracy: 59.2000 -> 59.4040
2023-03-01 21:07:24,492	INFO	__main__	Updating ckpt at ./resource/ckpt/cifar100/ce/cifar100-resnet20-teacher-equal_split.pt
2023-03-01 21:07:25,337	INFO	torchdistill.misc.log	Epoch: [190]  [ 0/98]  eta: 0:01:14  lr: 0.0006155829702431174  img/s: 5714.705994432942  loss: 0.1143 (0.1143)  time: 0.7648  data: 0.7198  max mem: 543
2023-03-01 21:07:30,042	INFO	torchdistill.misc.log	Epoch: [190] Total time: 0:00:05
2023-03-01 21:07:30,748	INFO	torchdistill.misc.log	Epoch: [191]  [ 0/98]  eta: 0:01:00  lr: 0.0004988171141721235  img/s: 6159.849374401221  loss: 0.1658 (0.1658)  time: 0.6177  data: 0.5759  max mem: 543
2023-03-01 21:07:35,631	INFO	torchdistill.misc.log	Epoch: [191] Total time: 0:00:05
2023-03-01 21:07:36,464	INFO	torchdistill.misc.log	Epoch: [192]  [ 0/98]  eta: 0:01:11  lr: 0.00039426493427611206  img/s: 6434.292261412529  loss: 0.1536 (0.1536)  time: 0.7268  data: 0.6868  max mem: 543
2023-03-01 21:07:41,122	INFO	torchdistill.misc.log	Epoch: [192] Total time: 0:00:05
2023-03-01 21:07:41,804	INFO	torchdistill.misc.log	Epoch: [193]  [ 0/98]  eta: 0:00:54  lr: 0.00030195222724102046  img/s: 5072.979764621396  loss: 0.1466 (0.1466)  time: 0.5520  data: 0.5014  max mem: 543
2023-03-01 21:07:46,688	INFO	torchdistill.misc.log	Epoch: [193] Total time: 0:00:05
2023-03-01 21:07:47,407	INFO	torchdistill.misc.log	Epoch: [194]  [ 0/98]  eta: 0:00:58  lr: 0.00022190176984600036  img/s: 5722.19789496123  loss: 0.1653 (0.1653)  time: 0.5992  data: 0.5543  max mem: 543
2023-03-01 21:07:52,231	INFO	torchdistill.misc.log	Epoch: [194] Total time: 0:00:05
2023-03-01 21:07:53,038	INFO	torchdistill.misc.log	Epoch: [195]  [ 0/98]  eta: 0:01:09  lr: 0.00015413331334360192  img/s: 7728.875977138909  loss: 0.1402 (0.1402)  time: 0.7059  data: 0.6726  max mem: 543
2023-03-01 21:07:57,819	INFO	torchdistill.misc.log	Epoch: [195] Total time: 0:00:05
2023-03-01 21:07:58,588	INFO	torchdistill.misc.log	Epoch: [196]  [ 0/98]  eta: 0:01:07  lr: 9.866357858642213e-05  img/s: 5477.715661667176  loss: 0.1852 (0.1852)  time: 0.6890  data: 0.6421  max mem: 543
2023-03-01 21:08:03,429	INFO	torchdistill.misc.log	Epoch: [196] Total time: 0:00:05
2023-03-01 21:08:04,113	INFO	torchdistill.misc.log	Epoch: [197]  [ 0/98]  eta: 0:00:57  lr: 5.5506251901504864e-05  img/s: 5055.733912167284  loss: 0.1277 (0.1277)  time: 0.5886  data: 0.5377  max mem: 543
2023-03-01 21:08:09,114	INFO	torchdistill.misc.log	Epoch: [197] Total time: 0:00:05
2023-03-01 21:08:10,091	INFO	torchdistill.misc.log	Epoch: [198]  [ 0/98]  eta: 0:01:28  lr: 2.4671981713420017e-05  img/s: 5795.5827688388235  loss: 0.1580 (0.1580)  time: 0.8998  data: 0.8554  max mem: 543
2023-03-01 21:08:14,562	INFO	torchdistill.misc.log	Epoch: [198] Total time: 0:00:05
2023-03-01 21:08:15,451	INFO	torchdistill.misc.log	Epoch: [199]  [ 0/98]  eta: 0:01:19  lr: 6.168375916970619e-06  img/s: 7210.143794360769  loss: 0.1539 (0.1539)  time: 0.8081  data: 0.7724  max mem: 543
2023-03-01 21:08:20,164	INFO	torchdistill.misc.log	Epoch: [199] Total time: 0:00:05
2023-03-01 21:08:20,719	INFO	torchdistill.misc.log	Validation:  [ 0/98]  eta: 0:00:53  acc1: 63.6719 (63.6719)  acc5: 85.5469 (85.5469)  time: 0.5432  data: 0.5323  max mem: 543
2023-03-01 21:08:23,255	INFO	torchdistill.misc.log	Validation: Total time: 0:00:03
2023-03-01 21:08:23,256	INFO	__main__	 * Acc@1 59.4280	Acc@5 85.4160

2023-03-01 21:08:23,257	INFO	__main__	Best top-1 accuracy: 59.4040 -> 59.4280
2023-03-01 21:08:23,257	INFO	__main__	Updating ckpt at ./resource/ckpt/cifar100/ce/cifar100-resnet20-teacher-equal_split.pt
2023-03-01 21:08:23,368	INFO	__main__	Training time 0:19:49
2023-03-01 21:08:23,479	INFO	torchdistill.common.main_util	Loading model parameters
2023-03-01 21:08:23,494	INFO	__main__	[Student: resnet20]
2023-03-01 21:08:24,177	INFO	torchdistill.misc.log	Test:  [    0/10000]  eta: 1:53:40  acc1: 100.0000 (100.0000)  acc5: 100.0000 (100.0000)  time: 0.6821  data: 0.6091  max mem: 543
2023-03-01 21:08:30,399	INFO	torchdistill.misc.log	Test:  [ 1000/10000]  eta: 0:01:02  acc1: 100.0000 (58.0420)  acc5: 100.0000 (85.8142)  time: 0.0068  data: 0.0003  max mem: 543
2023-03-01 21:08:36,406	INFO	torchdistill.misc.log	Test:  [ 2000/10000]  eta: 0:00:51  acc1: 100.0000 (58.0710)  acc5: 100.0000 (85.5572)  time: 0.0061  data: 0.0002  max mem: 543
2023-03-01 21:08:42,438	INFO	torchdistill.misc.log	Test:  [ 3000/10000]  eta: 0:00:44  acc1: 100.0000 (59.1803)  acc5: 100.0000 (85.4715)  time: 0.0059  data: 0.0002  max mem: 543
2023-03-01 21:08:48,564	INFO	torchdistill.misc.log	Test:  [ 4000/10000]  eta: 0:00:37  acc1: 100.0000 (59.1102)  acc5: 100.0000 (85.0037)  time: 0.0061  data: 0.0003  max mem: 543
2023-03-01 21:08:54,754	INFO	torchdistill.misc.log	Test:  [ 5000/10000]  eta: 0:00:31  acc1: 0.0000 (59.2681)  acc5: 100.0000 (85.3229)  time: 0.0063  data: 0.0003  max mem: 543
2023-03-01 21:09:00,826	INFO	torchdistill.misc.log	Test:  [ 6000/10000]  eta: 0:00:24  acc1: 0.0000 (59.3734)  acc5: 100.0000 (85.0525)  time: 0.0061  data: 0.0002  max mem: 543
2023-03-01 21:09:06,859	INFO	torchdistill.misc.log	Test:  [ 7000/10000]  eta: 0:00:18  acc1: 100.0000 (59.8200)  acc5: 100.0000 (85.3307)  time: 0.0066  data: 0.0003  max mem: 543
2023-03-01 21:09:12,827	INFO	torchdistill.misc.log	Test:  [ 8000/10000]  eta: 0:00:12  acc1: 100.0000 (59.9175)  acc5: 100.0000 (85.2893)  time: 0.0061  data: 0.0002  max mem: 543
2023-03-01 21:09:18,910	INFO	torchdistill.misc.log	Test:  [ 9000/10000]  eta: 0:00:06  acc1: 100.0000 (60.0378)  acc5: 100.0000 (85.1239)  time: 0.0061  data: 0.0003  max mem: 543
2023-03-01 21:09:25,219	INFO	torchdistill.misc.log	Test: Total time: 0:01:01
2023-03-01 21:09:25,221	INFO	__main__	 * Acc@1 60.1200	Acc@5 85.1700

